[06-Apr-2018 00:51:24 America/Chicago] PHP Parse error:  syntax error, unexpected '?' in /home1/sast/public_html/test/vendor/laravel/framework/src/Illuminate/Foundation/helpers.php on line 233
[06-Apr-2018 00:52:02 America/Chicago] PHP Parse error:  syntax error, unexpected '?' in /home1/sast/public_html/test/vendor/laravel/framework/src/Illuminate/Foundation/helpers.php on line 233
[06-Apr-2018 00:52:13 America/Chicago] PHP Parse error:  syntax error, unexpected '?' in /home1/sast/public_html/test/vendor/laravel/framework/src/Illuminate/Foundation/helpers.php on line 233
[06-Apr-2018 01:37:16 America/Chicago] PHP Parse error:  syntax error, unexpected '?' in /home1/sast/public_html/test/vendor/laravel/framework/src/Illuminate/Foundation/helpers.php on line 233
[06-Apr-2018 02:12:26 America/Chicago] PHP Parse error:  syntax error, unexpected '?' in /home1/sast/public_html/test/vendor/laravel/framework/src/Illuminate/Foundation/helpers.php on line 233
[06-Apr-2018 02:12:30 America/Chicago] PHP Parse error:  syntax error, unexpected '?' in /home1/sast/public_html/test/vendor/laravel/framework/src/Illuminate/Foundation/helpers.php on line 233
[06-Apr-2018 02:32:45 America/Chicago] PHP Parse error:  syntax error, unexpected '?' in /home1/sast/public_html/test/vendor/laravel/framework/src/Illuminate/Foundation/helpers.php on line 233
[06-Apr-2018 02:49:19 America/Chicago] PHP Parse error:  syntax error, unexpected '?' in /home1/sast/public_html/test/vendor/laravel/framework/src/Illuminate/Foundation/helpers.php on line 233
[06-Apr-2018 03:19:32 America/Chicago] PHP Parse error:  syntax error, unexpected '?' in /home1/sast/public_html/test/vendor/laravel/framework/src/Illuminate/Foundation/helpers.php on line 233
[06-Apr-2018 03:19:34 America/Chicago] PHP Parse error:  syntax error, unexpected '?' in /home1/sast/public_html/test/vendor/laravel/framework/src/Illuminate/Foundation/helpers.php on line 233
[06-Apr-2018 03:38:57 America/Chicago] PHP Parse error:  syntax error, unexpected '?' in /home1/sast/public_html/test/vendor/laravel/framework/src/Illuminate/Foundation/helpers.php on line 233
[06-Apr-2018 03:41:26 America/Chicago] PHP Parse error:  syntax error, unexpected '?' in /home1/sast/public_html/test/vendor/laravel/framework/src/Illuminate/Foundation/helpers.php on line 233
[07-Apr-2018 08:39:24 UTC] PHP Fatal error:  Declaration of Clickatell\Api\ClickatellHttp::sendMessage($to, $message, $extra = Array) must be compatible with Clickatell\TransportInterface::sendMessage($to, $message, $sender_id, $extra = Array) in /home1/sast/public_html/test/vendor/arcturial/clickatell/src/Api/ClickatellHttp.php on line 28
[07-Apr-2018 08:39:44 UTC] PHP Fatal error:  Declaration of Clickatell\Api\ClickatellHttp::sendMessage($to, $message, $extra = Array) must be compatible with Clickatell\TransportInterface::sendMessage($to, $message, $sender_id, $extra = Array) in /home1/sast/public_html/test/vendor/arcturial/clickatell/src/Api/ClickatellHttp.php on line 28
[07-Apr-2018 12:29:17 UTC] PHP Fatal error:  Uncaught ReflectionException: Class view does not exist in /home1/sast/public_html/test/vendor/laravel/framework/src/Illuminate/Container/Container.php:752
Stack trace:
#0 /home1/sast/public_html/test/vendor/laravel/framework/src/Illuminate/Container/Container.php(752): ReflectionClass->__construct('view')
#1 /home1/sast/public_html/test/vendor/laravel/framework/src/Illuminate/Container/Container.php(631): Illuminate\Container\Container->build('view')
#2 /home1/sast/public_html/test/vendor/laravel/framework/src/Illuminate/Container/Container.php(586): Illuminate\Container\Container->resolve('view', Array)
#3 /home1/sast/public_html/test/vendor/laravel/framework/src/Illuminate/Foundation/Application.php(732): Illuminate\Container\Container->make('view', Array)
#4 /home1/sast/public_html/test/vendor/laravel/framework/src/Illuminate/Foundation/helpers.php(110): Illuminate\Foundation\Application->make('view', Array)
#5 /home1/sast/public_html/test/vendor/laravel/framework/src/Illuminate/Foundation/helpers.php(971 in /home1/sast/public_html/test/vendor/laravel/framework/src/Illuminate/Container/Container.php on line 752
[07-Apr-2018 12:29:17 UTC] PHP Fatal error:  Uncaught ReflectionException: Class view does not exist in /home1/sast/public_html/test/vendor/laravel/framework/src/Illuminate/Container/Container.php:752
Stack trace:
#0 /home1/sast/public_html/test/vendor/laravel/framework/src/Illuminate/Container/Container.php(752): ReflectionClass->__construct('view')
#1 /home1/sast/public_html/test/vendor/laravel/framework/src/Illuminate/Container/Container.php(631): Illuminate\Container\Container->build('view')
#2 /home1/sast/public_html/test/vendor/laravel/framework/src/Illuminate/Container/Container.php(586): Illuminate\Container\Container->resolve('view', Array)
#3 /home1/sast/public_html/test/vendor/laravel/framework/src/Illuminate/Foundation/Application.php(732): Illuminate\Container\Container->make('view', Array)
#4 /home1/sast/public_html/test/vendor/laravel/framework/src/Illuminate/Foundation/helpers.php(110): Illuminate\Foundation\Application->make('view', Array)
#5 /home1/sast/public_html/test/vendor/laravel/framework/src/Illuminate/Foundation/helpers.php(971 in /home1/sast/public_html/test/vendor/laravel/framework/src/Illuminate/Container/Container.php on line 752
[07-Apr-2018 08:12:46 America/Chicago] PHP Warning:  require(/home1/sast/public_html/test/vendor/autoload.php): failed to open stream: No such file or directory in /home1/sast/public_html/test/index.php on line 24
[07-Apr-2018 08:12:46 America/Chicago] PHP Warning:  require(/home1/sast/public_html/test/vendor/autoload.php): failed to open stream: No such file or directory in /home1/sast/public_html/test/index.php on line 24
[07-Apr-2018 08:12:46 America/Chicago] PHP Fatal error:  require(): Failed opening required '/home1/sast/public_html/test/vendor/autoload.php' (include_path='.:/opt/php71/lib/php') in /home1/sast/public_html/test/index.php on line 24
[07-Apr-2018 08:12:55 America/Chicago] PHP Warning:  require(/home1/sast/public_html/test/vendor/autoload.php): failed to open stream: No such file or directory in /home1/sast/public_html/test/index.php on line 24
[07-Apr-2018 08:12:55 America/Chicago] PHP Warning:  require(/home1/sast/public_html/test/vendor/autoload.php): failed to open stream: No such file or directory in /home1/sast/public_html/test/index.php on line 24
[07-Apr-2018 08:12:55 America/Chicago] PHP Fatal error:  require(): Failed opening required '/home1/sast/public_html/test/vendor/autoload.php' (include_path='.:/opt/php71/lib/php') in /home1/sast/public_html/test/index.php on line 24
[07-Apr-2018 08:13:01 America/Chicago] PHP Warning:  require(/home1/sast/public_html/test/vendor/composer/../symfony/polyfill-mbstring/bootstrap.php): failed to open stream: No such file or directory in /home1/sast/public_html/test/vendor/composer/autoload_real.php on line 66
[07-Apr-2018 08:13:01 America/Chicago] PHP Warning:  require(/home1/sast/public_html/test/vendor/composer/../symfony/polyfill-mbstring/bootstrap.php): failed to open stream: No such file or directory in /home1/sast/public_html/test/vendor/composer/autoload_real.php on line 66
[07-Apr-2018 08:13:01 America/Chicago] PHP Fatal error:  require(): Failed opening required '/home1/sast/public_html/test/vendor/composer/../symfony/polyfill-mbstring/bootstrap.php' (include_path='.:/opt/php71/lib/php') in /home1/sast/public_html/test/vendor/composer/autoload_real.php on line 66
[10-Apr-2018 11:22:15 America/Chicago] PHP Warning:  include(/home1/sast/public_html/vendor/composer/../../app/Http/Kernel.php): failed to open stream: No such file or directory in /home1/sast/public_html/vendor/composer/ClassLoader.php on line 412
[10-Apr-2018 11:22:15 America/Chicago] PHP Warning:  include(/home1/sast/public_html/vendor/composer/../../app/Http/Kernel.php): failed to open stream: No such file or directory in /home1/sast/public_html/vendor/composer/ClassLoader.php on line 412
[10-Apr-2018 11:22:15 America/Chicago] PHP Warning:  include(): Failed opening '/home1/sast/public_html/vendor/composer/../../app/Http/Kernel.php' for inclusion (include_path='.:/opt/php71/lib/php') in /home1/sast/public_html/vendor/composer/ClassLoader.php on line 412
[10-Apr-2018 11:22:15 America/Chicago] PHP Fatal error:  Uncaught ReflectionException: Class App\Http\Kernel does not exist in /home1/sast/public_html/vendor/laravel/framework/src/Illuminate/Container/Container.php:752
Stack trace:
#0 /home1/sast/public_html/vendor/laravel/framework/src/Illuminate/Container/Container.php(752): ReflectionClass->__construct('App\\Http\\Kernel')
#1 /home1/sast/public_html/vendor/laravel/framework/src/Illuminate/Container/Container.php(631): Illuminate\Container\Container->build('App\\Http\\Kernel')
#2 /home1/sast/public_html/vendor/laravel/framework/src/Illuminate/Container/Container.php(586): Illuminate\Container\Container->resolve('App\\Http\\Kernel', Array)
#3 /home1/sast/public_html/vendor/laravel/framework/src/Illuminate/Foundation/Application.php(732): Illuminate\Container\Container->make('App\\Http\\Kernel', Array)
#4 /home1/sast/public_html/vendor/laravel/framework/src/Illuminate/Container/Container.php(256): Illuminate\Foundation\Application->make('App\\Http\\Kernel', Array)
#5 /home1/sast/public_html/vendor/laravel/framework in /home1/sast/public_html/vendor/laravel/framework/src/Illuminate/Container/Container.php on line 752
[10-Apr-2018 11:22:21 America/Chicago] PHP Warning:  include(/home1/sast/public_html/vendor/composer/../../app/Http/Kernel.php): failed to open stream: No such file or directory in /home1/sast/public_html/vendor/composer/ClassLoader.php on line 412
[10-Apr-2018 11:22:21 America/Chicago] PHP Warning:  include(/home1/sast/public_html/vendor/composer/../../app/Http/Kernel.php): failed to open stream: No such file or directory in /home1/sast/public_html/vendor/composer/ClassLoader.php on line 412
[10-Apr-2018 11:22:21 America/Chicago] PHP Warning:  include(): Failed opening '/home1/sast/public_html/vendor/composer/../../app/Http/Kernel.php' for inclusion (include_path='.:/opt/php71/lib/php') in /home1/sast/public_html/vendor/composer/ClassLoader.php on line 412
[10-Apr-2018 11:22:21 America/Chicago] PHP Fatal error:  Uncaught ReflectionException: Class App\Http\Kernel does not exist in /home1/sast/public_html/vendor/laravel/framework/src/Illuminate/Container/Container.php:752
Stack trace:
#0 /home1/sast/public_html/vendor/laravel/framework/src/Illuminate/Container/Container.php(752): ReflectionClass->__construct('App\\Http\\Kernel')
#1 /home1/sast/public_html/vendor/laravel/framework/src/Illuminate/Container/Container.php(631): Illuminate\Container\Container->build('App\\Http\\Kernel')
#2 /home1/sast/public_html/vendor/laravel/framework/src/Illuminate/Container/Container.php(586): Illuminate\Container\Container->resolve('App\\Http\\Kernel', Array)
#3 /home1/sast/public_html/vendor/laravel/framework/src/Illuminate/Foundation/Application.php(732): Illuminate\Container\Container->make('App\\Http\\Kernel', Array)
#4 /home1/sast/public_html/vendor/laravel/framework/src/Illuminate/Container/Container.php(256): Illuminate\Foundation\Application->make('App\\Http\\Kernel', Array)
#5 /home1/sast/public_html/vendor/laravel/framework in /home1/sast/public_html/vendor/laravel/framework/src/Illuminate/Container/Container.php on line 752
[10-Apr-2018 11:22:23 America/Chicago] PHP Warning:  include(/home1/sast/public_html/vendor/composer/../../app/Http/Kernel.php): failed to open stream: No such file or directory in /home1/sast/public_html/vendor/composer/ClassLoader.php on line 412
[10-Apr-2018 11:22:23 America/Chicago] PHP Warning:  include(/home1/sast/public_html/vendor/composer/../../app/Http/Kernel.php): failed to open stream: No such file or directory in /home1/sast/public_html/vendor/composer/ClassLoader.php on line 412
[10-Apr-2018 11:22:23 America/Chicago] PHP Warning:  include(): Failed opening '/home1/sast/public_html/vendor/composer/../../app/Http/Kernel.php' for inclusion (include_path='.:/opt/php71/lib/php') in /home1/sast/public_html/vendor/composer/ClassLoader.php on line 412
[10-Apr-2018 11:22:23 America/Chicago] PHP Fatal error:  Uncaught ReflectionException: Class App\Http\Kernel does not exist in /home1/sast/public_html/vendor/laravel/framework/src/Illuminate/Container/Container.php:752
Stack trace:
#0 /home1/sast/public_html/vendor/laravel/framework/src/Illuminate/Container/Container.php(752): ReflectionClass->__construct('App\\Http\\Kernel')
#1 /home1/sast/public_html/vendor/laravel/framework/src/Illuminate/Container/Container.php(631): Illuminate\Container\Container->build('App\\Http\\Kernel')
#2 /home1/sast/public_html/vendor/laravel/framework/src/Illuminate/Container/Container.php(586): Illuminate\Container\Container->resolve('App\\Http\\Kernel', Array)
#3 /home1/sast/public_html/vendor/laravel/framework/src/Illuminate/Foundation/Application.php(732): Illuminate\Container\Container->make('App\\Http\\Kernel', Array)
#4 /home1/sast/public_html/vendor/laravel/framework/src/Illuminate/Container/Container.php(256): Illuminate\Foundation\Application->make('App\\Http\\Kernel', Array)
#5 /home1/sast/public_html/vendor/laravel/framework in /home1/sast/public_html/vendor/laravel/framework/src/Illuminate/Container/Container.php on line 752
[12-Apr-2018 09:12:32 America/Chicago] PHP Warning:  require(/home1/sast/public_html/vendor/autoload.php): failed to open stream: No such file or directory in /home1/sast/public_html/index.php on line 24
[12-Apr-2018 09:12:32 America/Chicago] PHP Warning:  require(/home1/sast/public_html/vendor/autoload.php): failed to open stream: No such file or directory in /home1/sast/public_html/index.php on line 24
[12-Apr-2018 09:12:32 America/Chicago] PHP Fatal error:  require(): Failed opening required '/home1/sast/public_html/vendor/autoload.php' (include_path='.:/opt/php71/lib/php') in /home1/sast/public_html/index.php on line 24
[12-Apr-2018 09:12:39 America/Chicago] PHP Warning:  require(/home1/sast/public_html/vendor/composer/../symfony/polyfill-mbstring/bootstrap.php): failed to open stream: No such file or directory in /home1/sast/public_html/vendor/composer/autoload_real.php on line 66
[12-Apr-2018 09:12:39 America/Chicago] PHP Warning:  require(/home1/sast/public_html/vendor/composer/../symfony/polyfill-mbstring/bootstrap.php): failed to open stream: No such file or directory in /home1/sast/public_html/vendor/composer/autoload_real.php on line 66
[12-Apr-2018 09:12:39 America/Chicago] PHP Fatal error:  require(): Failed opening required '/home1/sast/public_html/vendor/composer/../symfony/polyfill-mbstring/bootstrap.php' (include_path='.:/opt/php71/lib/php') in /home1/sast/public_html/vendor/composer/autoload_real.php on line 66
[12-Apr-2018 09:12:39 America/Chicago] PHP Warning:  require(/home1/sast/public_html/vendor/composer/../symfony/polyfill-mbstring/bootstrap.php): failed to open stream: No such file or directory in /home1/sast/public_html/vendor/composer/autoload_real.php on line 66
[12-Apr-2018 09:12:39 America/Chicago] PHP Warning:  require(/home1/sast/public_html/vendor/composer/../symfony/polyfill-mbstring/bootstrap.php): failed to open stream: No such file or directory in /home1/sast/public_html/vendor/composer/autoload_real.php on line 66
[12-Apr-2018 09:12:39 America/Chicago] PHP Fatal error:  require(): Failed opening required '/home1/sast/public_html/vendor/composer/../symfony/polyfill-mbstring/bootstrap.php' (include_path='.:/opt/php71/lib/php') in /home1/sast/public_html/vendor/composer/autoload_real.php on line 66
[30-Apr-2018 21:01:58 UTC] PHP Fatal error:  Allowed memory size of 268435456 bytes exhausted (tried to allocate 20480 bytes) in /home1/sast/public_html/vendor/laravel/framework/src/Illuminate/Database/Connectors/Connector.php on line 67
[30-Apr-2018 21:01:58 UTC] PHP Fatal error:  Allowed memory size of 268435456 bytes exhausted (tried to allocate 20480 bytes) in /home1/sast/public_html/vendor/laravel/framework/src/Illuminate/Foundation/Bootstrap/HandleExceptions.php on line 122
[30-Apr-2018 21:02:01 UTC] PHP Fatal error:  Allowed memory size of 268435456 bytes exhausted (tried to allocate 20480 bytes) in /home1/sast/public_html/vendor/laravel/framework/src/Illuminate/Database/Connectors/Connector.php on line 67
[30-Apr-2018 21:02:01 UTC] PHP Fatal error:  Allowed memory size of 268435456 bytes exhausted (tried to allocate 20480 bytes) in /home1/sast/public_html/vendor/laravel/framework/src/Illuminate/Foundation/Bootstrap/HandleExceptions.php on line 122
[30-Apr-2018 21:02:18 UTC] PHP Fatal error:  Allowed memory size of 268435456 bytes exhausted (tried to allocate 20480 bytes) in /home1/sast/public_html/vendor/laravel/framework/src/Illuminate/Database/Connectors/Connector.php on line 67
[30-Apr-2018 21:02:18 UTC] PHP Fatal error:  Allowed memory size of 268435456 bytes exhausted (tried to allocate 20480 bytes) in /home1/sast/public_html/vendor/laravel/framework/src/Illuminate/Foundation/Bootstrap/HandleExceptions.php on line 122
[30-Apr-2018 21:02:20 UTC] PHP Fatal error:  Allowed memory size of 268435456 bytes exhausted (tried to allocate 20480 bytes) in /home1/sast/public_html/vendor/laravel/framework/src/Illuminate/Database/Connectors/Connector.php on line 67
[30-Apr-2018 21:02:20 UTC] PHP Fatal error:  Allowed memory size of 268435456 bytes exhausted (tried to allocate 20480 bytes) in /home1/sast/public_html/vendor/laravel/framework/src/Illuminate/Foundation/Bootstrap/HandleExceptions.php on line 122
[30-Apr-2018 21:02:22 UTC] PHP Fatal error:  Allowed memory size of 268435456 bytes exhausted (tried to allocate 20480 bytes) in /home1/sast/public_html/vendor/laravel/framework/src/Illuminate/Database/Connectors/Connector.php on line 67
[30-Apr-2018 21:02:22 UTC] PHP Fatal error:  Allowed memory size of 268435456 bytes exhausted (tried to allocate 20480 bytes) in /home1/sast/public_html/vendor/laravel/framework/src/Illuminate/Foundation/Bootstrap/HandleExceptions.php on line 122
[30-Apr-2018 21:02:23 UTC] PHP Fatal error:  Allowed memory size of 268435456 bytes exhausted (tried to allocate 20480 bytes) in /home1/sast/public_html/vendor/laravel/framework/src/Illuminate/Database/Connectors/Connector.php on line 67
[30-Apr-2018 21:02:23 UTC] PHP Fatal error:  Allowed memory size of 268435456 bytes exhausted (tried to allocate 20480 bytes) in /home1/sast/public_html/vendor/laravel/framework/src/Illuminate/Foundation/Bootstrap/HandleExceptions.php on line 122
[30-Apr-2018 21:02:31 UTC] PHP Fatal error:  Allowed memory size of 268435456 bytes exhausted (tried to allocate 20480 bytes) in /home1/sast/public_html/vendor/laravel/framework/src/Illuminate/Database/Connectors/Connector.php on line 67
[30-Apr-2018 21:02:31 UTC] PHP Fatal error:  Allowed memory size of 268435456 bytes exhausted (tried to allocate 20480 bytes) in /home1/sast/public_html/vendor/laravel/framework/src/Illuminate/Foundation/Bootstrap/HandleExceptions.php on line 122
[30-Apr-2018 21:02:34 UTC] PHP Fatal error:  Allowed memory size of 268435456 bytes exhausted (tried to allocate 20480 bytes) in /home1/sast/public_html/vendor/laravel/framework/src/Illuminate/Database/Connectors/Connector.php on line 67
[30-Apr-2018 21:02:34 UTC] PHP Fatal error:  Allowed memory size of 268435456 bytes exhausted (tried to allocate 20480 bytes) in /home1/sast/public_html/vendor/laravel/framework/src/Illuminate/Foundation/Bootstrap/HandleExceptions.php on line 122
[30-Apr-2018 21:02:39 UTC] PHP Fatal error:  Allowed memory size of 268435456 bytes exhausted (tried to allocate 20480 bytes) in /home1/sast/public_html/vendor/laravel/framework/src/Illuminate/Database/Connectors/Connector.php on line 67
[30-Apr-2018 21:02:39 UTC] PHP Fatal error:  Allowed memory size of 268435456 bytes exhausted (tried to allocate 20480 bytes) in /home1/sast/public_html/vendor/laravel/framework/src/Illuminate/Foundation/Bootstrap/HandleExceptions.php on line 122
[30-Apr-2018 21:02:42 UTC] PHP Fatal error:  Allowed memory size of 268435456 bytes exhausted (tried to allocate 20480 bytes) in /home1/sast/public_html/vendor/laravel/framework/src/Illuminate/Database/Connectors/Connector.php on line 67
[30-Apr-2018 21:02:42 UTC] PHP Fatal error:  Allowed memory size of 268435456 bytes exhausted (tried to allocate 20480 bytes) in /home1/sast/public_html/vendor/laravel/framework/src/Illuminate/Foundation/Bootstrap/HandleExceptions.php on line 122
[30-Apr-2018 21:02:55 UTC] PHP Fatal error:  Allowed memory size of 268435456 bytes exhausted (tried to allocate 69632 bytes) in /home1/sast/public_html/vendor/laravel/framework/src/Illuminate/Database/Connectors/Connector.php on line 67
[30-Apr-2018 21:02:55 UTC] PHP Fatal error:  Allowed memory size of 268435456 bytes exhausted (tried to allocate 32768 bytes) in /home1/sast/public_html/vendor/symfony/debug/Exception/FatalErrorException.php on line 1
[30-Apr-2018 21:03:21 UTC] PHP Fatal error:  Allowed memory size of 268435456 bytes exhausted (tried to allocate 20480 bytes) in /home1/sast/public_html/vendor/laravel/framework/src/Illuminate/Database/Connectors/Connector.php on line 67
[30-Apr-2018 21:03:21 UTC] PHP Fatal error:  Allowed memory size of 268435456 bytes exhausted (tried to allocate 20480 bytes) in /home1/sast/public_html/vendor/laravel/framework/src/Illuminate/Foundation/Bootstrap/HandleExceptions.php on line 122
[30-Apr-2018 21:03:26 UTC] PHP Fatal error:  Allowed memory size of 268435456 bytes exhausted (tried to allocate 69632 bytes) in /home1/sast/public_html/vendor/laravel/framework/src/Illuminate/Database/Connectors/Connector.php on line 67
[30-Apr-2018 21:03:26 UTC] PHP Fatal error:  Allowed memory size of 268435456 bytes exhausted (tried to allocate 32768 bytes) in /home1/sast/public_html/vendor/symfony/debug/Exception/FatalErrorException.php on line 1
[30-Apr-2018 21:03:30 UTC] PHP Fatal error:  Allowed memory size of 268435456 bytes exhausted (tried to allocate 20480 bytes) in /home1/sast/public_html/vendor/laravel/framework/src/Illuminate/Database/Connectors/Connector.php on line 67
[30-Apr-2018 21:03:30 UTC] PHP Fatal error:  Allowed memory size of 268435456 bytes exhausted (tried to allocate 20480 bytes) in /home1/sast/public_html/vendor/laravel/framework/src/Illuminate/Foundation/Bootstrap/HandleExceptions.php on line 122
[30-Apr-2018 21:03:36 UTC] PHP Fatal error:  Allowed memory size of 268435456 bytes exhausted (tried to allocate 20480 bytes) in /home1/sast/public_html/vendor/laravel/framework/src/Illuminate/Database/Connectors/Connector.php on line 67
[30-Apr-2018 21:03:36 UTC] PHP Fatal error:  Allowed memory size of 268435456 bytes exhausted (tried to allocate 20480 bytes) in /home1/sast/public_html/vendor/laravel/framework/src/Illuminate/Foundation/Bootstrap/HandleExceptions.php on line 122
[30-Apr-2018 21:03:38 UTC] PHP Fatal error:  Allowed memory size of 268435456 bytes exhausted (tried to allocate 20480 bytes) in /home1/sast/public_html/vendor/laravel/framework/src/Illuminate/Database/Connectors/Connector.php on line 67
[30-Apr-2018 21:03:38 UTC] PHP Fatal error:  Allowed memory size of 268435456 bytes exhausted (tried to allocate 20480 bytes) in /home1/sast/public_html/vendor/laravel/framework/src/Illuminate/Foundation/Bootstrap/HandleExceptions.php on line 122
[30-Apr-2018 21:04:26 UTC] PHP Fatal error:  Allowed memory size of 268435456 bytes exhausted (tried to allocate 20480 bytes) in /home1/sast/public_html/vendor/laravel/framework/src/Illuminate/Database/Connectors/Connector.php on line 67
[30-Apr-2018 21:04:26 UTC] PHP Fatal error:  Allowed memory size of 268435456 bytes exhausted (tried to allocate 20480 bytes) in /home1/sast/public_html/vendor/laravel/framework/src/Illuminate/Foundation/Bootstrap/HandleExceptions.php on line 122
[30-Apr-2018 21:04:59 UTC] PHP Fatal error:  Allowed memory size of 268435456 bytes exhausted (tried to allocate 20480 bytes) in /home1/sast/public_html/vendor/laravel/framework/src/Illuminate/Database/Connectors/Connector.php on line 67
[30-Apr-2018 21:04:59 UTC] PHP Fatal error:  Allowed memory size of 268435456 bytes exhausted (tried to allocate 20480 bytes) in /home1/sast/public_html/vendor/laravel/framework/src/Illuminate/Foundation/Bootstrap/HandleExceptions.php on line 122
[30-Apr-2018 21:05:15 UTC] PHP Fatal error:  Allowed memory size of 268435456 bytes exhausted (tried to allocate 20480 bytes) in /home1/sast/public_html/vendor/laravel/framework/src/Illuminate/Database/Connectors/Connector.php on line 67
[30-Apr-2018 21:05:15 UTC] PHP Fatal error:  Allowed memory size of 268435456 bytes exhausted (tried to allocate 20480 bytes) in /home1/sast/public_html/vendor/laravel/framework/src/Illuminate/Foundation/Bootstrap/HandleExceptions.php on line 122
[30-Apr-2018 21:05:48 UTC] PHP Fatal error:  Allowed memory size of 268435456 bytes exhausted (tried to allocate 20480 bytes) in /home1/sast/public_html/vendor/laravel/framework/src/Illuminate/Database/Connectors/Connector.php on line 67
[30-Apr-2018 21:05:48 UTC] PHP Fatal error:  Allowed memory size of 268435456 bytes exhausted (tried to allocate 20480 bytes) in /home1/sast/public_html/vendor/laravel/framework/src/Illuminate/Foundation/Bootstrap/HandleExceptions.php on line 122
[30-Apr-2018 21:06:40 UTC] PHP Fatal error:  Allowed memory size of 268435456 bytes exhausted (tried to allocate 20480 bytes) in /home1/sast/public_html/vendor/laravel/framework/src/Illuminate/Database/Connectors/Connector.php on line 67
[30-Apr-2018 21:06:40 UTC] PHP Fatal error:  Allowed memory size of 268435456 bytes exhausted (tried to allocate 32768 bytes) in /home1/sast/public_html/vendor/symfony/debug/Exception/FatalErrorException.php on line 1
[30-Apr-2018 21:06:46 UTC] PHP Fatal error:  Allowed memory size of 268435456 bytes exhausted (tried to allocate 20480 bytes) in /home1/sast/public_html/vendor/laravel/framework/src/Illuminate/Database/Connectors/Connector.php on line 67
[30-Apr-2018 21:06:46 UTC] PHP Fatal error:  Allowed memory size of 268435456 bytes exhausted (tried to allocate 32768 bytes) in /home1/sast/public_html/vendor/symfony/debug/Exception/FatalErrorException.php on line 1
[30-Apr-2018 21:06:50 UTC] PHP Fatal error:  Allowed memory size of 268435456 bytes exhausted (tried to allocate 20480 bytes) in /home1/sast/public_html/vendor/laravel/framework/src/Illuminate/Database/Connectors/Connector.php on line 67
[30-Apr-2018 21:06:50 UTC] PHP Fatal error:  Allowed memory size of 268435456 bytes exhausted (tried to allocate 32768 bytes) in /home1/sast/public_html/vendor/symfony/debug/Exception/FatalErrorException.php on line 1
[30-Apr-2018 21:06:55 UTC] PHP Fatal error:  Allowed memory size of 268435456 bytes exhausted (tried to allocate 20480 bytes) in /home1/sast/public_html/vendor/laravel/framework/src/Illuminate/Database/Connectors/Connector.php on line 67
[30-Apr-2018 21:06:55 UTC] PHP Fatal error:  Allowed memory size of 268435456 bytes exhausted (tried to allocate 32768 bytes) in /home1/sast/public_html/vendor/symfony/debug/Exception/FatalErrorException.php on line 1
[11-Jun-2018 12:50:39 America/Chicago] PHP Parse error:  syntax error, unexpected 'class' (T_CLASS), expecting identifier (T_STRING) or variable (T_VARIABLE) or '{' or '$' in /home1/sast/public_html/index.php on line 52
[11-Jun-2018 12:57:13 America/Chicago] PHP Parse error:  syntax error, unexpected 'class' (T_CLASS), expecting identifier (T_STRING) or variable (T_VARIABLE) or '{' or '$' in /home1/sast/public_html/index.php on line 52
[11-Jun-2018 12:57:34 America/Chicago] PHP Parse error:  syntax error, unexpected 'class' (T_CLASS), expecting identifier (T_STRING) or variable (T_VARIABLE) or '{' or '$' in /home1/sast/public_html/index.php on line 52
[11-Jun-2018 12:57:59 America/Chicago] PHP Parse error:  syntax error, unexpected 'class' (T_CLASS), expecting identifier (T_STRING) or variable (T_VARIABLE) or '{' or '$' in /home1/sast/public_html/index.php on line 52
[11-Jun-2018 13:04:09 America/Chicago] PHP Parse error:  syntax error, unexpected 'class' (T_CLASS), expecting identifier (T_STRING) or variable (T_VARIABLE) or '{' or '$' in /home1/sast/public_html/index.php on line 52
[11-Jun-2018 13:05:22 America/Chicago] PHP Parse error:  syntax error, unexpected 'class' (T_CLASS), expecting identifier (T_STRING) or variable (T_VARIABLE) or '{' or '$' in /home1/sast/public_html/index.php on line 52
[11-Jun-2018 13:06:51 America/Chicago] PHP Parse error:  syntax error, unexpected 'class' (T_CLASS), expecting identifier (T_STRING) or variable (T_VARIABLE) or '{' or '$' in /home1/sast/public_html/index.php on line 52
[11-Jun-2018 13:07:05 America/Chicago] PHP Parse error:  syntax error, unexpected 'class' (T_CLASS), expecting identifier (T_STRING) or variable (T_VARIABLE) or '{' or '$' in /home1/sast/public_html/index.php on line 52
[11-Jun-2018 13:07:08 America/Chicago] PHP Parse error:  syntax error, unexpected 'class' (T_CLASS), expecting identifier (T_STRING) or variable (T_VARIABLE) or '{' or '$' in /home1/sast/public_html/index.php on line 52
[11-Jun-2018 13:08:25 America/Chicago] PHP Parse error:  syntax error, unexpected 'class' (T_CLASS), expecting identifier (T_STRING) or variable (T_VARIABLE) or '{' or '$' in /home1/sast/public_html/index.php on line 52
[11-Jun-2018 13:11:36 America/Chicago] PHP Parse error:  syntax error, unexpected 'class' (T_CLASS), expecting identifier (T_STRING) or variable (T_VARIABLE) or '{' or '$' in /home1/sast/public_html/index.php on line 52
[11-Jun-2018 13:12:24 America/Chicago] PHP Parse error:  syntax error, unexpected 'class' (T_CLASS), expecting identifier (T_STRING) or variable (T_VARIABLE) or '{' or '$' in /home1/sast/public_html/index.php on line 52
[11-Jun-2018 13:12:33 America/Chicago] PHP Parse error:  syntax error, unexpected 'class' (T_CLASS), expecting identifier (T_STRING) or variable (T_VARIABLE) or '{' or '$' in /home1/sast/public_html/index.php on line 52
[11-Jun-2018 13:12:34 America/Chicago] PHP Parse error:  syntax error, unexpected 'class' (T_CLASS), expecting identifier (T_STRING) or variable (T_VARIABLE) or '{' or '$' in /home1/sast/public_html/index.php on line 52
[11-Jun-2018 13:12:35 America/Chicago] PHP Parse error:  syntax error, unexpected 'class' (T_CLASS), expecting identifier (T_STRING) or variable (T_VARIABLE) or '{' or '$' in /home1/sast/public_html/index.php on line 52
[11-Jun-2018 13:12:37 America/Chicago] PHP Parse error:  syntax error, unexpected 'class' (T_CLASS), expecting identifier (T_STRING) or variable (T_VARIABLE) or '{' or '$' in /home1/sast/public_html/index.php on line 52
[11-Jun-2018 13:12:38 America/Chicago] PHP Parse error:  syntax error, unexpected 'class' (T_CLASS), expecting identifier (T_STRING) or variable (T_VARIABLE) or '{' or '$' in /home1/sast/public_html/index.php on line 52
[11-Jun-2018 13:12:39 America/Chicago] PHP Parse error:  syntax error, unexpected 'class' (T_CLASS), expecting identifier (T_STRING) or variable (T_VARIABLE) or '{' or '$' in /home1/sast/public_html/index.php on line 52
[11-Jun-2018 13:12:40 America/Chicago] PHP Parse error:  syntax error, unexpected 'class' (T_CLASS), expecting identifier (T_STRING) or variable (T_VARIABLE) or '{' or '$' in /home1/sast/public_html/index.php on line 52
[11-Jun-2018 13:12:41 America/Chicago] PHP Parse error:  syntax error, unexpected 'class' (T_CLASS), expecting identifier (T_STRING) or variable (T_VARIABLE) or '{' or '$' in /home1/sast/public_html/index.php on line 52
[11-Jun-2018 13:12:42 America/Chicago] PHP Parse error:  syntax error, unexpected 'class' (T_CLASS), expecting identifier (T_STRING) or variable (T_VARIABLE) or '{' or '$' in /home1/sast/public_html/index.php on line 52
[11-Jun-2018 13:13:53 America/Chicago] PHP Parse error:  syntax error, unexpected 'class' (T_CLASS), expecting identifier (T_STRING) or variable (T_VARIABLE) or '{' or '$' in /home1/sast/public_html/index.php on line 52
[11-Jun-2018 13:13:59 America/Chicago] PHP Parse error:  syntax error, unexpected 'class' (T_CLASS), expecting identifier (T_STRING) or variable (T_VARIABLE) or '{' or '$' in /home1/sast/public_html/index.php on line 52
[11-Jun-2018 13:14:03 America/Chicago] PHP Parse error:  syntax error, unexpected 'class' (T_CLASS), expecting identifier (T_STRING) or variable (T_VARIABLE) or '{' or '$' in /home1/sast/public_html/index.php on line 52
[11-Jun-2018 13:14:45 America/Chicago] PHP Parse error:  syntax error, unexpected 'class' (T_CLASS), expecting identifier (T_STRING) or variable (T_VARIABLE) or '{' or '$' in /home1/sast/public_html/index.php on line 52
[11-Jun-2018 13:15:00 America/Chicago] PHP Parse error:  syntax error, unexpected 'class' (T_CLASS), expecting identifier (T_STRING) or variable (T_VARIABLE) or '{' or '$' in /home1/sast/public_html/index.php on line 52
[11-Jun-2018 13:19:52 America/Chicago] PHP Parse error:  syntax error, unexpected 'class' (T_CLASS), expecting identifier (T_STRING) or variable (T_VARIABLE) or '{' or '$' in /home1/sast/public_html/index.php on line 52
[11-Jun-2018 13:30:03 America/Chicago] PHP Parse error:  syntax error, unexpected 'class' (T_CLASS), expecting identifier (T_STRING) or variable (T_VARIABLE) or '{' or '$' in /home1/sast/public_html/index.php on line 52
[11-Jun-2018 14:00:47 America/Chicago] PHP Parse error:  syntax error, unexpected 'class' (T_CLASS), expecting identifier (T_STRING) or variable (T_VARIABLE) or '{' or '$' in /home1/sast/public_html/index.php on line 52
[11-Jun-2018 14:01:15 America/Chicago] PHP Parse error:  syntax error, unexpected 'class' (T_CLASS), expecting identifier (T_STRING) or variable (T_VARIABLE) or '{' or '$' in /home1/sast/public_html/index.php on line 52
[11-Jun-2018 14:01:21 America/Chicago] PHP Parse error:  syntax error, unexpected 'class' (T_CLASS), expecting identifier (T_STRING) or variable (T_VARIABLE) or '{' or '$' in /home1/sast/public_html/index.php on line 52
[11-Jun-2018 14:01:29 America/Chicago] PHP Parse error:  syntax error, unexpected 'class' (T_CLASS), expecting identifier (T_STRING) or variable (T_VARIABLE) or '{' or '$' in /home1/sast/public_html/index.php on line 52
[11-Jun-2018 14:01:38 America/Chicago] PHP Parse error:  syntax error, unexpected 'class' (T_CLASS), expecting identifier (T_STRING) or variable (T_VARIABLE) or '{' or '$' in /home1/sast/public_html/index.php on line 52
[11-Jun-2018 14:04:31 America/Chicago] PHP Parse error:  syntax error, unexpected 'class' (T_CLASS), expecting identifier (T_STRING) or variable (T_VARIABLE) or '{' or '$' in /home1/sast/public_html/index.php on line 52
[11-Jun-2018 14:04:31 America/Chicago] PHP Parse error:  syntax error, unexpected 'class' (T_CLASS), expecting identifier (T_STRING) or variable (T_VARIABLE) or '{' or '$' in /home1/sast/public_html/index.php on line 52
[11-Jun-2018 14:05:22 America/Chicago] PHP Parse error:  syntax error, unexpected 'class' (T_CLASS), expecting identifier (T_STRING) or variable (T_VARIABLE) or '{' or '$' in /home1/sast/public_html/index.php on line 52
[11-Jun-2018 14:08:03 America/Chicago] PHP Parse error:  syntax error, unexpected 'class' (T_CLASS), expecting identifier (T_STRING) or variable (T_VARIABLE) or '{' or '$' in /home1/sast/public_html/index.php on line 52
[11-Jun-2018 14:08:12 America/Chicago] PHP Parse error:  syntax error, unexpected 'class' (T_CLASS), expecting identifier (T_STRING) or variable (T_VARIABLE) or '{' or '$' in /home1/sast/public_html/index.php on line 52
[11-Jun-2018 14:08:12 America/Chicago] PHP Parse error:  syntax error, unexpected 'class' (T_CLASS), expecting identifier (T_STRING) or variable (T_VARIABLE) or '{' or '$' in /home1/sast/public_html/index.php on line 52
[11-Jun-2018 14:08:23 America/Chicago] PHP Parse error:  syntax error, unexpected 'class' (T_CLASS), expecting identifier (T_STRING) or variable (T_VARIABLE) or '{' or '$' in /home1/sast/public_html/index.php on line 52
[11-Jun-2018 14:13:12 America/Chicago] PHP Parse error:  syntax error, unexpected 'class' (T_CLASS), expecting identifier (T_STRING) or variable (T_VARIABLE) or '{' or '$' in /home1/sast/public_html/index.php on line 52
[11-Jun-2018 14:14:36 America/Chicago] PHP Parse error:  syntax error, unexpected 'class' (T_CLASS), expecting identifier (T_STRING) or variable (T_VARIABLE) or '{' or '$' in /home1/sast/public_html/index.php on line 52
[11-Jun-2018 14:14:44 America/Chicago] PHP Parse error:  syntax error, unexpected 'class' (T_CLASS), expecting identifier (T_STRING) or variable (T_VARIABLE) or '{' or '$' in /home1/sast/public_html/index.php on line 52
[11-Jun-2018 14:16:33 America/Chicago] PHP Parse error:  syntax error, unexpected 'class' (T_CLASS), expecting identifier (T_STRING) or variable (T_VARIABLE) or '{' or '$' in /home1/sast/public_html/index.php on line 52
[11-Jun-2018 14:17:15 America/Chicago] PHP Parse error:  syntax error, unexpected 'class' (T_CLASS), expecting identifier (T_STRING) or variable (T_VARIABLE) or '{' or '$' in /home1/sast/public_html/index.php on line 52
[11-Jun-2018 14:17:19 America/Chicago] PHP Parse error:  syntax error, unexpected 'class' (T_CLASS), expecting identifier (T_STRING) or variable (T_VARIABLE) or '{' or '$' in /home1/sast/public_html/index.php on line 52
[11-Jun-2018 14:18:18 America/Chicago] PHP Parse error:  syntax error, unexpected 'class' (T_CLASS), expecting identifier (T_STRING) or variable (T_VARIABLE) or '{' or '$' in /home1/sast/public_html/index.php on line 52
[11-Jun-2018 14:19:10 America/Chicago] PHP Parse error:  syntax error, unexpected 'class' (T_CLASS), expecting identifier (T_STRING) or variable (T_VARIABLE) or '{' or '$' in /home1/sast/public_html/index.php on line 52
[11-Jun-2018 14:19:24 America/Chicago] PHP Parse error:  syntax error, unexpected 'class' (T_CLASS), expecting identifier (T_STRING) or variable (T_VARIABLE) or '{' or '$' in /home1/sast/public_html/index.php on line 52
[11-Jun-2018 14:19:35 America/Chicago] PHP Parse error:  syntax error, unexpected 'class' (T_CLASS), expecting identifier (T_STRING) or variable (T_VARIABLE) or '{' or '$' in /home1/sast/public_html/index.php on line 52
[11-Jun-2018 14:20:06 America/Chicago] PHP Parse error:  syntax error, unexpected 'class' (T_CLASS), expecting identifier (T_STRING) or variable (T_VARIABLE) or '{' or '$' in /home1/sast/public_html/index.php on line 52
[11-Jun-2018 14:21:01 America/Chicago] PHP Parse error:  syntax error, unexpected 'class' (T_CLASS), expecting identifier (T_STRING) or variable (T_VARIABLE) or '{' or '$' in /home1/sast/public_html/index.php on line 52
[11-Jun-2018 14:21:31 America/Chicago] PHP Parse error:  syntax error, unexpected 'class' (T_CLASS), expecting identifier (T_STRING) or variable (T_VARIABLE) or '{' or '$' in /home1/sast/public_html/index.php on line 52
[11-Jun-2018 14:22:53 America/Chicago] PHP Parse error:  syntax error, unexpected 'class' (T_CLASS), expecting identifier (T_STRING) or variable (T_VARIABLE) or '{' or '$' in /home1/sast/public_html/index.php on line 52
[11-Jun-2018 14:23:43 America/Chicago] PHP Parse error:  syntax error, unexpected 'class' (T_CLASS), expecting identifier (T_STRING) or variable (T_VARIABLE) or '{' or '$' in /home1/sast/public_html/index.php on line 52
[11-Jun-2018 14:23:45 America/Chicago] PHP Parse error:  syntax error, unexpected 'class' (T_CLASS), expecting identifier (T_STRING) or variable (T_VARIABLE) or '{' or '$' in /home1/sast/public_html/index.php on line 52
[11-Jun-2018 14:24:32 America/Chicago] PHP Parse error:  syntax error, unexpected 'class' (T_CLASS), expecting identifier (T_STRING) or variable (T_VARIABLE) or '{' or '$' in /home1/sast/public_html/index.php on line 52
[11-Jun-2018 14:25:49 America/Chicago] PHP Parse error:  syntax error, unexpected 'class' (T_CLASS), expecting identifier (T_STRING) or variable (T_VARIABLE) or '{' or '$' in /home1/sast/public_html/vendor/laravel/framework/src/Illuminate/Foundation/helpers.php on line 151
[11-Jun-2018 14:27:57 America/Chicago] PHP Parse error:  syntax error, unexpected 'class' (T_CLASS), expecting identifier (T_STRING) or variable (T_VARIABLE) or '{' or '$' in /home1/sast/public_html/index.php on line 52
[11-Jun-2018 14:28:44 America/Chicago] PHP Parse error:  syntax error, unexpected 'class' (T_CLASS), expecting identifier (T_STRING) or variable (T_VARIABLE) or '{' or '$' in /home1/sast/public_html/index.php on line 52
[11-Jun-2018 14:30:36 America/Chicago] PHP Parse error:  syntax error, unexpected 'class' (T_CLASS), expecting identifier (T_STRING) or variable (T_VARIABLE) or '{' or '$' in /home1/sast/public_html/index.php on line 52
[11-Jun-2018 14:31:02 America/Chicago] PHP Parse error:  syntax error, unexpected 'class' (T_CLASS), expecting identifier (T_STRING) or variable (T_VARIABLE) or '{' or '$' in /home1/sast/public_html/index.php on line 52
[11-Jun-2018 14:32:38 America/Chicago] PHP Parse error:  syntax error, unexpected '?' in /home1/sast/public_html/vendor/laravel/framework/src/Illuminate/Foundation/helpers.php on line 233
[11-Jun-2018 14:35:43 America/Chicago] PHP Parse error:  syntax error, unexpected ')' in /home1/sast/public_html/vendor/laravel/framework/src/Illuminate/Foundation/helpers.php on line 233
[11-Jun-2018 14:36:02 America/Chicago] PHP Parse error:  syntax error, unexpected '?' in /home1/sast/public_html/vendor/laravel/framework/src/Illuminate/Foundation/helpers.php on line 233
[17-Sep-2018 13:05:32 UTC] PHP Fatal error:  Maximum execution time of 30 seconds exceeded in /home4/sast/public_html/vendor/laravel/framework/src/Illuminate/Database/Eloquent/Relations/HasOneOrMany.php on line 389
[17-Sep-2018 13:07:19 UTC] PHP Fatal error:  Maximum execution time of 30 seconds exceeded in /home4/sast/public_html/vendor/laravel/framework/src/Illuminate/Database/Query/Grammars/Grammar.php on line 233
[17-Sep-2018 13:25:35 UTC] PHP Fatal error:  Maximum execution time of 30 seconds exceeded in /home4/sast/public_html/vendor/laravel/framework/src/Illuminate/Database/Grammar.php on line 51
[17-Sep-2018 13:27:11 UTC] PHP Fatal error:  Maximum execution time of 30 seconds exceeded in /home4/sast/public_html/vendor/laravel/framework/src/Illuminate/Database/Connection.php on line 326
[17-Sep-2018 13:29:01 UTC] PHP Fatal error:  Maximum execution time of 30 seconds exceeded in /home4/sast/public_html/vendor/laravel/framework/src/Illuminate/Support/Arr.php on line 219
[16-Nov-2018 15:43:55 UTC] PHP Fatal error:  Allowed memory size of 268435456 bytes exhausted (tried to allocate 20480 bytes) in /home4/sast/public_html/vendor/laravel/framework/src/Illuminate/Database/Connectors/Connector.php on line 67
[16-Nov-2018 15:43:55 UTC] PHP Fatal error:  Allowed memory size of 268435456 bytes exhausted (tried to allocate 20480 bytes) in /home4/sast/public_html/vendor/laravel/framework/src/Illuminate/Foundation/Bootstrap/HandleExceptions.php on line 122
[16-Nov-2018 15:43:59 UTC] PHP Fatal error:  Allowed memory size of 268435456 bytes exhausted (tried to allocate 20480 bytes) in /home4/sast/public_html/vendor/laravel/framework/src/Illuminate/Database/Connectors/Connector.php on line 67
[16-Nov-2018 15:43:59 UTC] PHP Fatal error:  Allowed memory size of 268435456 bytes exhausted (tried to allocate 20480 bytes) in /home4/sast/public_html/vendor/laravel/framework/src/Illuminate/Foundation/Bootstrap/HandleExceptions.php on line 122
[16-Nov-2018 15:44:15 UTC] PHP Fatal error:  Allowed memory size of 268435456 bytes exhausted (tried to allocate 20480 bytes) in /home4/sast/public_html/vendor/laravel/framework/src/Illuminate/Database/Connectors/Connector.php on line 67
[16-Nov-2018 15:44:15 UTC] PHP Fatal error:  Allowed memory size of 268435456 bytes exhausted (tried to allocate 20480 bytes) in /home4/sast/public_html/vendor/laravel/framework/src/Illuminate/Foundation/Bootstrap/HandleExceptions.php on line 122
[26-Nov-2018 18:16:42 UTC] PHP Fatal error:  Allowed memory size of 268435456 bytes exhausted (tried to allocate 20480 bytes) in /home4/sast/public_html/vendor/laravel/framework/src/Illuminate/Database/Connectors/Connector.php on line 67
[26-Nov-2018 18:16:42 UTC] PHP Fatal error:  Allowed memory size of 268435456 bytes exhausted (tried to allocate 32768 bytes) in /home4/sast/public_html/vendor/symfony/debug/Exception/FatalErrorException.php on line 1
[09-Jan-2019 08:24:40 UTC] PHP Fatal error:  Allowed memory size of 268435456 bytes exhausted (tried to allocate 199233536 bytes) in /home4/sast/public_html/app/Http/Controllers/Admin/newsController.php on line 116
[09-Jan-2019 08:25:06 UTC] PHP Fatal error:  Allowed memory size of 268435456 bytes exhausted (tried to allocate 199233536 bytes) in /home4/sast/public_html/app/Http/Controllers/Admin/newsController.php on line 117
[09-Jan-2019 08:26:25 UTC] PHP Fatal error:  Allowed memory size of 268435456 bytes exhausted (tried to allocate 199233536 bytes) in /home4/sast/public_html/app/Http/Controllers/Admin/newsController.php on line 117
[09-Jan-2019 08:27:24 UTC] PHP Fatal error:  Allowed memory size of 268435456 bytes exhausted (tried to allocate 199233536 bytes) in /home4/sast/public_html/app/Http/Controllers/Admin/newsController.php on line 117
[11-Jan-2019 14:05:22 UTC] PHP Fatal error:  Allowed memory size of 268435456 bytes exhausted (tried to allocate 199233536 bytes) in /home4/sast/public_html/storage/framework/views/bbff87f5e75b025b0882af7ae1f17e40f51008dc.php on line 3
[11-Jan-2019 14:05:26 UTC] PHP Fatal error:  Allowed memory size of 268435456 bytes exhausted (tried to allocate 199233536 bytes) in /home4/sast/public_html/storage/framework/views/bbff87f5e75b025b0882af7ae1f17e40f51008dc.php on line 3
[11-Jan-2019 14:50:57 UTC] PHP Fatal error:  Allowed memory size of 268435456 bytes exhausted (tried to allocate 132124672 bytes) in /home4/sast/public_html/app/Http/Controllers/Front/CartController.php on line 28
[11-Jan-2019 15:03:10 UTC] PHP Fatal error:  Cannot use DB as DB because the name is already in use in /home4/sast/public_html/app/Http/Controllers/Front/CartController.php on line 19
[11-Jan-2019 15:03:11 UTC] PHP Fatal error:  Cannot use DB as DB because the name is already in use in /home4/sast/public_html/app/Http/Controllers/Front/CartController.php on line 19
[11-Jan-2019 15:40:40 UTC] PHP Fatal error:  Cannot use DB as DB because the name is already in use in /home4/sast/public_html/app/Http/Controllers/Front/CartController.php on line 19
[18-Jan-2019 12:54:28 UTC] PHP Fatal error:  Allowed memory size of 268435456 bytes exhausted (tried to allocate 199233536 bytes) in /home4/sast/public_html/app/Http/Controllers/Front/CoursesController.php on line 279
[22-Jan-2019 08:05:47 UTC] PHP Fatal error:  Allowed memory size of 268435456 bytes exhausted (tried to allocate 199233536 bytes) in /home4/sast/public_html/app/Http/Controllers/Front/Auth/LoginController.php on line 68
[22-Jan-2019 08:22:10 UTC] PHP Fatal error:  Allowed memory size of 268435456 bytes exhausted (tried to allocate 199233536 bytes) in /home4/sast/public_html/app/Http/Controllers/Front/Auth/LoginController.php on line 84
[23-Jan-2019 08:39:01 UTC] PHP Fatal error:  Allowed memory size of 268435456 bytes exhausted (tried to allocate 132124672 bytes) in /home4/sast/public_html/app/Http/Controllers/Admin/categoriesController.php on line 185
[23-Jan-2019 08:40:38 UTC] PHP Fatal error:  Allowed memory size of 268435456 bytes exhausted (tried to allocate 132124672 bytes) in /home4/sast/public_html/app/Http/Controllers/Admin/categoriesController.php on line 185
[23-Jan-2019 08:41:46 UTC] PHP Fatal error:  Allowed memory size of 268435456 bytes exhausted (tried to allocate 132124672 bytes) in /home4/sast/public_html/app/Http/Controllers/Admin/categoriesController.php on line 185
[22-Feb-2019 08:22:01 UTC] PHP Fatal error:  Uncaught ReflectionException: Class view does not exist in /home4/sast/public_html/vendor/laravel/framework/src/Illuminate/Container/Container.php:752
Stack trace:
#0 /home4/sast/public_html/vendor/laravel/framework/src/Illuminate/Container/Container.php(752): ReflectionClass->__construct('view')
#1 /home4/sast/public_html/vendor/laravel/framework/src/Illuminate/Container/Container.php(631): Illuminate\Container\Container->build('view')
#2 /home4/sast/public_html/vendor/laravel/framework/src/Illuminate/Container/Container.php(586): Illuminate\Container\Container->resolve('view', Array)
#3 /home4/sast/public_html/vendor/laravel/framework/src/Illuminate/Foundation/Application.php(732): Illuminate\Container\Container->make('view', Array)
#4 /home4/sast/public_html/vendor/laravel/framework/src/Illuminate/Foundation/helpers.php(110): Illuminate\Foundation\Application->make('view', Array)
#5 /home4/sast/public_html/vendor/laravel/framework/src/Illuminate/Foundation/helpers.php(971): app('Illuminate\\Cont...')
#6 /h in /home4/sast/public_html/vendor/laravel/framework/src/Illuminate/Container/Container.php on line 752
[22-Feb-2019 08:22:01 UTC] PHP Fatal error:  Uncaught ReflectionException: Class view does not exist in /home4/sast/public_html/vendor/laravel/framework/src/Illuminate/Container/Container.php:752
Stack trace:
#0 /home4/sast/public_html/vendor/laravel/framework/src/Illuminate/Container/Container.php(752): ReflectionClass->__construct('view')
#1 /home4/sast/public_html/vendor/laravel/framework/src/Illuminate/Container/Container.php(631): Illuminate\Container\Container->build('view')
#2 /home4/sast/public_html/vendor/laravel/framework/src/Illuminate/Container/Container.php(586): Illuminate\Container\Container->resolve('view', Array)
#3 /home4/sast/public_html/vendor/laravel/framework/src/Illuminate/Foundation/Application.php(732): Illuminate\Container\Container->make('view', Array)
#4 /home4/sast/public_html/vendor/laravel/framework/src/Illuminate/Foundation/helpers.php(110): Illuminate\Foundation\Application->make('view', Array)
#5 /home4/sast/public_html/vendor/laravel/framework/src/Illuminate/Foundation/helpers.php(971): app('Illuminate\\Cont...')
#6 /h in /home4/sast/public_html/vendor/laravel/framework/src/Illuminate/Container/Container.php on line 752
[22-Feb-2019 08:22:07 UTC] PHP Fatal error:  Uncaught ReflectionException: Class view does not exist in /home4/sast/public_html/vendor/laravel/framework/src/Illuminate/Container/Container.php:752
Stack trace:
#0 /home4/sast/public_html/vendor/laravel/framework/src/Illuminate/Container/Container.php(752): ReflectionClass->__construct('view')
#1 /home4/sast/public_html/vendor/laravel/framework/src/Illuminate/Container/Container.php(631): Illuminate\Container\Container->build('view')
#2 /home4/sast/public_html/vendor/laravel/framework/src/Illuminate/Container/Container.php(586): Illuminate\Container\Container->resolve('view', Array)
#3 /home4/sast/public_html/vendor/laravel/framework/src/Illuminate/Foundation/Application.php(732): Illuminate\Container\Container->make('view', Array)
#4 /home4/sast/public_html/vendor/laravel/framework/src/Illuminate/Foundation/helpers.php(110): Illuminate\Foundation\Application->make('view', Array)
#5 /home4/sast/public_html/vendor/laravel/framework/src/Illuminate/Foundation/helpers.php(971): app('Illuminate\\Cont...')
#6 /h in /home4/sast/public_html/vendor/laravel/framework/src/Illuminate/Container/Container.php on line 752
[22-Feb-2019 08:22:07 UTC] PHP Fatal error:  Uncaught ReflectionException: Class view does not exist in /home4/sast/public_html/vendor/laravel/framework/src/Illuminate/Container/Container.php:752
Stack trace:
#0 /home4/sast/public_html/vendor/laravel/framework/src/Illuminate/Container/Container.php(752): ReflectionClass->__construct('view')
#1 /home4/sast/public_html/vendor/laravel/framework/src/Illuminate/Container/Container.php(631): Illuminate\Container\Container->build('view')
#2 /home4/sast/public_html/vendor/laravel/framework/src/Illuminate/Container/Container.php(586): Illuminate\Container\Container->resolve('view', Array)
#3 /home4/sast/public_html/vendor/laravel/framework/src/Illuminate/Foundation/Application.php(732): Illuminate\Container\Container->make('view', Array)
#4 /home4/sast/public_html/vendor/laravel/framework/src/Illuminate/Foundation/helpers.php(110): Illuminate\Foundation\Application->make('view', Array)
#5 /home4/sast/public_html/vendor/laravel/framework/src/Illuminate/Foundation/helpers.php(971): app('Illuminate\\Cont...')
#6 /h in /home4/sast/public_html/vendor/laravel/framework/src/Illuminate/Container/Container.php on line 752
[22-Feb-2019 02:22:17 America/Chicago] PHP Fatal error:  Uncaught ReflectionException: Class view does not exist in /home4/sast/public_html/vendor/laravel/framework/src/Illuminate/Container/Container.php:752
Stack trace:
#0 /home4/sast/public_html/vendor/laravel/framework/src/Illuminate/Container/Container.php(752): ReflectionClass->__construct('view')
#1 /home4/sast/public_html/vendor/laravel/framework/src/Illuminate/Container/Container.php(631): Illuminate\Container\Container->build('view')
#2 /home4/sast/public_html/vendor/laravel/framework/src/Illuminate/Container/Container.php(586): Illuminate\Container\Container->resolve('view', Array)
#3 /home4/sast/public_html/vendor/laravel/framework/src/Illuminate/Foundation/Application.php(732): Illuminate\Container\Container->make('view', Array)
#4 /home4/sast/public_html/vendor/laravel/framework/src/Illuminate/Foundation/helpers.php(110): Illuminate\Foundation\Application->make('view', Array)
#5 /home4/sast/public_html/vendor/laravel/framework/src/Illuminate/Foundation/helpers.php(971): app('Illuminate\\Cont...')
#6 /h in /home4/sast/public_html/vendor/laravel/framework/src/Illuminate/Container/Container.php on line 752
[22-Feb-2019 02:22:20 America/Chicago] PHP Fatal error:  Uncaught ReflectionException: Class view does not exist in /home4/sast/public_html/vendor/laravel/framework/src/Illuminate/Container/Container.php:752
Stack trace:
#0 /home4/sast/public_html/vendor/laravel/framework/src/Illuminate/Container/Container.php(752): ReflectionClass->__construct('view')
#1 /home4/sast/public_html/vendor/laravel/framework/src/Illuminate/Container/Container.php(631): Illuminate\Container\Container->build('view')
#2 /home4/sast/public_html/vendor/laravel/framework/src/Illuminate/Container/Container.php(586): Illuminate\Container\Container->resolve('view', Array)
#3 /home4/sast/public_html/vendor/laravel/framework/src/Illuminate/Foundation/Application.php(732): Illuminate\Container\Container->make('view', Array)
#4 /home4/sast/public_html/vendor/laravel/framework/src/Illuminate/Foundation/helpers.php(110): Illuminate\Foundation\Application->make('view', Array)
#5 /home4/sast/public_html/vendor/laravel/framework/src/Illuminate/Foundation/helpers.php(971): app('Illuminate\\Cont...')
#6 /h in /home4/sast/public_html/vendor/laravel/framework/src/Illuminate/Container/Container.php on line 752
[25-Feb-2019 09:17:55 UTC] PHP Fatal error:  Allowed memory size of 268435456 bytes exhausted (tried to allocate 18890752 bytes) in /home4/sast/public_html/storage/framework/views/f08fd34f584bd1728d0d9c6e5c837fc91d42e145.php on line 20
[25-Feb-2019 10:17:06 UTC] PHP Fatal error:  Allowed memory size of 268435456 bytes exhausted (tried to allocate 20480 bytes) in /home4/sast/public_html/vendor/laravel/framework/src/Illuminate/Database/Connectors/Connector.php on line 67
[25-Feb-2019 10:17:06 UTC] PHP Fatal error:  Allowed memory size of 268435456 bytes exhausted (tried to allocate 20480 bytes) in /home4/sast/public_html/vendor/laravel/framework/src/Illuminate/Foundation/Bootstrap/HandleExceptions.php on line 122
[25-Feb-2019 10:17:06 UTC] PHP Fatal error:  Allowed memory size of 268435456 bytes exhausted (tried to allocate 20480 bytes) in /home4/sast/public_html/vendor/laravel/framework/src/Illuminate/Database/Connectors/Connector.php on line 67
[25-Feb-2019 10:17:06 UTC] PHP Fatal error:  Allowed memory size of 268435456 bytes exhausted (tried to allocate 20480 bytes) in /home4/sast/public_html/vendor/laravel/framework/src/Illuminate/Foundation/Bootstrap/HandleExceptions.php on line 122
[04-Mar-2019 10:31:58 UTC] PHP Fatal error:  Allowed memory size of 268435456 bytes exhausted (tried to allocate 199233536 bytes) in /home4/sast/public_html/app/Http/Controllers/Teacher/reviewsController.php on line 69
[11-Mar-2019 09:34:16 UTC] PHP Fatal error:  Allowed memory size of 268435456 bytes exhausted (tried to allocate 199233536 bytes) in /home4/sast/public_html/app/Http/Controllers/Front/AccountController.php on line 57
[11-Mar-2019 09:37:14 UTC] PHP Fatal error:  Allowed memory size of 268435456 bytes exhausted (tried to allocate 199233536 bytes) in /home4/sast/public_html/app/Http/Controllers/Front/AccountController.php on line 57
[11-Mar-2019 09:37:34 UTC] PHP Fatal error:  Allowed memory size of 268435456 bytes exhausted (tried to allocate 199233536 bytes) in /home4/sast/public_html/app/Http/Controllers/Front/AccountController.php on line 57
[13-Mar-2019 09:44:08 UTC] PHP Fatal error:  Uncaught ReflectionException: Class view does not exist in /home4/sast/public_html/vendor/laravel/framework/src/Illuminate/Container/Container.php:752
Stack trace:
#0 /home4/sast/public_html/vendor/laravel/framework/src/Illuminate/Container/Container.php(752): ReflectionClass->__construct('view')
#1 /home4/sast/public_html/vendor/laravel/framework/src/Illuminate/Container/Container.php(631): Illuminate\Container\Container->build('view')
#2 /home4/sast/public_html/vendor/laravel/framework/src/Illuminate/Container/Container.php(586): Illuminate\Container\Container->resolve('view', Array)
#3 /home4/sast/public_html/vendor/laravel/framework/src/Illuminate/Foundation/Application.php(732): Illuminate\Container\Container->make('view', Array)
#4 /home4/sast/public_html/vendor/laravel/framework/src/Illuminate/Foundation/helpers.php(110): Illuminate\Foundation\Application->make('view', Array)
#5 /home4/sast/public_html/vendor/laravel/framework/src/Illuminate/Foundation/helpers.php(971): app('Illuminate\\Cont...')
#6 /h in /home4/sast/public_html/vendor/laravel/framework/src/Illuminate/Container/Container.php on line 752
[13-Mar-2019 09:44:08 UTC] PHP Fatal error:  Uncaught ReflectionException: Class view does not exist in /home4/sast/public_html/vendor/laravel/framework/src/Illuminate/Container/Container.php:752
Stack trace:
#0 /home4/sast/public_html/vendor/laravel/framework/src/Illuminate/Container/Container.php(752): ReflectionClass->__construct('view')
#1 /home4/sast/public_html/vendor/laravel/framework/src/Illuminate/Container/Container.php(631): Illuminate\Container\Container->build('view')
#2 /home4/sast/public_html/vendor/laravel/framework/src/Illuminate/Container/Container.php(586): Illuminate\Container\Container->resolve('view', Array)
#3 /home4/sast/public_html/vendor/laravel/framework/src/Illuminate/Foundation/Application.php(732): Illuminate\Container\Container->make('view', Array)
#4 /home4/sast/public_html/vendor/laravel/framework/src/Illuminate/Foundation/helpers.php(110): Illuminate\Foundation\Application->make('view', Array)
#5 /home4/sast/public_html/vendor/laravel/framework/src/Illuminate/Foundation/helpers.php(971): app('Illuminate\\Cont...')
#6 /h in /home4/sast/public_html/vendor/laravel/framework/src/Illuminate/Container/Container.php on line 752
[13-Mar-2019 09:44:12 UTC] PHP Fatal error:  Uncaught ReflectionException: Class view does not exist in /home4/sast/public_html/vendor/laravel/framework/src/Illuminate/Container/Container.php:752
Stack trace:
#0 /home4/sast/public_html/vendor/laravel/framework/src/Illuminate/Container/Container.php(752): ReflectionClass->__construct('view')
#1 /home4/sast/public_html/vendor/laravel/framework/src/Illuminate/Container/Container.php(631): Illuminate\Container\Container->build('view')
#2 /home4/sast/public_html/vendor/laravel/framework/src/Illuminate/Container/Container.php(586): Illuminate\Container\Container->resolve('view', Array)
#3 /home4/sast/public_html/vendor/laravel/framework/src/Illuminate/Foundation/Application.php(732): Illuminate\Container\Container->make('view', Array)
#4 /home4/sast/public_html/vendor/laravel/framework/src/Illuminate/Foundation/helpers.php(110): Illuminate\Foundation\Application->make('view', Array)
#5 /home4/sast/public_html/vendor/laravel/framework/src/Illuminate/Foundation/helpers.php(971): app('Illuminate\\Cont...')
#6 /h in /home4/sast/public_html/vendor/laravel/framework/src/Illuminate/Container/Container.php on line 752
[13-Mar-2019 09:44:12 UTC] PHP Fatal error:  Uncaught ReflectionException: Class view does not exist in /home4/sast/public_html/vendor/laravel/framework/src/Illuminate/Container/Container.php:752
Stack trace:
#0 /home4/sast/public_html/vendor/laravel/framework/src/Illuminate/Container/Container.php(752): ReflectionClass->__construct('view')
#1 /home4/sast/public_html/vendor/laravel/framework/src/Illuminate/Container/Container.php(631): Illuminate\Container\Container->build('view')
#2 /home4/sast/public_html/vendor/laravel/framework/src/Illuminate/Container/Container.php(586): Illuminate\Container\Container->resolve('view', Array)
#3 /home4/sast/public_html/vendor/laravel/framework/src/Illuminate/Foundation/Application.php(732): Illuminate\Container\Container->make('view', Array)
#4 /home4/sast/public_html/vendor/laravel/framework/src/Illuminate/Foundation/helpers.php(110): Illuminate\Foundation\Application->make('view', Array)
#5 /home4/sast/public_html/vendor/laravel/framework/src/Illuminate/Foundation/helpers.php(971): app('Illuminate\\Cont...')
#6 /h in /home4/sast/public_html/vendor/laravel/framework/src/Illuminate/Container/Container.php on line 752
[13-Mar-2019 09:44:20 UTC] PHP Fatal error:  Uncaught ReflectionException: Class view does not exist in /home4/sast/public_html/vendor/laravel/framework/src/Illuminate/Container/Container.php:752
Stack trace:
#0 /home4/sast/public_html/vendor/laravel/framework/src/Illuminate/Container/Container.php(752): ReflectionClass->__construct('view')
#1 /home4/sast/public_html/vendor/laravel/framework/src/Illuminate/Container/Container.php(631): Illuminate\Container\Container->build('view')
#2 /home4/sast/public_html/vendor/laravel/framework/src/Illuminate/Container/Container.php(586): Illuminate\Container\Container->resolve('view', Array)
#3 /home4/sast/public_html/vendor/laravel/framework/src/Illuminate/Foundation/Application.php(732): Illuminate\Container\Container->make('view', Array)
#4 /home4/sast/public_html/vendor/laravel/framework/src/Illuminate/Foundation/helpers.php(110): Illuminate\Foundation\Application->make('view', Array)
#5 /home4/sast/public_html/vendor/laravel/framework/src/Illuminate/Foundation/helpers.php(971): app('Illuminate\\Cont...')
#6 /h in /home4/sast/public_html/vendor/laravel/framework/src/Illuminate/Container/Container.php on line 752
[13-Mar-2019 09:44:20 UTC] PHP Fatal error:  Uncaught ReflectionException: Class view does not exist in /home4/sast/public_html/vendor/laravel/framework/src/Illuminate/Container/Container.php:752
Stack trace:
#0 /home4/sast/public_html/vendor/laravel/framework/src/Illuminate/Container/Container.php(752): ReflectionClass->__construct('view')
#1 /home4/sast/public_html/vendor/laravel/framework/src/Illuminate/Container/Container.php(631): Illuminate\Container\Container->build('view')
#2 /home4/sast/public_html/vendor/laravel/framework/src/Illuminate/Container/Container.php(586): Illuminate\Container\Container->resolve('view', Array)
#3 /home4/sast/public_html/vendor/laravel/framework/src/Illuminate/Foundation/Application.php(732): Illuminate\Container\Container->make('view', Array)
#4 /home4/sast/public_html/vendor/laravel/framework/src/Illuminate/Foundation/helpers.php(110): Illuminate\Foundation\Application->make('view', Array)
#5 /home4/sast/public_html/vendor/laravel/framework/src/Illuminate/Foundation/helpers.php(971): app('Illuminate\\Cont...')
#6 /h in /home4/sast/public_html/vendor/laravel/framework/src/Illuminate/Container/Container.php on line 752
[13-Mar-2019 09:44:38 UTC] PHP Fatal error:  Uncaught ReflectionException: Class view does not exist in /home4/sast/public_html/vendor/laravel/framework/src/Illuminate/Container/Container.php:752
Stack trace:
#0 /home4/sast/public_html/vendor/laravel/framework/src/Illuminate/Container/Container.php(752): ReflectionClass->__construct('view')
#1 /home4/sast/public_html/vendor/laravel/framework/src/Illuminate/Container/Container.php(631): Illuminate\Container\Container->build('view')
#2 /home4/sast/public_html/vendor/laravel/framework/src/Illuminate/Container/Container.php(586): Illuminate\Container\Container->resolve('view', Array)
#3 /home4/sast/public_html/vendor/laravel/framework/src/Illuminate/Foundation/Application.php(732): Illuminate\Container\Container->make('view', Array)
#4 /home4/sast/public_html/vendor/laravel/framework/src/Illuminate/Foundation/helpers.php(110): Illuminate\Foundation\Application->make('view', Array)
#5 /home4/sast/public_html/vendor/laravel/framework/src/Illuminate/Foundation/helpers.php(971): app('Illuminate\\Cont...')
#6 /h in /home4/sast/public_html/vendor/laravel/framework/src/Illuminate/Container/Container.php on line 752
[13-Mar-2019 09:44:38 UTC] PHP Fatal error:  Uncaught ReflectionException: Class view does not exist in /home4/sast/public_html/vendor/laravel/framework/src/Illuminate/Container/Container.php:752
Stack trace:
#0 /home4/sast/public_html/vendor/laravel/framework/src/Illuminate/Container/Container.php(752): ReflectionClass->__construct('view')
#1 /home4/sast/public_html/vendor/laravel/framework/src/Illuminate/Container/Container.php(631): Illuminate\Container\Container->build('view')
#2 /home4/sast/public_html/vendor/laravel/framework/src/Illuminate/Container/Container.php(586): Illuminate\Container\Container->resolve('view', Array)
#3 /home4/sast/public_html/vendor/laravel/framework/src/Illuminate/Foundation/Application.php(732): Illuminate\Container\Container->make('view', Array)
#4 /home4/sast/public_html/vendor/laravel/framework/src/Illuminate/Foundation/helpers.php(110): Illuminate\Foundation\Application->make('view', Array)
#5 /home4/sast/public_html/vendor/laravel/framework/src/Illuminate/Foundation/helpers.php(971): app('Illuminate\\Cont...')
#6 /h in /home4/sast/public_html/vendor/laravel/framework/src/Illuminate/Container/Container.php on line 752
[15-Mar-2019 09:07:40 UTC] PHP Fatal error:  Allowed memory size of 268435456 bytes exhausted (tried to allocate 199233536 bytes) in /home4/sast/public_html/app/Http/Controllers/Front/CoursesController.php on line 219
[26-Mar-2019 10:23:19 UTC] PHP Fatal error:  Can't use method return value in write context in /home4/sast/public_html/app/Http/Controllers/Admin/studentscertificatesController.php on line 69
[01-Apr-2019 13:43:44 UTC] PHP Fatal error:  Cannot use isset() on the result of an expression (you can use "null !== expression" instead) in /home4/sast/public_html/storage/framework/views/b54075c41ef86d3d244e3eb60f6526fa948704ca.php on line 69
[01-Apr-2019 13:43:56 UTC] PHP Fatal error:  Cannot use isset() on the result of an expression (you can use "null !== expression" instead) in /home4/sast/public_html/storage/framework/views/b54075c41ef86d3d244e3eb60f6526fa948704ca.php on line 69
[01-Apr-2019 15:07:49 UTC] PHP Fatal error:  Cannot redeclare App\Http\Controllers\Admin\coursesController::index() in /home4/sast/public_html/app/Http/Controllers/Admin/coursesController.php on line 66
[01-Apr-2019 15:08:12 UTC] PHP Fatal error:  Cannot redeclare App\Http\Controllers\Admin\coursesController::index() in /home4/sast/public_html/app/Http/Controllers/Admin/coursesController.php on line 66
[01-Apr-2019 15:08:13 UTC] PHP Fatal error:  Cannot redeclare App\Http\Controllers\Admin\coursesController::index() in /home4/sast/public_html/app/Http/Controllers/Admin/coursesController.php on line 66
[01-Apr-2019 15:08:56 UTC] PHP Fatal error:  Cannot redeclare App\Http\Controllers\Admin\coursesController::index() in /home4/sast/public_html/app/Http/Controllers/Admin/coursesController.php on line 66
[01-Apr-2019 16:18:26 UTC] PHP Fatal error:  Cannot use App\Course as Course because the name is already in use in /home4/sast/public_html/app/Http/Controllers/Admin/packsController.php on line 44
[04-Apr-2019 16:36:19 UTC] PHP Fatal error:  Allowed memory size of 268435456 bytes exhausted (tried to allocate 199233536 bytes) in /home4/sast/public_html/app/Course.php on line 232
[09-May-2019 09:17:31 America/Chicago] PHP Warning:  readfile(uploads/kcfinder/upload/file/books/Basic_Fitness_Course.pdf): failed to open stream: No such file or directory in /home4/sast/public_html/telecharge.php on line 5
[09-May-2019 09:19:42 America/Chicago] PHP Warning:  readfile(uploads/kcfinder/upload/file/books/Basic_Fitness_Course.pdf): failed to open stream: No such file or directory in /home4/sast/public_html/telecharge.php on line 5
[09-May-2019 09:21:07 America/Chicago] PHP Warning:  readfile(uploads/kcfinder/upload/file/books/Basic_Fitness_Course.pdf): failed to open stream: No such file or directory in /home4/sast/public_html/telecharge.php on line 5
[09-May-2019 09:21:07 America/Chicago] PHP Warning:  readfile(uploads/kcfinder/upload/file/books/Basic_Fitness_Course.pdf): failed to open stream: No such file or directory in /home4/sast/public_html/telecharge.php on line 5
[09-May-2019 18:40:59 America/Chicago] PHP Warning:  readfile(uploads/kcfinder/upload/file/books/Basic_Fitness_Course.pdf): failed to open stream: No such file or directory in /home4/sast/public_html/telecharge.php on line 5
[09-May-2019 18:42:02 America/Chicago] PHP Warning:  readfile(uploads/kcfinder/upload/file/books/Basic_Fitness_Course.pdf): failed to open stream: No such file or directory in /home4/sast/public_html/telecharge.php on line 5
[09-May-2019 18:47:34 America/Chicago] PHP Warning:  readfile(uploads/kcfinder/upload/file/books/Basic_Fitness_Course.pdf): failed to open stream: No such file or directory in /home4/sast/public_html/telecharge.php on line 5
[09-May-2019 18:50:32 America/Chicago] PHP Warning:  readfile(uploads/kcfinder/upload/file/books/Basic_Fitness_Course.pdf): failed to open stream: No such file or directory in /home4/sast/public_html/telecharge.php on line 5
[09-May-2019 19:35:03 America/Chicago] PHP Warning:  readfile(uploads/kcfinder/upload/file/books/Basic_Fitness_Course.pdf): failed to open stream: No such file or directory in /home4/sast/public_html/telecharge.php on line 5
[09-May-2019 19:35:28 America/Chicago] PHP Warning:  readfile(uploads/kcfinder/upload/file/books/Basic_Fitness_Course.pdf): failed to open stream: No such file or directory in /home4/sast/public_html/telecharge.php on line 5
[12-May-2019 22:41:17 America/Chicago] PHP Warning:  readfile(uploads/kcfinder/upload/file/books/Basic_Fitness_Course.pdf): failed to open stream: No such file or directory in /home4/sast/public_html/telecharge.php on line 5
[13-May-2019 13:38:26 UTC] PHP Fatal error:  Maximum execution time of 30 seconds exceeded in /home4/sast/public_html/vendor/laravel/framework/src/Illuminate/Support/Str.php on line 103
[14-May-2019 16:46:19 America/Chicago] PHP Warning:  readfile(uploads/kcfinder/upload/file/books/Basic_Fitness_Course.pdf): failed to open stream: No such file or directory in /home4/sast/public_html/telecharge.php on line 5
[14-May-2019 16:54:51 America/Chicago] PHP Warning:  readfile(uploads/kcfinder/upload/file/books/Basic_Fitness_Course.pdf): failed to open stream: No such file or directory in /home4/sast/public_html/telecharge.php on line 5
[15-May-2019 14:36:00 America/Chicago] PHP Warning:  readfile(uploads/kcfinder/upload/file/books/Basic_Fitness_Course.pdf): failed to open stream: No such file or directory in /home4/sast/public_html/telecharge.php on line 5
[17-May-2019 05:30:16 America/Chicago] PHP Parse error:  syntax error, unexpected ''t' (T_ENCAPSED_AND_WHITESPACE), expecting ']' in /home4/sast/public_html/app/Http/Kernel.php on line 41
[17-May-2019 11:23:25 UTC] PHP Fatal error:  Cannot use App\Teacher as Teacher because the name is already in use in /home4/sast/public_html/app/Http/Controllers/Teacher/Auth/LoginController.php on line 18
[25-May-2019 17:53:28 America/Chicago] PHP Warning:  readfile(uploads/kcfinder/upload/file/books/893474.pdf): failed to open stream: No such file or directory in /home4/sast/public_html/telecharge.php on line 5
[30-May-2019 08:40:00 UTC] PHP Fatal error:  Allowed memory size of 268435456 bytes exhausted (tried to allocate 255856640 bytes) in /home4/sast/public_html/app/Http/Controllers/Front/SiteController.php on line 161
[30-May-2019 08:42:07 UTC] PHP Fatal error:  Allowed memory size of 268435456 bytes exhausted (tried to allocate 255856640 bytes) in /home4/sast/public_html/app/Http/Controllers/Front/SiteController.php on line 161
[30-May-2019 08:42:42 UTC] PHP Fatal error:  Allowed memory size of 268435456 bytes exhausted (tried to allocate 255856640 bytes) in /home4/sast/public_html/app/Http/Controllers/Front/SiteController.php on line 161
[30-May-2019 08:49:54 UTC] PHP Fatal error:  Allowed memory size of 268435456 bytes exhausted (tried to allocate 255856640 bytes) in /home4/sast/public_html/app/Http/Controllers/Front/SiteController.php on line 161
[30-May-2019 09:06:01 UTC] PHP Fatal error:  Allowed memory size of 268435456 bytes exhausted (tried to allocate 255856640 bytes) in /home4/sast/public_html/app/Http/Controllers/Front/SiteController.php on line 161
[08-Jun-2019 12:39:30 America/Chicago] PHP Warning:  readfile(uploads/kcfinder/upload/file/books/516663.pdf): failed to open stream: No such file or directory in /home4/sast/public_html/telecharge.php on line 5
[08-Jun-2019 12:39:56 America/Chicago] PHP Warning:  readfile(uploads/kcfinder/upload/file/books/516663.pdf): failed to open stream: No such file or directory in /home4/sast/public_html/telecharge.php on line 5
[08-Jun-2019 12:40:34 America/Chicago] PHP Warning:  readfile(uploads/kcfinder/upload/file/books/516663.pdf): failed to open stream: No such file or directory in /home4/sast/public_html/telecharge.php on line 5
[12-Jun-2019 13:16:34 UTC] PHP Fatal error:  Allowed memory size of 268435456 bytes exhausted (tried to allocate 199233536 bytes) in /home4/sast/public_html/app/Http/Controllers/Front/SiteController.php on line 161
[13-Jun-2019 11:25:51 UTC] PHP Fatal error:  Method Illuminate\View\View::__toString() must not throw an exception, caught ErrorException: Undefined variable: from (View: /home4/sast/public_html/resources/views/front/site/_graduates.blade.php) in /home4/sast/public_html/app/Http/Controllers/Front/SiteController.php on line 247
[13-Jun-2019 11:26:06 UTC] PHP Fatal error:  Method Illuminate\View\View::__toString() must not throw an exception, caught ErrorException: Undefined variable: from (View: /home4/sast/public_html/resources/views/front/site/_graduates.blade.php) in /home4/sast/public_html/app/Http/Controllers/Front/SiteController.php on line 247
[17-Jun-2019 14:36:13 America/Chicago] PHP Warning:  readfile(uploads/kcfinder/upload/file/books/893474.pdf): failed to open stream: No such file or directory in /home4/sast/public_html/telecharge.php on line 5
[17-Jun-2019 14:36:29 America/Chicago] PHP Warning:  readfile(uploads/kcfinder/upload/file/books/893474.pdf): failed to open stream: No such file or directory in /home4/sast/public_html/telecharge.php on line 5
[17-Jun-2019 14:36:30 America/Chicago] PHP Warning:  readfile(uploads/kcfinder/upload/file/books/893474.pdf): failed to open stream: No such file or directory in /home4/sast/public_html/telecharge.php on line 5
[17-Jun-2019 14:36:31 America/Chicago] PHP Warning:  readfile(uploads/kcfinder/upload/file/books/893474.pdf): failed to open stream: No such file or directory in /home4/sast/public_html/telecharge.php on line 5
[17-Jun-2019 14:36:38 America/Chicago] PHP Warning:  readfile(uploads/kcfinder/upload/file/books/893474.pdf): failed to open stream: No such file or directory in /home4/sast/public_html/telecharge.php on line 5
[17-Jun-2019 14:36:38 America/Chicago] PHP Warning:  readfile(uploads/kcfinder/upload/file/books/893474.pdf): failed to open stream: No such file or directory in /home4/sast/public_html/telecharge.php on line 5
[17-Jun-2019 14:36:39 America/Chicago] PHP Warning:  readfile(uploads/kcfinder/upload/file/books/893474.pdf): failed to open stream: No such file or directory in /home4/sast/public_html/telecharge.php on line 5
[17-Jun-2019 14:36:39 America/Chicago] PHP Warning:  readfile(uploads/kcfinder/upload/file/books/893474.pdf): failed to open stream: No such file or directory in /home4/sast/public_html/telecharge.php on line 5
[17-Jun-2019 14:40:45 America/Chicago] PHP Warning:  readfile(uploads/kcfinder/upload/file/books/516663.pdf): failed to open stream: No such file or directory in /home4/sast/public_html/telecharge.php on line 5
[17-Jun-2019 14:41:06 America/Chicago] PHP Warning:  readfile(uploads/kcfinder/upload/file/books/516663.pdf): failed to open stream: No such file or directory in /home4/sast/public_html/telecharge.php on line 5
[20-Jun-2019 13:56:34 UTC] PHP Fatal error:  Namespace declaration statement has to be the very first statement or after any declare call in the script in /home4/sast/public_html/app/Http/Controllers/Admin/facturesController.php on line 3
[20-Jun-2019 14:10:57 UTC] PHP Warning:  Uncaught ErrorException: require(/App/Arabic.php): failed to open stream: No such file or directory in /home4/sast/public_html/app/Http/Controllers/Admin/facturesController.php:173
Stack trace:
#0 /home4/sast/public_html/app/Http/Controllers/Admin/facturesController.php(173): Illuminate\Foundation\Bootstrap\HandleExceptions->handleError(2, 'require(/App/Ar...', '/home4/sast/pub...', 173, Array)
#1 /home4/sast/public_html/app/Http/Controllers/Admin/facturesController.php(173): require()
#2 [internal function]: App\Http\Controllers\Admin\facturesController->createEdit('15')
#3 /home4/sast/public_html/vendor/laravel/framework/src/Illuminate/Routing/Controller.php(54): call_user_func_array(Array, Array)
#4 /home4/sast/public_html/vendor/laravel/framework/src/Illuminate/Routing/ControllerDispatcher.php(45): Illuminate\Routing\Controller->callAction('createEdit', Array)
#5 /home4/sast/public_html/vendor/laravel/framework/src/Illuminate/Routing/Route.php(212): Illuminate\Routing\ControllerDispatcher->dispatch(Object in /home4/sast/public_html/app/Http/Controllers/Admin/facturesController.php on line 173
[20-Jun-2019 14:10:57 UTC] PHP Fatal error:  App\Http\Controllers\Admin\facturesController::createEdit(): Failed opening required '/App/Arabic.php' (include_path='.:/opt/php71/lib/php') in /home4/sast/public_html/app/Http/Controllers/Admin/facturesController.php on line 173
[20-Jun-2019 14:11:42 UTC] PHP Warning:  Uncaught ErrorException: require(App/Arabic.php): failed to open stream: No such file or directory in /home4/sast/public_html/app/Http/Controllers/Admin/facturesController.php:173
Stack trace:
#0 /home4/sast/public_html/app/Http/Controllers/Admin/facturesController.php(173): Illuminate\Foundation\Bootstrap\HandleExceptions->handleError(2, 'require(App/Ara...', '/home4/sast/pub...', 173, Array)
#1 /home4/sast/public_html/app/Http/Controllers/Admin/facturesController.php(173): require()
#2 [internal function]: App\Http\Controllers\Admin\facturesController->createEdit('15')
#3 /home4/sast/public_html/vendor/laravel/framework/src/Illuminate/Routing/Controller.php(54): call_user_func_array(Array, Array)
#4 /home4/sast/public_html/vendor/laravel/framework/src/Illuminate/Routing/ControllerDispatcher.php(45): Illuminate\Routing\Controller->callAction('createEdit', Array)
#5 /home4/sast/public_html/vendor/laravel/framework/src/Illuminate/Routing/Route.php(212): Illuminate\Routing\ControllerDispatcher->dispatch(Object( in /home4/sast/public_html/app/Http/Controllers/Admin/facturesController.php on line 173
[20-Jun-2019 14:11:42 UTC] PHP Fatal error:  App\Http\Controllers\Admin\facturesController::createEdit(): Failed opening required 'App/Arabic.php' (include_path='.:/opt/php71/lib/php') in /home4/sast/public_html/app/Http/Controllers/Admin/facturesController.php on line 173
[20-Jun-2019 14:11:58 UTC] PHP Warning:  Uncaught ErrorException: require(./App/Arabic.php): failed to open stream: No such file or directory in /home4/sast/public_html/app/Http/Controllers/Admin/facturesController.php:173
Stack trace:
#0 /home4/sast/public_html/app/Http/Controllers/Admin/facturesController.php(173): Illuminate\Foundation\Bootstrap\HandleExceptions->handleError(2, 'require(./App/A...', '/home4/sast/pub...', 173, Array)
#1 /home4/sast/public_html/app/Http/Controllers/Admin/facturesController.php(173): require()
#2 [internal function]: App\Http\Controllers\Admin\facturesController->createEdit('15')
#3 /home4/sast/public_html/vendor/laravel/framework/src/Illuminate/Routing/Controller.php(54): call_user_func_array(Array, Array)
#4 /home4/sast/public_html/vendor/laravel/framework/src/Illuminate/Routing/ControllerDispatcher.php(45): Illuminate\Routing\Controller->callAction('createEdit', Array)
#5 /home4/sast/public_html/vendor/laravel/framework/src/Illuminate/Routing/Route.php(212): Illuminate\Routing\ControllerDispatcher->dispatch(Objec in /home4/sast/public_html/app/Http/Controllers/Admin/facturesController.php on line 173
[20-Jun-2019 14:11:58 UTC] PHP Fatal error:  App\Http\Controllers\Admin\facturesController::createEdit(): Failed opening required './App/Arabic.php' (include_path='.:/opt/php71/lib/php') in /home4/sast/public_html/app/Http/Controllers/Admin/facturesController.php on line 173
[20-Jun-2019 14:12:51 UTC] PHP Warning:  Uncaught ErrorException: require(https://swedish-academy.se/App/Arabic.php): failed to open stream: HTTP request failed! HTTP/1.1 404 Not Found
 in /home4/sast/public_html/app/Http/Controllers/Admin/facturesController.php:173
Stack trace:
#0 /home4/sast/public_html/app/Http/Controllers/Admin/facturesController.php(173): Illuminate\Foundation\Bootstrap\HandleExceptions->handleError(2, 'require(https:/...', '/home4/sast/pub...', 173, Array)
#1 /home4/sast/public_html/app/Http/Controllers/Admin/facturesController.php(173): require()
#2 [internal function]: App\Http\Controllers\Admin\facturesController->createEdit('15')
#3 /home4/sast/public_html/vendor/laravel/framework/src/Illuminate/Routing/Controller.php(54): call_user_func_array(Array, Array)
#4 /home4/sast/public_html/vendor/laravel/framework/src/Illuminate/Routing/ControllerDispatcher.php(45): Illuminate\Routing\Controller->callAction('createEdit', Array)
#5 /home4/sast/public_html/vendor/laravel/framework/src/Illuminate/Routing/Route.php(212): Illuminate in /home4/sast/public_html/app/Http/Controllers/Admin/facturesController.php on line 173
[20-Jun-2019 14:12:51 UTC] PHP Fatal error:  App\Http\Controllers\Admin\facturesController::createEdit(): Failed opening required 'https://swedish-academy.se/App/Arabic.php' (include_path='.:/opt/php71/lib/php') in /home4/sast/public_html/app/Http/Controllers/Admin/facturesController.php on line 173
[19-Aug-2019 08:42:57 UTC] PHP Fatal error:  Maximum execution time of 30 seconds exceeded in /home4/sast/public_html/vendor/laravel/framework/src/Illuminate/Database/Connection.php on line 326
[13-Oct-2019 10:18:05 America/Chicago] PHP Warning:  readfile(uploads/kcfinder/upload/file/books/893474.pdf): failed to open stream: No such file or directory in /home4/sast/public_html/telecharge.php on line 5
[13-Oct-2019 10:19:12 America/Chicago] PHP Warning:  readfile(uploads/kcfinder/upload/file/books/893474.pdf): failed to open stream: No such file or directory in /home4/sast/public_html/telecharge.php on line 5
[21-Oct-2019 06:37:04 America/Chicago] PHP Warning:  readfile(uploads/kcfinder/upload/file/books/1230987123.pdf): failed to open stream: No such file or directory in /home4/sast/public_html/telecharge.php on line 5
[21-Oct-2019 07:14:18 America/Chicago] PHP Warning:  readfile(uploads/kcfinder/upload/file/books/1230987123.pdf): failed to open stream: No such file or directory in /home4/sast/public_html/telecharge.php on line 5
[22-Oct-2019 02:15:03 America/Chicago] PHP Warning:  readfile(uploads/kcfinder/upload/file/books/1230987123.pdf): failed to open stream: No such file or directory in /home4/sast/public_html/telecharge.php on line 5
[06-Nov-2019 04:18:58 America/Chicago] PHP Warning:  readfile(uploads/kcfinder/upload/file/books/516663.pdf): failed to open stream: No such file or directory in /home4/sast/public_html/telecharge.php on line 5
[18-Nov-2019 15:00:07 UTC] PHP Fatal error:  Namespace declaration statement has to be the very first statement or after any declare call in the script in /home4/sast/public_html/app/Http/Controllers/Admin/studentscertificatesController.php on line 3
[18-Nov-2019 15:00:48 UTC] PHP Fatal error:  Namespace declaration statement has to be the very first statement or after any declare call in the script in /home4/sast/public_html/app/Http/Controllers/Admin/studentscertificatesController.php on line 3
[30-Nov-2019 03:10:03 America/Chicago] PHP Warning:  readfile(uploads/kcfinder/upload/file/books/516663.pdf): failed to open stream: No such file or directory in /home4/sast/public_html/telecharge.php on line 5
[14-Dec-2019 04:29:59 America/Chicago] PHP Warning:  PHP Startup: SourceGuardian: Unable to initialize module
Module compiled with module API=20160303
PHP    compiled with module API=20100525
These options need to match
 in Unknown on line 0
[14-Dec-2019 04:29:59 America/Chicago] PHP Parse error:  syntax error, unexpected 'class' (T_CLASS), expecting identifier (T_STRING) or variable (T_VARIABLE) or '{' or '$' in /home4/sast/public_html/index.php on line 52
[14-Dec-2019 04:31:10 America/Chicago] PHP Warning:  PHP Startup: SourceGuardian: Unable to initialize module
Module compiled with module API=20160303
PHP    compiled with module API=20100525
These options need to match
 in Unknown on line 0
[14-Dec-2019 04:31:10 America/Chicago] PHP Parse error:  syntax error, unexpected 'class' (T_CLASS), expecting identifier (T_STRING) or variable (T_VARIABLE) or '{' or '$' in /home4/sast/public_html/index.php on line 52
[14-Dec-2019 04:31:58 America/Chicago] PHP Warning:  PHP Startup: SourceGuardian: Unable to initialize module
Module compiled with module API=20160303
PHP    compiled with module API=20100525
These options need to match
 in Unknown on line 0
[14-Dec-2019 04:31:58 America/Chicago] PHP Parse error:  syntax error, unexpected 'class' (T_CLASS), expecting identifier (T_STRING) or variable (T_VARIABLE) or '{' or '$' in /home4/sast/public_html/index.php on line 52
[14-Dec-2019 04:32:00 America/Chicago] PHP Warning:  PHP Startup: SourceGuardian: Unable to initialize module
Module compiled with module API=20160303
PHP    compiled with module API=20100525
These options need to match
 in Unknown on line 0
[14-Dec-2019 04:32:00 America/Chicago] PHP Parse error:  syntax error, unexpected 'class' (T_CLASS), expecting identifier (T_STRING) or variable (T_VARIABLE) or '{' or '$' in /home4/sast/public_html/index.php on line 52
[14-Dec-2019 05:01:02 America/Chicago] PHP Warning:  require(/home4/sast/public_html/vendor/composer/../symfony/polyfill-ctype/bootstrap.php): failed to open stream: No such file or directory in /home4/sast/public_html/vendor/composer/autoload_real.php on line 66
[14-Dec-2019 05:01:02 America/Chicago] PHP Warning:  require(/home4/sast/public_html/vendor/composer/../symfony/polyfill-ctype/bootstrap.php): failed to open stream: No such file or directory in /home4/sast/public_html/vendor/composer/autoload_real.php on line 66
[14-Dec-2019 05:01:02 America/Chicago] PHP Fatal error:  require(): Failed opening required '/home4/sast/public_html/vendor/composer/../symfony/polyfill-ctype/bootstrap.php' (include_path='.:/opt/php71/lib/php') in /home4/sast/public_html/vendor/composer/autoload_real.php on line 66
[14-Dec-2019 05:01:22 America/Chicago] PHP Warning:  require(/home4/sast/public_html/vendor/composer/../symfony/polyfill-ctype/bootstrap.php): failed to open stream: No such file or directory in /home4/sast/public_html/vendor/composer/autoload_real.php on line 66
[14-Dec-2019 05:01:22 America/Chicago] PHP Warning:  require(/home4/sast/public_html/vendor/composer/../symfony/polyfill-ctype/bootstrap.php): failed to open stream: No such file or directory in /home4/sast/public_html/vendor/composer/autoload_real.php on line 66
[14-Dec-2019 05:01:22 America/Chicago] PHP Fatal error:  require(): Failed opening required '/home4/sast/public_html/vendor/composer/../symfony/polyfill-ctype/bootstrap.php' (include_path='.:/opt/php71/lib/php') in /home4/sast/public_html/vendor/composer/autoload_real.php on line 66
[14-Dec-2019 05:10:53 America/Chicago] PHP Warning:  require(/home4/sast/public_html/vendor/composer/../symfony/polyfill-ctype/bootstrap.php): failed to open stream: No such file or directory in /home4/sast/public_html/vendor/composer/autoload_real.php on line 66
[14-Dec-2019 05:10:53 America/Chicago] PHP Warning:  require(/home4/sast/public_html/vendor/composer/../symfony/polyfill-ctype/bootstrap.php): failed to open stream: No such file or directory in /home4/sast/public_html/vendor/composer/autoload_real.php on line 66
[14-Dec-2019 05:10:53 America/Chicago] PHP Fatal error:  require(): Failed opening required '/home4/sast/public_html/vendor/composer/../symfony/polyfill-ctype/bootstrap.php' (include_path='.:/opt/php71/lib/php') in /home4/sast/public_html/vendor/composer/autoload_real.php on line 66
[14-Dec-2019 05:10:53 America/Chicago] PHP Warning:  require(/home4/sast/public_html/vendor/composer/../symfony/polyfill-ctype/bootstrap.php): failed to open stream: No such file or directory in /home4/sast/public_html/vendor/composer/autoload_real.php on line 66
[14-Dec-2019 05:10:53 America/Chicago] PHP Warning:  require(/home4/sast/public_html/vendor/composer/../symfony/polyfill-ctype/bootstrap.php): failed to open stream: No such file or directory in /home4/sast/public_html/vendor/composer/autoload_real.php on line 66
[14-Dec-2019 05:10:53 America/Chicago] PHP Fatal error:  require(): Failed opening required '/home4/sast/public_html/vendor/composer/../symfony/polyfill-ctype/bootstrap.php' (include_path='.:/opt/php71/lib/php') in /home4/sast/public_html/vendor/composer/autoload_real.php on line 66
[14-Dec-2019 05:11:09 America/Chicago] PHP Warning:  require(/home4/sast/public_html/vendor/composer/../symfony/polyfill-ctype/bootstrap.php): failed to open stream: No such file or directory in /home4/sast/public_html/vendor/composer/autoload_real.php on line 66
[14-Dec-2019 05:11:09 America/Chicago] PHP Warning:  require(/home4/sast/public_html/vendor/composer/../symfony/polyfill-ctype/bootstrap.php): failed to open stream: No such file or directory in /home4/sast/public_html/vendor/composer/autoload_real.php on line 66
[14-Dec-2019 05:11:09 America/Chicago] PHP Fatal error:  require(): Failed opening required '/home4/sast/public_html/vendor/composer/../symfony/polyfill-ctype/bootstrap.php' (include_path='.:/opt/php71/lib/php') in /home4/sast/public_html/vendor/composer/autoload_real.php on line 66
[14-Dec-2019 05:11:16 America/Chicago] PHP Warning:  require(/home4/sast/public_html/vendor/composer/../symfony/polyfill-ctype/bootstrap.php): failed to open stream: No such file or directory in /home4/sast/public_html/vendor/composer/autoload_real.php on line 66
[14-Dec-2019 05:11:16 America/Chicago] PHP Warning:  require(/home4/sast/public_html/vendor/composer/../symfony/polyfill-ctype/bootstrap.php): failed to open stream: No such file or directory in /home4/sast/public_html/vendor/composer/autoload_real.php on line 66
[14-Dec-2019 05:11:16 America/Chicago] PHP Fatal error:  require(): Failed opening required '/home4/sast/public_html/vendor/composer/../symfony/polyfill-ctype/bootstrap.php' (include_path='.:/opt/php71/lib/php') in /home4/sast/public_html/vendor/composer/autoload_real.php on line 66
[14-Dec-2019 05:11:17 America/Chicago] PHP Warning:  require(/home4/sast/public_html/vendor/composer/../symfony/polyfill-ctype/bootstrap.php): failed to open stream: No such file or directory in /home4/sast/public_html/vendor/composer/autoload_real.php on line 66
[14-Dec-2019 05:11:17 America/Chicago] PHP Warning:  require(/home4/sast/public_html/vendor/composer/../symfony/polyfill-ctype/bootstrap.php): failed to open stream: No such file or directory in /home4/sast/public_html/vendor/composer/autoload_real.php on line 66
[14-Dec-2019 05:11:17 America/Chicago] PHP Fatal error:  require(): Failed opening required '/home4/sast/public_html/vendor/composer/../symfony/polyfill-ctype/bootstrap.php' (include_path='.:/opt/php71/lib/php') in /home4/sast/public_html/vendor/composer/autoload_real.php on line 66
[14-Dec-2019 05:11:19 America/Chicago] PHP Warning:  require(/home4/sast/public_html/vendor/composer/../symfony/polyfill-ctype/bootstrap.php): failed to open stream: No such file or directory in /home4/sast/public_html/vendor/composer/autoload_real.php on line 66
[14-Dec-2019 05:11:19 America/Chicago] PHP Warning:  require(/home4/sast/public_html/vendor/composer/../symfony/polyfill-ctype/bootstrap.php): failed to open stream: No such file or directory in /home4/sast/public_html/vendor/composer/autoload_real.php on line 66
[14-Dec-2019 05:11:19 America/Chicago] PHP Fatal error:  require(): Failed opening required '/home4/sast/public_html/vendor/composer/../symfony/polyfill-ctype/bootstrap.php' (include_path='.:/opt/php71/lib/php') in /home4/sast/public_html/vendor/composer/autoload_real.php on line 66
[16-Dec-2019 02:54:28 America/Chicago] PHP Fatal error:  Uncaught ReflectionException: Class view does not exist in /home4/sast/public_html/vendor/laravel/framework/src/Illuminate/Container/Container.php:752
Stack trace:
#0 /home4/sast/public_html/vendor/laravel/framework/src/Illuminate/Container/Container.php(752): ReflectionClass->__construct('view')
#1 /home4/sast/public_html/vendor/laravel/framework/src/Illuminate/Container/Container.php(631): Illuminate\Container\Container->build('view')
#2 /home4/sast/public_html/vendor/laravel/framework/src/Illuminate/Container/Container.php(586): Illuminate\Container\Container->resolve('view', Array)
#3 /home4/sast/public_html/vendor/laravel/framework/src/Illuminate/Foundation/Application.php(732): Illuminate\Container\Container->make('view', Array)
#4 /home4/sast/public_html/vendor/laravel/framework/src/Illuminate/Foundation/helpers.php(110): Illuminate\Foundation\Application->make('view', Array)
#5 /home4/sast/public_html/vendor/laravel/framework/src/Illuminate/Foundation/helpers.php(971): app('Illuminate\\Cont...')
#6 /h in /home4/sast/public_html/vendor/laravel/framework/src/Illuminate/Container/Container.php on line 752
[16-Dec-2019 02:54:28 America/Chicago] PHP Fatal error:  Uncaught ReflectionException: Class view does not exist in /home4/sast/public_html/vendor/laravel/framework/src/Illuminate/Container/Container.php:752
Stack trace:
#0 /home4/sast/public_html/vendor/laravel/framework/src/Illuminate/Container/Container.php(752): ReflectionClass->__construct('view')
#1 /home4/sast/public_html/vendor/laravel/framework/src/Illuminate/Container/Container.php(631): Illuminate\Container\Container->build('view')
#2 /home4/sast/public_html/vendor/laravel/framework/src/Illuminate/Container/Container.php(586): Illuminate\Container\Container->resolve('view', Array)
#3 /home4/sast/public_html/vendor/laravel/framework/src/Illuminate/Foundation/Application.php(732): Illuminate\Container\Container->make('view', Array)
#4 /home4/sast/public_html/vendor/laravel/framework/src/Illuminate/Foundation/helpers.php(110): Illuminate\Foundation\Application->make('view', Array)
#5 /home4/sast/public_html/vendor/laravel/framework/src/Illuminate/Foundation/helpers.php(971): app('Illuminate\\Cont...')
#6 /h in /home4/sast/public_html/vendor/laravel/framework/src/Illuminate/Container/Container.php on line 752
[16-Dec-2019 02:54:32 America/Chicago] PHP Fatal error:  Uncaught ReflectionException: Class view does not exist in /home4/sast/public_html/vendor/laravel/framework/src/Illuminate/Container/Container.php:752
Stack trace:
#0 /home4/sast/public_html/vendor/laravel/framework/src/Illuminate/Container/Container.php(752): ReflectionClass->__construct('view')
#1 /home4/sast/public_html/vendor/laravel/framework/src/Illuminate/Container/Container.php(631): Illuminate\Container\Container->build('view')
#2 /home4/sast/public_html/vendor/laravel/framework/src/Illuminate/Container/Container.php(586): Illuminate\Container\Container->resolve('view', Array)
#3 /home4/sast/public_html/vendor/laravel/framework/src/Illuminate/Foundation/Application.php(732): Illuminate\Container\Container->make('view', Array)
#4 /home4/sast/public_html/vendor/laravel/framework/src/Illuminate/Foundation/helpers.php(110): Illuminate\Foundation\Application->make('view', Array)
#5 /home4/sast/public_html/vendor/laravel/framework/src/Illuminate/Foundation/helpers.php(971): app('Illuminate\\Cont...')
#6 /h in /home4/sast/public_html/vendor/laravel/framework/src/Illuminate/Container/Container.php on line 752
[16-Dec-2019 02:54:39 America/Chicago] PHP Fatal error:  Uncaught ReflectionException: Class view does not exist in /home4/sast/public_html/vendor/laravel/framework/src/Illuminate/Container/Container.php:752
Stack trace:
#0 /home4/sast/public_html/vendor/laravel/framework/src/Illuminate/Container/Container.php(752): ReflectionClass->__construct('view')
#1 /home4/sast/public_html/vendor/laravel/framework/src/Illuminate/Container/Container.php(631): Illuminate\Container\Container->build('view')
#2 /home4/sast/public_html/vendor/laravel/framework/src/Illuminate/Container/Container.php(586): Illuminate\Container\Container->resolve('view', Array)
#3 /home4/sast/public_html/vendor/laravel/framework/src/Illuminate/Foundation/Application.php(732): Illuminate\Container\Container->make('view', Array)
#4 /home4/sast/public_html/vendor/laravel/framework/src/Illuminate/Foundation/helpers.php(110): Illuminate\Foundation\Application->make('view', Array)
#5 /home4/sast/public_html/vendor/laravel/framework/src/Illuminate/Foundation/helpers.php(971): app('Illuminate\\Cont...')
#6 /h in /home4/sast/public_html/vendor/laravel/framework/src/Illuminate/Container/Container.php on line 752
[16-Dec-2019 02:54:42 America/Chicago] PHP Fatal error:  Uncaught ReflectionException: Class view does not exist in /home4/sast/public_html/vendor/laravel/framework/src/Illuminate/Container/Container.php:752
Stack trace:
#0 /home4/sast/public_html/vendor/laravel/framework/src/Illuminate/Container/Container.php(752): ReflectionClass->__construct('view')
#1 /home4/sast/public_html/vendor/laravel/framework/src/Illuminate/Container/Container.php(631): Illuminate\Container\Container->build('view')
#2 /home4/sast/public_html/vendor/laravel/framework/src/Illuminate/Container/Container.php(586): Illuminate\Container\Container->resolve('view', Array)
#3 /home4/sast/public_html/vendor/laravel/framework/src/Illuminate/Foundation/Application.php(732): Illuminate\Container\Container->make('view', Array)
#4 /home4/sast/public_html/vendor/laravel/framework/src/Illuminate/Foundation/helpers.php(110): Illuminate\Foundation\Application->make('view', Array)
#5 /home4/sast/public_html/vendor/laravel/framework/src/Illuminate/Foundation/helpers.php(971): app('Illuminate\\Cont...')
#6 /h in /home4/sast/public_html/vendor/laravel/framework/src/Illuminate/Container/Container.php on line 752
[16-Dec-2019 02:54:54 America/Chicago] PHP Fatal error:  Uncaught ReflectionException: Class view does not exist in /home4/sast/public_html/vendor/laravel/framework/src/Illuminate/Container/Container.php:752
Stack trace:
#0 /home4/sast/public_html/vendor/laravel/framework/src/Illuminate/Container/Container.php(752): ReflectionClass->__construct('view')
#1 /home4/sast/public_html/vendor/laravel/framework/src/Illuminate/Container/Container.php(631): Illuminate\Container\Container->build('view')
#2 /home4/sast/public_html/vendor/laravel/framework/src/Illuminate/Container/Container.php(586): Illuminate\Container\Container->resolve('view', Array)
#3 /home4/sast/public_html/vendor/laravel/framework/src/Illuminate/Foundation/Application.php(732): Illuminate\Container\Container->make('view', Array)
#4 /home4/sast/public_html/vendor/laravel/framework/src/Illuminate/Foundation/helpers.php(110): Illuminate\Foundation\Application->make('view', Array)
#5 /home4/sast/public_html/vendor/laravel/framework/src/Illuminate/Foundation/helpers.php(971): app('Illuminate\\Cont...')
#6 /h in /home4/sast/public_html/vendor/laravel/framework/src/Illuminate/Container/Container.php on line 752
[16-Dec-2019 02:54:57 America/Chicago] PHP Fatal error:  Uncaught ReflectionException: Class view does not exist in /home4/sast/public_html/vendor/laravel/framework/src/Illuminate/Container/Container.php:752
Stack trace:
#0 /home4/sast/public_html/vendor/laravel/framework/src/Illuminate/Container/Container.php(752): ReflectionClass->__construct('view')
#1 /home4/sast/public_html/vendor/laravel/framework/src/Illuminate/Container/Container.php(631): Illuminate\Container\Container->build('view')
#2 /home4/sast/public_html/vendor/laravel/framework/src/Illuminate/Container/Container.php(586): Illuminate\Container\Container->resolve('view', Array)
#3 /home4/sast/public_html/vendor/laravel/framework/src/Illuminate/Foundation/Application.php(732): Illuminate\Container\Container->make('view', Array)
#4 /home4/sast/public_html/vendor/laravel/framework/src/Illuminate/Foundation/helpers.php(110): Illuminate\Foundation\Application->make('view', Array)
#5 /home4/sast/public_html/vendor/laravel/framework/src/Illuminate/Foundation/helpers.php(971): app('Illuminate\\Cont...')
#6 /h in /home4/sast/public_html/vendor/laravel/framework/src/Illuminate/Container/Container.php on line 752
[16-Dec-2019 04:38:45 America/Chicago] PHP Warning:  require(/home4/sast/public_html/vendor/composer/../symfony/polyfill-ctype/bootstrap.php): failed to open stream: No such file or directory in /home4/sast/public_html/vendor/composer/autoload_real.php on line 66
[16-Dec-2019 04:38:45 America/Chicago] PHP Warning:  require(/home4/sast/public_html/vendor/composer/../symfony/polyfill-ctype/bootstrap.php): failed to open stream: No such file or directory in /home4/sast/public_html/vendor/composer/autoload_real.php on line 66
[16-Dec-2019 04:38:45 America/Chicago] PHP Fatal error:  require(): Failed opening required '/home4/sast/public_html/vendor/composer/../symfony/polyfill-ctype/bootstrap.php' (include_path='.:/opt/php71/lib/php') in /home4/sast/public_html/vendor/composer/autoload_real.php on line 66
[16-Dec-2019 04:39:29 America/Chicago] PHP Warning:  require(/home4/sast/public_html/vendor/composer/../symfony/polyfill-ctype/bootstrap.php): failed to open stream: No such file or directory in /home4/sast/public_html/vendor/composer/autoload_real.php on line 66
[16-Dec-2019 04:39:29 America/Chicago] PHP Warning:  require(/home4/sast/public_html/vendor/composer/../symfony/polyfill-ctype/bootstrap.php): failed to open stream: No such file or directory in /home4/sast/public_html/vendor/composer/autoload_real.php on line 66
[16-Dec-2019 04:39:29 America/Chicago] PHP Fatal error:  require(): Failed opening required '/home4/sast/public_html/vendor/composer/../symfony/polyfill-ctype/bootstrap.php' (include_path='.:/opt/php71/lib/php') in /home4/sast/public_html/vendor/composer/autoload_real.php on line 66
[16-Dec-2019 04:41:13 America/Chicago] PHP Warning:  require(/home4/sast/public_html/vendor/composer/../symfony/polyfill-ctype/bootstrap.php): failed to open stream: No such file or directory in /home4/sast/public_html/vendor/composer/autoload_real.php on line 66
[16-Dec-2019 04:41:13 America/Chicago] PHP Warning:  require(/home4/sast/public_html/vendor/composer/../symfony/polyfill-ctype/bootstrap.php): failed to open stream: No such file or directory in /home4/sast/public_html/vendor/composer/autoload_real.php on line 66
[16-Dec-2019 04:41:13 America/Chicago] PHP Fatal error:  require(): Failed opening required '/home4/sast/public_html/vendor/composer/../symfony/polyfill-ctype/bootstrap.php' (include_path='.:/opt/php71/lib/php') in /home4/sast/public_html/vendor/composer/autoload_real.php on line 66
[16-Dec-2019 04:42:01 America/Chicago] PHP Warning:  require(/home4/sast/public_html/vendor/composer/../symfony/polyfill-ctype/bootstrap.php): failed to open stream: No such file or directory in /home4/sast/public_html/vendor/composer/autoload_real.php on line 66
[16-Dec-2019 04:42:01 America/Chicago] PHP Warning:  require(/home4/sast/public_html/vendor/composer/../symfony/polyfill-ctype/bootstrap.php): failed to open stream: No such file or directory in /home4/sast/public_html/vendor/composer/autoload_real.php on line 66
[16-Dec-2019 04:42:01 America/Chicago] PHP Fatal error:  require(): Failed opening required '/home4/sast/public_html/vendor/composer/../symfony/polyfill-ctype/bootstrap.php' (include_path='.:/opt/php71/lib/php') in /home4/sast/public_html/vendor/composer/autoload_real.php on line 66
[16-Dec-2019 04:49:04 America/Chicago] PHP Warning:  require(/home4/sast/public_html/vendor/composer/../ralouphie/getallheaders/src/getallheaders.php): failed to open stream: No such file or directory in /home4/sast/public_html/vendor/composer/autoload_real.php on line 66
[16-Dec-2019 04:49:04 America/Chicago] PHP Warning:  require(/home4/sast/public_html/vendor/composer/../ralouphie/getallheaders/src/getallheaders.php): failed to open stream: No such file or directory in /home4/sast/public_html/vendor/composer/autoload_real.php on line 66
[16-Dec-2019 04:49:04 America/Chicago] PHP Fatal error:  require(): Failed opening required '/home4/sast/public_html/vendor/composer/../ralouphie/getallheaders/src/getallheaders.php' (include_path='.:/opt/php71/lib/php') in /home4/sast/public_html/vendor/composer/autoload_real.php on line 66
[16-Dec-2019 04:50:20 America/Chicago] PHP Warning:  require(/home4/sast/public_html/vendor/composer/../psy/psysh/src/functions.php): failed to open stream: No such file or directory in /home4/sast/public_html/vendor/composer/autoload_real.php on line 66
[16-Dec-2019 04:50:20 America/Chicago] PHP Warning:  require(/home4/sast/public_html/vendor/composer/../psy/psysh/src/functions.php): failed to open stream: No such file or directory in /home4/sast/public_html/vendor/composer/autoload_real.php on line 66
[16-Dec-2019 04:50:20 America/Chicago] PHP Fatal error:  require(): Failed opening required '/home4/sast/public_html/vendor/composer/../psy/psysh/src/functions.php' (include_path='.:/opt/php71/lib/php') in /home4/sast/public_html/vendor/composer/autoload_real.php on line 66
[17-Dec-2019 08:42:50 UTC] PHP Warning:  Uncaught ErrorException: require_once(/home4/sast/public_html/vendor/dompdf/dompdf/I18N/Arabic/Glyphs.php): failed to open stream: No such file or directory in /home4/sast/public_html/vendor/dompdf/dompdf/src/Renderer/Text.php:98
Stack trace:
#0 /home4/sast/public_html/vendor/dompdf/dompdf/src/Renderer/Text.php(98): Illuminate\Foundation\Bootstrap\HandleExceptions->handleError(2, 'require_once(/h...', '/home4/sast/pub...', 98, Array)
#1 /home4/sast/public_html/vendor/dompdf/dompdf/src/Renderer/Text.php(98): require_once()
#2 /home4/sast/public_html/vendor/dompdf/dompdf/src/Renderer.php(293): Dompdf\Renderer\Text->render(Object(Dompdf\FrameDecorator\Text))
#3 /home4/sast/public_html/vendor/dompdf/dompdf/src/Renderer.php(106): Dompdf\Renderer->_render_frame('text', Object(Dompdf\FrameDecorator\Text))
#4 /home4/sast/public_html/vendor/dompdf/dompdf/src/Renderer.php(194): Dompdf\Renderer->render(Object(Dompdf\FrameDecorator\Text))
#5 /home4/sast/public_html/vendor/dompdf/dompdf/src/Renderer.php(194): Dompdf\Rende in /home4/sast/public_html/vendor/dompdf/dompdf/src/Renderer/Text.php on line 98
[17-Dec-2019 08:42:50 UTC] PHP Fatal error:  Dompdf\Renderer\Text::render(): Failed opening required '/home4/sast/public_html/vendor/dompdf/dompdf/I18N/Arabic/Glyphs.php' (include_path='.:/opt/php71/lib/php') in /home4/sast/public_html/vendor/dompdf/dompdf/src/Renderer/Text.php on line 98
[17-Jan-2020 13:36:27 UTC] PHP Fatal error:  Cannot declare class I18N_Arabic_Glyphs, because the name is already in use in /home4/sast/public_html/vendor/dompdf/dompdf/I18N/Arabic/Glyphs.php on line 84
[17-Jan-2020 13:39:33 UTC] PHP Fatal error:  Cannot declare class I18N_Arabic_Glyphs, because the name is already in use in /home4/sast/public_html/vendor/dompdf/dompdf/I18N/Arabic/Glyphs.php on line 84
[17-Jan-2020 13:42:40 UTC] PHP Fatal error:  Cannot declare class I18N_Arabic_Glyphs, because the name is already in use in /home4/sast/public_html/vendor/dompdf/dompdf/I18N/Arabic/Glyphs.php on line 84
[17-Jan-2020 13:43:22 UTC] PHP Fatal error:  Cannot declare class I18N_Arabic_Glyphs, because the name is already in use in /home4/sast/public_html/vendor/dompdf/dompdf/I18N/Arabic/Glyphs.php on line 84
[17-Jan-2020 13:46:01 UTC] PHP Fatal error:  Cannot declare class I18N_Arabic_Glyphs, because the name is already in use in /home4/sast/public_html/vendor/dompdf/dompdf/I18N/Arabic/Glyphs.php on line 84
[17-Jan-2020 13:47:14 UTC] PHP Fatal error:  Cannot declare class I18N_Arabic_Glyphs, because the name is already in use in /home4/sast/public_html/vendor/dompdf/dompdf/I18N/Arabic/Glyphs.php on line 84
[17-Jan-2020 13:49:46 UTC] PHP Fatal error:  Cannot declare class I18N_Arabic_Glyphs, because the name is already in use in /home4/sast/public_html/vendor/dompdf/dompdf/I18N/Arabic/Glyphs.php on line 84
[10-Feb-2020 16:30:03 UTC] PHP Fatal error:  Cannot declare class I18N_Arabic_Glyphs, because the name is already in use in /home4/sast/public_html/assets/I18N/Arabic/Glyphs.php on line 83
[10-Feb-2020 16:41:31 UTC] PHP Fatal error:  Cannot declare class I18N_Arabic_Glyphs, because the name is already in use in /home4/sast/public_html/assets/I18N/Arabic/Glyphs.php on line 83
[10-Feb-2020 16:42:32 UTC] PHP Fatal error:  Cannot declare class I18N_Arabic_Glyphs, because the name is already in use in /home4/sast/public_html/assets/I18N/Arabic/Glyphs.php on line 83
[10-Feb-2020 16:45:21 UTC] PHP Fatal error:  Cannot declare class I18N_Arabic_Glyphs, because the name is already in use in /home4/sast/public_html/assets/I18N/Arabic/Glyphs.php on line 83
[10-Apr-2020 06:42:28 UTC] PHP Fatal error:  Allowed memory size of 268435456 bytes exhausted (tried to allocate 36864 bytes) in /home4/sast/public_html/vendor/laravel/framework/src/Illuminate/Database/Connectors/Connector.php on line 67
[10-Apr-2020 06:42:28 UTC] PHP Fatal error:  Allowed memory size of 268435456 bytes exhausted (tried to allocate 32768 bytes) in /home4/sast/public_html/vendor/symfony/debug/Exception/FatalErrorException.php on line 1
[10-Apr-2020 06:42:36 UTC] PHP Fatal error:  Allowed memory size of 268435456 bytes exhausted (tried to allocate 36864 bytes) in /home4/sast/public_html/vendor/laravel/framework/src/Illuminate/Database/Connectors/Connector.php on line 67
[10-Apr-2020 06:42:36 UTC] PHP Fatal error:  Allowed memory size of 268435456 bytes exhausted (tried to allocate 32768 bytes) in /home4/sast/public_html/vendor/symfony/debug/Exception/FatalErrorException.php on line 1
[10-Apr-2020 06:42:45 UTC] PHP Fatal error:  Allowed memory size of 268435456 bytes exhausted (tried to allocate 36864 bytes) in /home4/sast/public_html/vendor/laravel/framework/src/Illuminate/Database/Connectors/Connector.php on line 67
[10-Apr-2020 06:42:45 UTC] PHP Fatal error:  Allowed memory size of 268435456 bytes exhausted (tried to allocate 32768 bytes) in /home4/sast/public_html/vendor/symfony/debug/Exception/FatalErrorException.php on line 1
[20-Apr-2020 12:06:18 UTC] PHP Fatal error:  Cannot use App\CourseRating as CourseRating because the name is already in use in /home4/sast/public_html/app/Http/Controllers/Front/SiteController.php on line 27
[20-Apr-2020 12:06:19 UTC] PHP Fatal error:  Cannot use App\CourseRating as CourseRating because the name is already in use in /home4/sast/public_html/app/Http/Controllers/Front/SiteController.php on line 27
[20-Apr-2020 12:06:19 UTC] PHP Fatal error:  Cannot use App\CourseRating as CourseRating because the name is already in use in /home4/sast/public_html/app/Http/Controllers/Front/SiteController.php on line 27
[20-Apr-2020 12:06:23 UTC] PHP Fatal error:  Cannot use App\CourseRating as CourseRating because the name is already in use in /home4/sast/public_html/app/Http/Controllers/Front/SiteController.php on line 27
[20-Apr-2020 12:06:38 UTC] PHP Fatal error:  Cannot use App\CourseRating as CourseRating because the name is already in use in /home4/sast/public_html/app/Http/Controllers/Front/SiteController.php on line 27
[20-Apr-2020 12:06:38 UTC] PHP Fatal error:  Cannot use App\CourseRating as CourseRating because the name is already in use in /home4/sast/public_html/app/Http/Controllers/Front/SiteController.php on line 27
[20-Apr-2020 12:06:50 UTC] PHP Fatal error:  Cannot use App\CourseRating as CourseRating because the name is already in use in /home4/sast/public_html/app/Http/Controllers/Front/SiteController.php on line 27
[20-Apr-2020 12:06:53 UTC] PHP Fatal error:  Cannot use App\CourseRating as CourseRating because the name is already in use in /home4/sast/public_html/app/Http/Controllers/Front/SiteController.php on line 27
[20-Apr-2020 12:07:04 UTC] PHP Fatal error:  Cannot use App\CourseRating as CourseRating because the name is already in use in /home4/sast/public_html/app/Http/Controllers/Front/SiteController.php on line 27
[20-Apr-2020 12:07:05 UTC] PHP Fatal error:  Cannot use App\CourseRating as CourseRating because the name is already in use in /home4/sast/public_html/app/Http/Controllers/Front/SiteController.php on line 27
[20-Apr-2020 12:07:07 UTC] PHP Fatal error:  Cannot use App\CourseRating as CourseRating because the name is already in use in /home4/sast/public_html/app/Http/Controllers/Front/SiteController.php on line 27
[20-Apr-2020 12:07:08 UTC] PHP Fatal error:  Cannot use App\CourseRating as CourseRating because the name is already in use in /home4/sast/public_html/app/Http/Controllers/Front/SiteController.php on line 27
[20-Apr-2020 12:07:09 UTC] PHP Fatal error:  Cannot use App\CourseRating as CourseRating because the name is already in use in /home4/sast/public_html/app/Http/Controllers/Front/SiteController.php on line 27
[20-Apr-2020 12:07:09 UTC] PHP Fatal error:  Cannot use App\CourseRating as CourseRating because the name is already in use in /home4/sast/public_html/app/Http/Controllers/Front/SiteController.php on line 27
[20-Apr-2020 12:07:09 UTC] PHP Fatal error:  Cannot use App\CourseRating as CourseRating because the name is already in use in /home4/sast/public_html/app/Http/Controllers/Front/SiteController.php on line 27
[20-Apr-2020 12:07:10 UTC] PHP Fatal error:  Cannot use App\CourseRating as CourseRating because the name is already in use in /home4/sast/public_html/app/Http/Controllers/Front/SiteController.php on line 27
[20-Apr-2020 12:07:11 UTC] PHP Fatal error:  Cannot use App\CourseRating as CourseRating because the name is already in use in /home4/sast/public_html/app/Http/Controllers/Front/SiteController.php on line 27
[20-Apr-2020 12:07:11 UTC] PHP Fatal error:  Cannot use App\CourseRating as CourseRating because the name is already in use in /home4/sast/public_html/app/Http/Controllers/Front/SiteController.php on line 27
[20-Apr-2020 12:07:15 UTC] PHP Fatal error:  Cannot use App\CourseRating as CourseRating because the name is already in use in /home4/sast/public_html/app/Http/Controllers/Front/SiteController.php on line 27
[20-Apr-2020 12:07:24 UTC] PHP Fatal error:  Cannot use App\CourseRating as CourseRating because the name is already in use in /home4/sast/public_html/app/Http/Controllers/Front/SiteController.php on line 27
[22-Apr-2020 06:42:03 UTC] PHP Fatal error:  Allowed memory size of 268435456 bytes exhausted (tried to allocate 20480 bytes) in /home4/sast/public_html/vendor/laravel/framework/src/Illuminate/Database/Connectors/Connector.php on line 67
[22-Apr-2020 06:42:03 UTC] PHP Fatal error:  Allowed memory size of 268435456 bytes exhausted (tried to allocate 20480 bytes) in /home4/sast/public_html/vendor/laravel/framework/src/Illuminate/Foundation/Bootstrap/HandleExceptions.php on line 122
[22-Apr-2020 06:42:08 UTC] PHP Fatal error:  Allowed memory size of 268435456 bytes exhausted (tried to allocate 135168 bytes) in /home4/sast/public_html/vendor/laravel/framework/src/Illuminate/Database/Connectors/Connector.php on line 67
[22-Apr-2020 06:42:08 UTC] PHP Fatal error:  Allowed memory size of 268435456 bytes exhausted (tried to allocate 20480 bytes) in /home4/sast/public_html/vendor/laravel/framework/src/Illuminate/Support/Collection.php on line 863
[22-Apr-2020 06:42:18 UTC] PHP Fatal error:  Allowed memory size of 268435456 bytes exhausted (tried to allocate 20480 bytes) in /home4/sast/public_html/vendor/laravel/framework/src/Illuminate/Database/Connectors/Connector.php on line 67
[22-Apr-2020 06:42:18 UTC] PHP Fatal error:  Allowed memory size of 268435456 bytes exhausted (tried to allocate 20480 bytes) in /home4/sast/public_html/vendor/laravel/framework/src/Illuminate/Foundation/Bootstrap/HandleExceptions.php on line 122
[23-Apr-2020 21:17:34 UTC] PHP Fatal error:  Allowed memory size of 268435456 bytes exhausted (tried to allocate 58736640 bytes) in /home4/sast/public_html/storage/framework/views/0461ae2a2a7e561feb300eae93798de587775388.php on line 74
[23-Apr-2020 21:17:34 UTC] PHP Fatal error:  Allowed memory size of 268435456 bytes exhausted (tried to allocate 58884096 bytes) in /home4/sast/public_html/vendor/symfony/http-foundation/Response.php on line 358
[23-Apr-2020 21:17:34 UTC] PHP Fatal error:  Allowed memory size of 268435456 bytes exhausted (tried to allocate 58720256 bytes) in Unknown on line 0
[23-Apr-2020 21:18:33 UTC] PHP Fatal error:  Allowed memory size of 268435456 bytes exhausted (tried to allocate 73936088 bytes) in /home4/sast/public_html/vendor/laravel/framework/src/Illuminate/View/Concerns/ManagesLayouts.php on line 93
[23-Apr-2020 21:18:33 UTC] PHP Fatal error:  Allowed memory size of 268435456 bytes exhausted (tried to allocate 74096640 bytes) in /home4/sast/public_html/vendor/symfony/http-foundation/Response.php on line 1276
[25-Apr-2020 03:09:49 UTC] PHP Fatal error:  Allowed memory size of 268435456 bytes exhausted (tried to allocate 20480 bytes) in /home4/sast/public_html/vendor/laravel/framework/src/Illuminate/Database/Connectors/Connector.php on line 67
[25-Apr-2020 03:09:49 UTC] PHP Fatal error:  Allowed memory size of 268435456 bytes exhausted (tried to allocate 20480 bytes) in /home4/sast/public_html/vendor/laravel/framework/src/Illuminate/Foundation/Bootstrap/HandleExceptions.php on line 122
[25-Apr-2020 03:09:51 UTC] PHP Fatal error:  Allowed memory size of 268435456 bytes exhausted (tried to allocate 20480 bytes) in /home4/sast/public_html/vendor/laravel/framework/src/Illuminate/Database/Connectors/Connector.php on line 67
[25-Apr-2020 03:09:51 UTC] PHP Fatal error:  Allowed memory size of 268435456 bytes exhausted (tried to allocate 20480 bytes) in /home4/sast/public_html/vendor/laravel/framework/src/Illuminate/Foundation/Bootstrap/HandleExceptions.php on line 122
[25-Apr-2020 03:09:55 UTC] PHP Fatal error:  Allowed memory size of 268435456 bytes exhausted (tried to allocate 20480 bytes) in /home4/sast/public_html/vendor/laravel/framework/src/Illuminate/Database/Connectors/Connector.php on line 67
[25-Apr-2020 03:09:55 UTC] PHP Fatal error:  Allowed memory size of 268435456 bytes exhausted (tried to allocate 20480 bytes) in /home4/sast/public_html/vendor/laravel/framework/src/Illuminate/Foundation/Bootstrap/HandleExceptions.php on line 122
[25-Apr-2020 03:10:04 UTC] PHP Fatal error:  Allowed memory size of 268435456 bytes exhausted (tried to allocate 20480 bytes) in /home4/sast/public_html/vendor/laravel/framework/src/Illuminate/Database/Connectors/Connector.php on line 67
[25-Apr-2020 03:10:04 UTC] PHP Fatal error:  Allowed memory size of 268435456 bytes exhausted (tried to allocate 20480 bytes) in /home4/sast/public_html/vendor/laravel/framework/src/Illuminate/Foundation/Bootstrap/HandleExceptions.php on line 122
[25-Apr-2020 03:10:26 UTC] PHP Fatal error:  Allowed memory size of 268435456 bytes exhausted (tried to allocate 20480 bytes) in /home4/sast/public_html/vendor/laravel/framework/src/Illuminate/Database/Connectors/Connector.php on line 67
[25-Apr-2020 03:10:26 UTC] PHP Fatal error:  Allowed memory size of 268435456 bytes exhausted (tried to allocate 20480 bytes) in /home4/sast/public_html/vendor/laravel/framework/src/Illuminate/Foundation/Bootstrap/HandleExceptions.php on line 122
[25-Apr-2020 03:10:28 UTC] PHP Fatal error:  Allowed memory size of 268435456 bytes exhausted (tried to allocate 20480 bytes) in /home4/sast/public_html/vendor/laravel/framework/src/Illuminate/Database/Connectors/Connector.php on line 67
[25-Apr-2020 03:10:28 UTC] PHP Fatal error:  Allowed memory size of 268435456 bytes exhausted (tried to allocate 20480 bytes) in /home4/sast/public_html/vendor/laravel/framework/src/Illuminate/Foundation/Bootstrap/HandleExceptions.php on line 122
[25-Apr-2020 03:10:35 UTC] PHP Fatal error:  Allowed memory size of 268435456 bytes exhausted (tried to allocate 36864 bytes) in /home4/sast/public_html/vendor/laravel/framework/src/Illuminate/Database/Connectors/Connector.php on line 67
[25-Apr-2020 03:10:35 UTC] PHP Fatal error:  Allowed memory size of 268435456 bytes exhausted (tried to allocate 32768 bytes) in /home4/sast/public_html/vendor/symfony/debug/Exception/FatalErrorException.php on line 1
[25-Apr-2020 03:10:40 UTC] PHP Fatal error:  Allowed memory size of 268435456 bytes exhausted (tried to allocate 20480 bytes) in /home4/sast/public_html/vendor/laravel/framework/src/Illuminate/Database/Connectors/Connector.php on line 67
[25-Apr-2020 03:10:40 UTC] PHP Fatal error:  Allowed memory size of 268435456 bytes exhausted (tried to allocate 20480 bytes) in /home4/sast/public_html/vendor/laravel/framework/src/Illuminate/Foundation/Bootstrap/HandleExceptions.php on line 122
[25-Apr-2020 03:10:42 UTC] PHP Fatal error:  Allowed memory size of 268435456 bytes exhausted (tried to allocate 20480 bytes) in /home4/sast/public_html/vendor/laravel/framework/src/Illuminate/Database/Connectors/Connector.php on line 67
[25-Apr-2020 03:10:42 UTC] PHP Fatal error:  Allowed memory size of 268435456 bytes exhausted (tried to allocate 20480 bytes) in /home4/sast/public_html/vendor/laravel/framework/src/Illuminate/Foundation/Bootstrap/HandleExceptions.php on line 122
[25-Apr-2020 03:10:49 UTC] PHP Fatal error:  Allowed memory size of 268435456 bytes exhausted (tried to allocate 20480 bytes) in /home4/sast/public_html/vendor/laravel/framework/src/Illuminate/Database/Connectors/Connector.php on line 67
[25-Apr-2020 03:10:49 UTC] PHP Fatal error:  Allowed memory size of 268435456 bytes exhausted (tried to allocate 20480 bytes) in /home4/sast/public_html/vendor/laravel/framework/src/Illuminate/Foundation/Bootstrap/HandleExceptions.php on line 122
[25-Apr-2020 03:10:49 UTC] PHP Fatal error:  Allowed memory size of 268435456 bytes exhausted (tried to allocate 20480 bytes) in /home4/sast/public_html/vendor/laravel/framework/src/Illuminate/Database/Connectors/Connector.php on line 67
[25-Apr-2020 03:10:49 UTC] PHP Fatal error:  Allowed memory size of 268435456 bytes exhausted (tried to allocate 20480 bytes) in /home4/sast/public_html/vendor/laravel/framework/src/Illuminate/Foundation/Bootstrap/HandleExceptions.php on line 122
[25-Apr-2020 03:10:52 UTC] PHP Fatal error:  Allowed memory size of 268435456 bytes exhausted (tried to allocate 20480 bytes) in /home4/sast/public_html/vendor/laravel/framework/src/Illuminate/Database/Connectors/Connector.php on line 67
[25-Apr-2020 03:10:52 UTC] PHP Fatal error:  Allowed memory size of 268435456 bytes exhausted (tried to allocate 20480 bytes) in /home4/sast/public_html/vendor/laravel/framework/src/Illuminate/Foundation/Bootstrap/HandleExceptions.php on line 122
[25-Apr-2020 03:10:54 UTC] PHP Fatal error:  Allowed memory size of 268435456 bytes exhausted (tried to allocate 20480 bytes) in /home4/sast/public_html/vendor/laravel/framework/src/Illuminate/Database/Connectors/Connector.php on line 67
[25-Apr-2020 03:10:54 UTC] PHP Fatal error:  Allowed memory size of 268435456 bytes exhausted (tried to allocate 32768 bytes) in /home4/sast/public_html/vendor/symfony/debug/Exception/FatalErrorException.php on line 1
[25-Apr-2020 03:10:55 UTC] PHP Fatal error:  Allowed memory size of 268435456 bytes exhausted (tried to allocate 20480 bytes) in /home4/sast/public_html/vendor/laravel/framework/src/Illuminate/Database/Connectors/Connector.php on line 67
[25-Apr-2020 03:10:55 UTC] PHP Fatal error:  Allowed memory size of 268435456 bytes exhausted (tried to allocate 20480 bytes) in /home4/sast/public_html/vendor/laravel/framework/src/Illuminate/Foundation/Bootstrap/HandleExceptions.php on line 122
[25-Apr-2020 03:10:58 UTC] PHP Fatal error:  Allowed memory size of 268435456 bytes exhausted (tried to allocate 20480 bytes) in /home4/sast/public_html/vendor/laravel/framework/src/Illuminate/Database/Connectors/Connector.php on line 67
[25-Apr-2020 03:10:58 UTC] PHP Fatal error:  Allowed memory size of 268435456 bytes exhausted (tried to allocate 32768 bytes) in /home4/sast/public_html/vendor/symfony/debug/Exception/FatalErrorException.php on line 1
[25-Apr-2020 03:11:17 UTC] PHP Fatal error:  Allowed memory size of 268435456 bytes exhausted (tried to allocate 20480 bytes) in /home4/sast/public_html/vendor/laravel/framework/src/Illuminate/Database/Connectors/Connector.php on line 67
[25-Apr-2020 03:11:17 UTC] PHP Fatal error:  Allowed memory size of 268435456 bytes exhausted (tried to allocate 20480 bytes) in /home4/sast/public_html/vendor/laravel/framework/src/Illuminate/Foundation/Bootstrap/HandleExceptions.php on line 122
[25-Apr-2020 03:11:22 UTC] PHP Fatal error:  Allowed memory size of 268435456 bytes exhausted (tried to allocate 20480 bytes) in /home4/sast/public_html/vendor/laravel/framework/src/Illuminate/Database/Connectors/Connector.php on line 67
[25-Apr-2020 03:11:22 UTC] PHP Fatal error:  Allowed memory size of 268435456 bytes exhausted (tried to allocate 32768 bytes) in /home4/sast/public_html/vendor/symfony/debug/Exception/FatalErrorException.php on line 1
[25-Apr-2020 03:11:45 UTC] PHP Fatal error:  Allowed memory size of 268435456 bytes exhausted (tried to allocate 20480 bytes) in /home4/sast/public_html/vendor/laravel/framework/src/Illuminate/Database/Connectors/Connector.php on line 67
[25-Apr-2020 03:11:45 UTC] PHP Fatal error:  Allowed memory size of 268435456 bytes exhausted (tried to allocate 20480 bytes) in /home4/sast/public_html/vendor/laravel/framework/src/Illuminate/Foundation/Bootstrap/HandleExceptions.php on line 122
[25-Apr-2020 03:11:52 UTC] PHP Fatal error:  Allowed memory size of 268435456 bytes exhausted (tried to allocate 20480 bytes) in /home4/sast/public_html/vendor/laravel/framework/src/Illuminate/Database/Connectors/Connector.php on line 67
[25-Apr-2020 03:11:52 UTC] PHP Fatal error:  Allowed memory size of 268435456 bytes exhausted (tried to allocate 20480 bytes) in /home4/sast/public_html/vendor/laravel/framework/src/Illuminate/Foundation/Bootstrap/HandleExceptions.php on line 122
[25-Apr-2020 03:11:55 UTC] PHP Fatal error:  Allowed memory size of 268435456 bytes exhausted (tried to allocate 20480 bytes) in /home4/sast/public_html/vendor/laravel/framework/src/Illuminate/Database/Connectors/Connector.php on line 67
[25-Apr-2020 03:11:55 UTC] PHP Fatal error:  Allowed memory size of 268435456 bytes exhausted (tried to allocate 20480 bytes) in /home4/sast/public_html/vendor/laravel/framework/src/Illuminate/Foundation/Bootstrap/HandleExceptions.php on line 122
[25-Apr-2020 03:11:58 UTC] PHP Fatal error:  Allowed memory size of 268435456 bytes exhausted (tried to allocate 20480 bytes) in /home4/sast/public_html/vendor/laravel/framework/src/Illuminate/Database/Connectors/Connector.php on line 67
[25-Apr-2020 03:11:58 UTC] PHP Fatal error:  Allowed memory size of 268435456 bytes exhausted (tried to allocate 20480 bytes) in /home4/sast/public_html/vendor/laravel/framework/src/Illuminate/Foundation/Bootstrap/HandleExceptions.php on line 122
[25-Apr-2020 03:13:09 UTC] PHP Fatal error:  Allowed memory size of 268435456 bytes exhausted (tried to allocate 20480 bytes) in /home4/sast/public_html/vendor/laravel/framework/src/Illuminate/Database/Connectors/Connector.php on line 67
[25-Apr-2020 03:13:09 UTC] PHP Fatal error:  Allowed memory size of 268435456 bytes exhausted (tried to allocate 32768 bytes) in /home4/sast/public_html/vendor/symfony/debug/Exception/FatalErrorException.php on line 1
[25-Apr-2020 03:13:13 UTC] PHP Fatal error:  Allowed memory size of 268435456 bytes exhausted (tried to allocate 20480 bytes) in /home4/sast/public_html/vendor/laravel/framework/src/Illuminate/Database/Connectors/Connector.php on line 67
[25-Apr-2020 03:13:13 UTC] PHP Fatal error:  Allowed memory size of 268435456 bytes exhausted (tried to allocate 32768 bytes) in /home4/sast/public_html/vendor/symfony/debug/Exception/FatalErrorException.php on line 1
[25-Apr-2020 03:14:45 UTC] PHP Fatal error:  Allowed memory size of 268435456 bytes exhausted (tried to allocate 20480 bytes) in /home4/sast/public_html/vendor/laravel/framework/src/Illuminate/Database/Connectors/Connector.php on line 67
[25-Apr-2020 03:14:45 UTC] PHP Fatal error:  Allowed memory size of 268435456 bytes exhausted (tried to allocate 32768 bytes) in /home4/sast/public_html/vendor/symfony/debug/Exception/FatalErrorException.php on line 1
[25-Apr-2020 03:14:47 UTC] PHP Fatal error:  Allowed memory size of 268435456 bytes exhausted (tried to allocate 20480 bytes) in /home4/sast/public_html/vendor/laravel/framework/src/Illuminate/Database/Connectors/Connector.php on line 67
[25-Apr-2020 03:14:47 UTC] PHP Fatal error:  Allowed memory size of 268435456 bytes exhausted (tried to allocate 32768 bytes) in /home4/sast/public_html/vendor/symfony/debug/Exception/FatalErrorException.php on line 1
[25-Apr-2020 03:14:49 UTC] PHP Fatal error:  Allowed memory size of 268435456 bytes exhausted (tried to allocate 20480 bytes) in /home4/sast/public_html/vendor/laravel/framework/src/Illuminate/Database/Connectors/Connector.php on line 67
[25-Apr-2020 03:14:49 UTC] PHP Fatal error:  Allowed memory size of 268435456 bytes exhausted (tried to allocate 32768 bytes) in /home4/sast/public_html/vendor/symfony/debug/Exception/FatalErrorException.php on line 1
[25-Apr-2020 03:15:52 UTC] PHP Fatal error:  Allowed memory size of 268435456 bytes exhausted (tried to allocate 20480 bytes) in /home4/sast/public_html/vendor/laravel/framework/src/Illuminate/Database/Connectors/Connector.php on line 67
[25-Apr-2020 03:15:52 UTC] PHP Fatal error:  Allowed memory size of 268435456 bytes exhausted (tried to allocate 20480 bytes) in /home4/sast/public_html/vendor/laravel/framework/src/Illuminate/Foundation/Bootstrap/HandleExceptions.php on line 122
[25-Apr-2020 03:15:58 UTC] PHP Fatal error:  Allowed memory size of 268435456 bytes exhausted (tried to allocate 20480 bytes) in /home4/sast/public_html/vendor/laravel/framework/src/Illuminate/Database/Connectors/Connector.php on line 67
[25-Apr-2020 03:15:58 UTC] PHP Fatal error:  Allowed memory size of 268435456 bytes exhausted (tried to allocate 20480 bytes) in /home4/sast/public_html/vendor/laravel/framework/src/Illuminate/Foundation/Bootstrap/HandleExceptions.php on line 122
[02-May-2020 13:31:14 America/Chicago] PHP Warning:  POST Content-Length of 391421109 bytes exceeds the limit of 272629760 bytes in Unknown on line 0
[05-May-2020 06:51:22 UTC] PHP Fatal error:  Allowed memory size of 268435456 bytes exhausted (tried to allocate 36864 bytes) in /home4/sast/public_html/vendor/laravel/framework/src/Illuminate/Database/Connectors/Connector.php on line 67
[05-May-2020 06:51:22 UTC] PHP Fatal error:  Allowed memory size of 268435456 bytes exhausted (tried to allocate 32768 bytes) in /home4/sast/public_html/vendor/symfony/debug/Exception/FatalErrorException.php on line 1
[07-May-2020 06:54:10 UTC] PHP Fatal error:  Allowed memory size of 268435456 bytes exhausted (tried to allocate 20480 bytes) in /home4/sast/public_html/vendor/laravel/framework/src/Illuminate/Database/Connectors/Connector.php on line 67
[07-May-2020 06:54:10 UTC] PHP Fatal error:  Allowed memory size of 268435456 bytes exhausted (tried to allocate 20480 bytes) in /home4/sast/public_html/vendor/laravel/framework/src/Illuminate/Foundation/Bootstrap/HandleExceptions.php on line 122
[07-May-2020 06:54:19 UTC] PHP Fatal error:  Allowed memory size of 268435456 bytes exhausted (tried to allocate 20480 bytes) in /home4/sast/public_html/vendor/laravel/framework/src/Illuminate/Database/Connectors/Connector.php on line 67
[07-May-2020 06:54:19 UTC] PHP Fatal error:  Allowed memory size of 268435456 bytes exhausted (tried to allocate 20480 bytes) in /home4/sast/public_html/vendor/laravel/framework/src/Illuminate/Foundation/Bootstrap/HandleExceptions.php on line 122
[07-May-2020 06:54:32 UTC] PHP Fatal error:  Allowed memory size of 268435456 bytes exhausted (tried to allocate 20480 bytes) in /home4/sast/public_html/vendor/laravel/framework/src/Illuminate/Database/Connectors/Connector.php on line 67
[07-May-2020 06:54:32 UTC] PHP Fatal error:  Allowed memory size of 268435456 bytes exhausted (tried to allocate 20480 bytes) in /home4/sast/public_html/vendor/laravel/framework/src/Illuminate/Foundation/Bootstrap/HandleExceptions.php on line 122
[08-May-2020 02:39:04 UTC] PHP Fatal error:  Allowed memory size of 268435456 bytes exhausted (tried to allocate 50348032 bytes) in /home4/sast/public_html/storage/framework/views/0461ae2a2a7e561feb300eae93798de587775388.php on line 87
[08-May-2020 02:39:04 UTC] PHP Fatal error:  Allowed memory size of 268435456 bytes exhausted (tried to allocate 50495488 bytes) in /home4/sast/public_html/vendor/symfony/http-foundation/Response.php on line 358
[08-May-2020 02:39:04 UTC] PHP Fatal error:  Allowed memory size of 268435456 bytes exhausted (tried to allocate 50331648 bytes) in Unknown on line 0
[08-May-2020 02:39:45 UTC] PHP Fatal error:  Allowed memory size of 268435456 bytes exhausted (tried to allocate 50348032 bytes) in /home4/sast/public_html/storage/framework/views/0461ae2a2a7e561feb300eae93798de587775388.php on line 87
[08-May-2020 02:39:45 UTC] PHP Fatal error:  Allowed memory size of 268435456 bytes exhausted (tried to allocate 50495488 bytes) in /home4/sast/public_html/vendor/symfony/http-foundation/Response.php on line 358
[08-May-2020 02:39:45 UTC] PHP Fatal error:  Allowed memory size of 268435456 bytes exhausted (tried to allocate 50331648 bytes) in Unknown on line 0
[08-May-2020 02:41:59 UTC] PHP Fatal error:  Allowed memory size of 268435456 bytes exhausted (tried to allocate 50348032 bytes) in /home4/sast/public_html/storage/framework/views/0461ae2a2a7e561feb300eae93798de587775388.php on line 87
[08-May-2020 02:41:59 UTC] PHP Fatal error:  Allowed memory size of 268435456 bytes exhausted (tried to allocate 50495488 bytes) in /home4/sast/public_html/vendor/symfony/http-foundation/Response.php on line 358
[08-May-2020 02:41:59 UTC] PHP Fatal error:  Allowed memory size of 268435456 bytes exhausted (tried to allocate 50331648 bytes) in Unknown on line 0
[09-May-2020 07:39:17 UTC] PHP Fatal error:  Allowed memory size of 268435456 bytes exhausted (tried to allocate 20480 bytes) in /home4/sast/public_html/vendor/intervention/image/src/Intervention/Image/Gd/Decoder.php on line 136
[09-May-2020 07:39:18 UTC] PHP Fatal error:  Allowed memory size of 268435456 bytes exhausted (tried to allocate 32768 bytes) in /home4/sast/public_html/vendor/symfony/debug/Exception/FatalErrorException.php on line 1
[09-May-2020 07:44:25 UTC] PHP Fatal error:  Allowed memory size of 268435456 bytes exhausted (tried to allocate 20480 bytes) in /home4/sast/public_html/vendor/intervention/image/src/Intervention/Image/Gd/Decoder.php on line 136
[09-May-2020 07:44:25 UTC] PHP Fatal error:  Allowed memory size of 268435456 bytes exhausted (tried to allocate 32768 bytes) in /home4/sast/public_html/vendor/symfony/debug/Exception/FatalErrorException.php on line 1
[09-May-2020 07:53:35 UTC] PHP Fatal error:  Allowed memory size of 268435456 bytes exhausted (tried to allocate 12288 bytes) in /home4/sast/public_html/vendor/intervention/image/src/Intervention/Image/Gd/Decoder.php on line 136
[09-May-2020 07:53:35 UTC] PHP Fatal error:  Allowed memory size of 268435456 bytes exhausted (tried to allocate 32768 bytes) in /home4/sast/public_html/vendor/symfony/debug/Exception/FatalErrorException.php on line 1
[09-May-2020 07:54:02 UTC] PHP Fatal error:  Allowed memory size of 268435456 bytes exhausted (tried to allocate 12288 bytes) in /home4/sast/public_html/vendor/intervention/image/src/Intervention/Image/Gd/Decoder.php on line 136
[09-May-2020 07:54:02 UTC] PHP Fatal error:  Allowed memory size of 268435456 bytes exhausted (tried to allocate 32768 bytes) in /home4/sast/public_html/vendor/symfony/debug/Exception/FatalErrorException.php on line 1
[09-May-2020 07:54:50 UTC] PHP Fatal error:  Allowed memory size of 268435456 bytes exhausted (tried to allocate 20480 bytes) in /home4/sast/public_html/vendor/intervention/image/src/Intervention/Image/Gd/Decoder.php on line 136
[09-May-2020 07:54:50 UTC] PHP Fatal error:  Allowed memory size of 268435456 bytes exhausted (tried to allocate 32768 bytes) in /home4/sast/public_html/vendor/symfony/debug/Exception/FatalErrorException.php on line 1
[09-May-2020 07:55:33 UTC] PHP Fatal error:  Allowed memory size of 268435456 bytes exhausted (tried to allocate 20480 bytes) in /home4/sast/public_html/vendor/intervention/image/src/Intervention/Image/Gd/Decoder.php on line 136
[09-May-2020 07:55:33 UTC] PHP Fatal error:  Allowed memory size of 268435456 bytes exhausted (tried to allocate 32768 bytes) in /home4/sast/public_html/vendor/symfony/debug/Exception/FatalErrorException.php on line 1
[09-May-2020 07:56:02 UTC] PHP Fatal error:  Allowed memory size of 268435456 bytes exhausted (tried to allocate 12288 bytes) in /home4/sast/public_html/vendor/intervention/image/src/Intervention/Image/Gd/Decoder.php on line 136
[09-May-2020 07:56:02 UTC] PHP Fatal error:  Allowed memory size of 268435456 bytes exhausted (tried to allocate 32768 bytes) in /home4/sast/public_html/vendor/symfony/debug/Exception/FatalErrorException.php on line 1
[09-May-2020 07:56:49 UTC] PHP Fatal error:  Allowed memory size of 268435456 bytes exhausted (tried to allocate 20480 bytes) in /home4/sast/public_html/vendor/intervention/image/src/Intervention/Image/Gd/Decoder.php on line 136
[09-May-2020 07:56:49 UTC] PHP Fatal error:  Allowed memory size of 268435456 bytes exhausted (tried to allocate 32768 bytes) in /home4/sast/public_html/vendor/symfony/debug/Exception/FatalErrorException.php on line 1
[09-May-2020 08:30:12 UTC] PHP Fatal error:  Allowed memory size of 268435456 bytes exhausted (tried to allocate 12288 bytes) in /home4/sast/public_html/vendor/intervention/image/src/Intervention/Image/Gd/Decoder.php on line 136
[09-May-2020 08:30:12 UTC] PHP Fatal error:  Allowed memory size of 268435456 bytes exhausted (tried to allocate 32768 bytes) in /home4/sast/public_html/vendor/symfony/debug/Exception/FatalErrorException.php on line 1
[09-May-2020 08:30:29 UTC] PHP Fatal error:  Allowed memory size of 268435456 bytes exhausted (tried to allocate 12288 bytes) in /home4/sast/public_html/vendor/intervention/image/src/Intervention/Image/Gd/Decoder.php on line 136
[09-May-2020 08:30:29 UTC] PHP Fatal error:  Allowed memory size of 268435456 bytes exhausted (tried to allocate 32768 bytes) in /home4/sast/public_html/vendor/symfony/debug/Exception/FatalErrorException.php on line 1
[09-May-2020 08:30:35 UTC] PHP Fatal error:  Allowed memory size of 268435456 bytes exhausted (tried to allocate 12288 bytes) in /home4/sast/public_html/vendor/intervention/image/src/Intervention/Image/Gd/Decoder.php on line 136
[09-May-2020 08:30:35 UTC] PHP Fatal error:  Allowed memory size of 268435456 bytes exhausted (tried to allocate 32768 bytes) in /home4/sast/public_html/vendor/symfony/debug/Exception/FatalErrorException.php on line 1
[09-May-2020 08:30:41 UTC] PHP Fatal error:  Allowed memory size of 268435456 bytes exhausted (tried to allocate 12288 bytes) in /home4/sast/public_html/vendor/intervention/image/src/Intervention/Image/Gd/Decoder.php on line 136
[09-May-2020 08:30:41 UTC] PHP Fatal error:  Allowed memory size of 268435456 bytes exhausted (tried to allocate 32768 bytes) in /home4/sast/public_html/vendor/symfony/debug/Exception/FatalErrorException.php on line 1
[09-May-2020 08:30:54 UTC] PHP Fatal error:  Allowed memory size of 268435456 bytes exhausted (tried to allocate 12288 bytes) in /home4/sast/public_html/vendor/intervention/image/src/Intervention/Image/Gd/Decoder.php on line 136
[09-May-2020 08:30:54 UTC] PHP Fatal error:  Allowed memory size of 268435456 bytes exhausted (tried to allocate 32768 bytes) in /home4/sast/public_html/vendor/symfony/debug/Exception/FatalErrorException.php on line 1
[09-May-2020 08:31:12 UTC] PHP Fatal error:  Allowed memory size of 268435456 bytes exhausted (tried to allocate 12288 bytes) in /home4/sast/public_html/vendor/intervention/image/src/Intervention/Image/Gd/Decoder.php on line 136
[09-May-2020 08:31:12 UTC] PHP Fatal error:  Allowed memory size of 268435456 bytes exhausted (tried to allocate 32768 bytes) in /home4/sast/public_html/vendor/symfony/debug/Exception/FatalErrorException.php on line 1
[09-May-2020 08:33:06 UTC] PHP Fatal error:  Allowed memory size of 268435456 bytes exhausted (tried to allocate 12288 bytes) in /home4/sast/public_html/vendor/intervention/image/src/Intervention/Image/Gd/Decoder.php on line 136
[09-May-2020 08:33:06 UTC] PHP Fatal error:  Allowed memory size of 268435456 bytes exhausted (tried to allocate 32768 bytes) in /home4/sast/public_html/vendor/symfony/debug/Exception/FatalErrorException.php on line 1
[09-May-2020 08:33:18 UTC] PHP Fatal error:  Allowed memory size of 268435456 bytes exhausted (tried to allocate 12288 bytes) in /home4/sast/public_html/vendor/intervention/image/src/Intervention/Image/Gd/Decoder.php on line 136
[09-May-2020 08:33:18 UTC] PHP Fatal error:  Allowed memory size of 268435456 bytes exhausted (tried to allocate 32768 bytes) in /home4/sast/public_html/vendor/symfony/debug/Exception/FatalErrorException.php on line 1
[09-May-2020 08:34:46 UTC] PHP Fatal error:  Allowed memory size of 268435456 bytes exhausted (tried to allocate 12288 bytes) in /home4/sast/public_html/vendor/intervention/image/src/Intervention/Image/Gd/Decoder.php on line 136
[09-May-2020 08:34:46 UTC] PHP Fatal error:  Allowed memory size of 268435456 bytes exhausted (tried to allocate 32768 bytes) in /home4/sast/public_html/vendor/symfony/debug/Exception/FatalErrorException.php on line 1
[09-May-2020 08:37:13 UTC] PHP Fatal error:  Allowed memory size of 268435456 bytes exhausted (tried to allocate 12288 bytes) in /home4/sast/public_html/vendor/intervention/image/src/Intervention/Image/Gd/Decoder.php on line 136
[09-May-2020 08:37:13 UTC] PHP Fatal error:  Allowed memory size of 268435456 bytes exhausted (tried to allocate 32768 bytes) in /home4/sast/public_html/vendor/symfony/debug/Exception/FatalErrorException.php on line 1
[09-May-2020 08:37:37 UTC] PHP Fatal error:  Allowed memory size of 268435456 bytes exhausted (tried to allocate 12288 bytes) in /home4/sast/public_html/vendor/intervention/image/src/Intervention/Image/Gd/Decoder.php on line 136
[09-May-2020 08:37:37 UTC] PHP Fatal error:  Allowed memory size of 268435456 bytes exhausted (tried to allocate 32768 bytes) in /home4/sast/public_html/vendor/symfony/debug/Exception/FatalErrorException.php on line 1
[09-May-2020 08:37:43 UTC] PHP Fatal error:  Allowed memory size of 268435456 bytes exhausted (tried to allocate 12288 bytes) in /home4/sast/public_html/vendor/intervention/image/src/Intervention/Image/Gd/Decoder.php on line 136
[09-May-2020 08:37:43 UTC] PHP Fatal error:  Allowed memory size of 268435456 bytes exhausted (tried to allocate 32768 bytes) in /home4/sast/public_html/vendor/symfony/debug/Exception/FatalErrorException.php on line 1
[09-May-2020 08:38:15 UTC] PHP Fatal error:  Allowed memory size of 268435456 bytes exhausted (tried to allocate 20480 bytes) in /home4/sast/public_html/vendor/intervention/image/src/Intervention/Image/Gd/Decoder.php on line 136
[09-May-2020 08:38:15 UTC] PHP Fatal error:  Allowed memory size of 268435456 bytes exhausted (tried to allocate 32768 bytes) in /home4/sast/public_html/vendor/symfony/debug/Exception/FatalErrorException.php on line 1
[09-May-2020 08:38:22 UTC] PHP Fatal error:  Allowed memory size of 268435456 bytes exhausted (tried to allocate 12288 bytes) in /home4/sast/public_html/vendor/intervention/image/src/Intervention/Image/Gd/Decoder.php on line 136
[09-May-2020 08:38:22 UTC] PHP Fatal error:  Allowed memory size of 268435456 bytes exhausted (tried to allocate 32768 bytes) in /home4/sast/public_html/vendor/symfony/debug/Exception/FatalErrorException.php on line 1
[09-May-2020 08:39:07 UTC] PHP Fatal error:  Allowed memory size of 268435456 bytes exhausted (tried to allocate 20480 bytes) in /home4/sast/public_html/vendor/intervention/image/src/Intervention/Image/Gd/Decoder.php on line 136
[09-May-2020 08:39:07 UTC] PHP Fatal error:  Allowed memory size of 268435456 bytes exhausted (tried to allocate 32768 bytes) in /home4/sast/public_html/vendor/symfony/debug/Exception/FatalErrorException.php on line 1
[09-May-2020 10:18:42 UTC] PHP Fatal error:  Allowed memory size of 268435456 bytes exhausted (tried to allocate 20480 bytes) in /home4/sast/public_html/vendor/intervention/image/src/Intervention/Image/Gd/Decoder.php on line 136
[09-May-2020 10:18:42 UTC] PHP Fatal error:  Allowed memory size of 268435456 bytes exhausted (tried to allocate 32768 bytes) in /home4/sast/public_html/vendor/symfony/debug/Exception/FatalErrorException.php on line 1
[09-May-2020 10:18:49 UTC] PHP Fatal error:  Allowed memory size of 268435456 bytes exhausted (tried to allocate 20480 bytes) in /home4/sast/public_html/vendor/intervention/image/src/Intervention/Image/Gd/Decoder.php on line 136
[09-May-2020 10:18:49 UTC] PHP Fatal error:  Allowed memory size of 268435456 bytes exhausted (tried to allocate 32768 bytes) in /home4/sast/public_html/vendor/symfony/debug/Exception/FatalErrorException.php on line 1
[09-May-2020 10:19:34 UTC] PHP Fatal error:  Allowed memory size of 268435456 bytes exhausted (tried to allocate 20480 bytes) in /home4/sast/public_html/vendor/intervention/image/src/Intervention/Image/Gd/Decoder.php on line 136
[09-May-2020 10:19:34 UTC] PHP Fatal error:  Allowed memory size of 268435456 bytes exhausted (tried to allocate 32768 bytes) in /home4/sast/public_html/vendor/symfony/debug/Exception/FatalErrorException.php on line 1
[09-May-2020 10:35:58 UTC] PHP Fatal error:  Allowed memory size of 268435456 bytes exhausted (tried to allocate 12288 bytes) in /home4/sast/public_html/vendor/intervention/image/src/Intervention/Image/Gd/Decoder.php on line 136
[09-May-2020 10:35:58 UTC] PHP Fatal error:  Allowed memory size of 268435456 bytes exhausted (tried to allocate 32768 bytes) in /home4/sast/public_html/vendor/symfony/debug/Exception/FatalErrorException.php on line 1
[09-May-2020 10:36:22 UTC] PHP Fatal error:  Allowed memory size of 268435456 bytes exhausted (tried to allocate 12288 bytes) in /home4/sast/public_html/vendor/intervention/image/src/Intervention/Image/Gd/Decoder.php on line 136
[09-May-2020 10:36:22 UTC] PHP Fatal error:  Allowed memory size of 268435456 bytes exhausted (tried to allocate 32768 bytes) in /home4/sast/public_html/vendor/symfony/debug/Exception/FatalErrorException.php on line 1
[09-May-2020 10:37:01 UTC] PHP Fatal error:  Allowed memory size of 268435456 bytes exhausted (tried to allocate 20480 bytes) in /home4/sast/public_html/vendor/intervention/image/src/Intervention/Image/Gd/Decoder.php on line 136
[09-May-2020 10:37:01 UTC] PHP Fatal error:  Allowed memory size of 268435456 bytes exhausted (tried to allocate 32768 bytes) in /home4/sast/public_html/vendor/symfony/debug/Exception/FatalErrorException.php on line 1
[09-May-2020 10:37:13 UTC] PHP Fatal error:  Allowed memory size of 268435456 bytes exhausted (tried to allocate 12288 bytes) in /home4/sast/public_html/vendor/intervention/image/src/Intervention/Image/Gd/Decoder.php on line 136
[09-May-2020 10:37:14 UTC] PHP Fatal error:  Allowed memory size of 268435456 bytes exhausted (tried to allocate 32768 bytes) in /home4/sast/public_html/vendor/symfony/debug/Exception/FatalErrorException.php on line 1
[09-May-2020 10:39:02 UTC] PHP Fatal error:  Allowed memory size of 268435456 bytes exhausted (tried to allocate 12288 bytes) in /home4/sast/public_html/vendor/intervention/image/src/Intervention/Image/Gd/Decoder.php on line 136
[09-May-2020 10:39:02 UTC] PHP Fatal error:  Allowed memory size of 268435456 bytes exhausted (tried to allocate 32768 bytes) in /home4/sast/public_html/vendor/symfony/debug/Exception/FatalErrorException.php on line 1
[09-May-2020 10:39:32 UTC] PHP Fatal error:  Allowed memory size of 268435456 bytes exhausted (tried to allocate 12288 bytes) in /home4/sast/public_html/vendor/intervention/image/src/Intervention/Image/Gd/Decoder.php on line 136
[09-May-2020 10:39:32 UTC] PHP Fatal error:  Allowed memory size of 268435456 bytes exhausted (tried to allocate 32768 bytes) in /home4/sast/public_html/vendor/symfony/debug/Exception/FatalErrorException.php on line 1
[10-May-2020 14:33:28 UTC] PHP Fatal error:  Allowed memory size of 268435456 bytes exhausted (tried to allocate 12288 bytes) in /home4/sast/public_html/vendor/intervention/image/src/Intervention/Image/Gd/Decoder.php on line 136
[10-May-2020 14:33:28 UTC] PHP Fatal error:  Allowed memory size of 268435456 bytes exhausted (tried to allocate 32768 bytes) in /home4/sast/public_html/vendor/symfony/debug/Exception/FatalErrorException.php on line 1
[11-May-2020 08:21:28 UTC] PHP Fatal error:  Allowed memory size of 268435456 bytes exhausted (tried to allocate 20480 bytes) in /home4/sast/public_html/vendor/intervention/image/src/Intervention/Image/Gd/Decoder.php on line 136
[11-May-2020 08:21:29 UTC] PHP Fatal error:  Allowed memory size of 268435456 bytes exhausted (tried to allocate 32768 bytes) in /home4/sast/public_html/vendor/symfony/debug/Exception/FatalErrorException.php on line 1
[11-May-2020 08:53:39 UTC] PHP Fatal error:  Allowed memory size of 268435456 bytes exhausted (tried to allocate 12288 bytes) in /home4/sast/public_html/vendor/intervention/image/src/Intervention/Image/Gd/Decoder.php on line 136
[11-May-2020 08:53:39 UTC] PHP Fatal error:  Allowed memory size of 268435456 bytes exhausted (tried to allocate 32768 bytes) in /home4/sast/public_html/vendor/symfony/debug/Exception/FatalErrorException.php on line 1
[11-May-2020 09:24:56 UTC] PHP Fatal error:  Allowed memory size of 268435456 bytes exhausted (tried to allocate 20480 bytes) in /home4/sast/public_html/vendor/intervention/image/src/Intervention/Image/Gd/Decoder.php on line 136
[11-May-2020 09:24:56 UTC] PHP Fatal error:  Allowed memory size of 268435456 bytes exhausted (tried to allocate 32768 bytes) in /home4/sast/public_html/vendor/symfony/debug/Exception/FatalErrorException.php on line 1
[11-May-2020 09:59:04 UTC] PHP Fatal error:  Allowed memory size of 268435456 bytes exhausted (tried to allocate 12288 bytes) in /home4/sast/public_html/vendor/intervention/image/src/Intervention/Image/Gd/Decoder.php on line 136
[11-May-2020 09:59:04 UTC] PHP Fatal error:  Allowed memory size of 268435456 bytes exhausted (tried to allocate 32768 bytes) in /home4/sast/public_html/vendor/symfony/debug/Exception/FatalErrorException.php on line 1
[11-May-2020 09:59:42 UTC] PHP Fatal error:  Allowed memory size of 268435456 bytes exhausted (tried to allocate 12288 bytes) in /home4/sast/public_html/vendor/intervention/image/src/Intervention/Image/Gd/Decoder.php on line 136
[11-May-2020 09:59:42 UTC] PHP Fatal error:  Allowed memory size of 268435456 bytes exhausted (tried to allocate 32768 bytes) in /home4/sast/public_html/vendor/symfony/debug/Exception/FatalErrorException.php on line 1
[11-May-2020 10:00:10 UTC] PHP Fatal error:  Allowed memory size of 268435456 bytes exhausted (tried to allocate 12288 bytes) in /home4/sast/public_html/vendor/intervention/image/src/Intervention/Image/Gd/Decoder.php on line 136
[11-May-2020 10:00:10 UTC] PHP Fatal error:  Allowed memory size of 268435456 bytes exhausted (tried to allocate 32768 bytes) in /home4/sast/public_html/vendor/symfony/debug/Exception/FatalErrorException.php on line 1
[11-May-2020 10:02:37 UTC] PHP Fatal error:  Allowed memory size of 268435456 bytes exhausted (tried to allocate 12288 bytes) in /home4/sast/public_html/vendor/intervention/image/src/Intervention/Image/Gd/Decoder.php on line 136
[11-May-2020 10:02:37 UTC] PHP Fatal error:  Allowed memory size of 268435456 bytes exhausted (tried to allocate 32768 bytes) in /home4/sast/public_html/vendor/symfony/debug/Exception/FatalErrorException.php on line 1
[11-May-2020 10:02:45 UTC] PHP Fatal error:  Allowed memory size of 268435456 bytes exhausted (tried to allocate 12288 bytes) in /home4/sast/public_html/vendor/intervention/image/src/Intervention/Image/Gd/Decoder.php on line 136
[11-May-2020 10:02:45 UTC] PHP Fatal error:  Allowed memory size of 268435456 bytes exhausted (tried to allocate 32768 bytes) in /home4/sast/public_html/vendor/symfony/debug/Exception/FatalErrorException.php on line 1
[11-May-2020 10:05:11 UTC] PHP Fatal error:  Allowed memory size of 268435456 bytes exhausted (tried to allocate 12288 bytes) in /home4/sast/public_html/vendor/intervention/image/src/Intervention/Image/Gd/Decoder.php on line 136
[11-May-2020 10:05:11 UTC] PHP Fatal error:  Allowed memory size of 268435456 bytes exhausted (tried to allocate 32768 bytes) in /home4/sast/public_html/vendor/symfony/debug/Exception/FatalErrorException.php on line 1
[11-May-2020 10:05:17 UTC] PHP Fatal error:  Allowed memory size of 268435456 bytes exhausted (tried to allocate 12288 bytes) in /home4/sast/public_html/vendor/intervention/image/src/Intervention/Image/Gd/Decoder.php on line 136
[11-May-2020 10:05:17 UTC] PHP Fatal error:  Allowed memory size of 268435456 bytes exhausted (tried to allocate 32768 bytes) in /home4/sast/public_html/vendor/symfony/debug/Exception/FatalErrorException.php on line 1
[11-May-2020 10:05:45 UTC] PHP Fatal error:  Allowed memory size of 268435456 bytes exhausted (tried to allocate 12288 bytes) in /home4/sast/public_html/vendor/intervention/image/src/Intervention/Image/Gd/Decoder.php on line 136
[11-May-2020 10:05:45 UTC] PHP Fatal error:  Allowed memory size of 268435456 bytes exhausted (tried to allocate 32768 bytes) in /home4/sast/public_html/vendor/symfony/debug/Exception/FatalErrorException.php on line 1
[11-May-2020 10:09:14 UTC] PHP Fatal error:  Allowed memory size of 268435456 bytes exhausted (tried to allocate 12288 bytes) in /home4/sast/public_html/vendor/intervention/image/src/Intervention/Image/Gd/Decoder.php on line 136
[11-May-2020 10:09:14 UTC] PHP Fatal error:  Allowed memory size of 268435456 bytes exhausted (tried to allocate 32768 bytes) in /home4/sast/public_html/vendor/symfony/debug/Exception/FatalErrorException.php on line 1
[11-May-2020 10:09:26 UTC] PHP Fatal error:  Allowed memory size of 268435456 bytes exhausted (tried to allocate 12288 bytes) in /home4/sast/public_html/vendor/intervention/image/src/Intervention/Image/Gd/Decoder.php on line 136
[11-May-2020 10:09:26 UTC] PHP Fatal error:  Allowed memory size of 268435456 bytes exhausted (tried to allocate 32768 bytes) in /home4/sast/public_html/vendor/symfony/debug/Exception/FatalErrorException.php on line 1
[11-May-2020 10:22:15 UTC] PHP Fatal error:  Allowed memory size of 268435456 bytes exhausted (tried to allocate 20480 bytes) in /home4/sast/public_html/vendor/intervention/image/src/Intervention/Image/Gd/Decoder.php on line 136
[11-May-2020 10:22:15 UTC] PHP Fatal error:  Allowed memory size of 268435456 bytes exhausted (tried to allocate 32768 bytes) in /home4/sast/public_html/vendor/symfony/debug/Exception/FatalErrorException.php on line 1
[11-May-2020 10:22:18 UTC] PHP Fatal error:  Allowed memory size of 268435456 bytes exhausted (tried to allocate 20480 bytes) in /home4/sast/public_html/vendor/intervention/image/src/Intervention/Image/Gd/Decoder.php on line 136
[11-May-2020 10:22:18 UTC] PHP Fatal error:  Allowed memory size of 268435456 bytes exhausted (tried to allocate 32768 bytes) in /home4/sast/public_html/vendor/symfony/debug/Exception/FatalErrorException.php on line 1
[11-May-2020 10:22:42 UTC] PHP Fatal error:  Allowed memory size of 268435456 bytes exhausted (tried to allocate 12288 bytes) in /home4/sast/public_html/vendor/intervention/image/src/Intervention/Image/Gd/Decoder.php on line 136
[11-May-2020 10:22:42 UTC] PHP Fatal error:  Allowed memory size of 268435456 bytes exhausted (tried to allocate 32768 bytes) in /home4/sast/public_html/vendor/symfony/debug/Exception/FatalErrorException.php on line 1
[11-May-2020 10:22:53 UTC] PHP Fatal error:  Allowed memory size of 268435456 bytes exhausted (tried to allocate 12288 bytes) in /home4/sast/public_html/vendor/intervention/image/src/Intervention/Image/Gd/Decoder.php on line 136
[11-May-2020 10:22:53 UTC] PHP Fatal error:  Allowed memory size of 268435456 bytes exhausted (tried to allocate 32768 bytes) in /home4/sast/public_html/vendor/symfony/debug/Exception/FatalErrorException.php on line 1
[11-May-2020 10:23:02 UTC] PHP Fatal error:  Allowed memory size of 268435456 bytes exhausted (tried to allocate 12288 bytes) in /home4/sast/public_html/vendor/intervention/image/src/Intervention/Image/Gd/Decoder.php on line 136
[11-May-2020 10:23:02 UTC] PHP Fatal error:  Allowed memory size of 268435456 bytes exhausted (tried to allocate 32768 bytes) in /home4/sast/public_html/vendor/symfony/debug/Exception/FatalErrorException.php on line 1
[11-May-2020 10:26:36 UTC] PHP Fatal error:  Allowed memory size of 268435456 bytes exhausted (tried to allocate 12288 bytes) in /home4/sast/public_html/vendor/intervention/image/src/Intervention/Image/Gd/Decoder.php on line 136
[11-May-2020 10:26:36 UTC] PHP Fatal error:  Allowed memory size of 268435456 bytes exhausted (tried to allocate 32768 bytes) in /home4/sast/public_html/vendor/symfony/debug/Exception/FatalErrorException.php on line 1
[11-May-2020 10:39:50 UTC] PHP Fatal error:  Allowed memory size of 268435456 bytes exhausted (tried to allocate 20480 bytes) in /home4/sast/public_html/vendor/intervention/image/src/Intervention/Image/Gd/Decoder.php on line 136
[11-May-2020 10:39:50 UTC] PHP Fatal error:  Allowed memory size of 268435456 bytes exhausted (tried to allocate 32768 bytes) in /home4/sast/public_html/vendor/symfony/debug/Exception/FatalErrorException.php on line 1
[11-May-2020 10:40:03 UTC] PHP Fatal error:  Allowed memory size of 268435456 bytes exhausted (tried to allocate 20480 bytes) in /home4/sast/public_html/vendor/intervention/image/src/Intervention/Image/Gd/Decoder.php on line 136
[11-May-2020 10:40:03 UTC] PHP Fatal error:  Allowed memory size of 268435456 bytes exhausted (tried to allocate 32768 bytes) in /home4/sast/public_html/vendor/symfony/debug/Exception/FatalErrorException.php on line 1
[11-May-2020 10:40:03 UTC] PHP Fatal error:  Allowed memory size of 268435456 bytes exhausted (tried to allocate 20480 bytes) in /home4/sast/public_html/vendor/intervention/image/src/Intervention/Image/Gd/Decoder.php on line 136
[11-May-2020 10:40:03 UTC] PHP Fatal error:  Allowed memory size of 268435456 bytes exhausted (tried to allocate 32768 bytes) in /home4/sast/public_html/vendor/symfony/debug/Exception/FatalErrorException.php on line 1
[11-May-2020 10:40:04 UTC] PHP Fatal error:  Allowed memory size of 268435456 bytes exhausted (tried to allocate 20480 bytes) in /home4/sast/public_html/vendor/intervention/image/src/Intervention/Image/Gd/Decoder.php on line 136
[11-May-2020 10:40:04 UTC] PHP Fatal error:  Allowed memory size of 268435456 bytes exhausted (tried to allocate 32768 bytes) in /home4/sast/public_html/vendor/symfony/debug/Exception/FatalErrorException.php on line 1
[11-May-2020 10:40:07 UTC] PHP Fatal error:  Allowed memory size of 268435456 bytes exhausted (tried to allocate 20480 bytes) in /home4/sast/public_html/vendor/intervention/image/src/Intervention/Image/Gd/Decoder.php on line 136
[11-May-2020 10:40:07 UTC] PHP Fatal error:  Allowed memory size of 268435456 bytes exhausted (tried to allocate 32768 bytes) in /home4/sast/public_html/vendor/symfony/debug/Exception/FatalErrorException.php on line 1
[11-May-2020 10:42:28 UTC] PHP Fatal error:  Allowed memory size of 268435456 bytes exhausted (tried to allocate 20480 bytes) in /home4/sast/public_html/vendor/intervention/image/src/Intervention/Image/Gd/Decoder.php on line 136
[11-May-2020 10:42:28 UTC] PHP Fatal error:  Allowed memory size of 268435456 bytes exhausted (tried to allocate 32768 bytes) in /home4/sast/public_html/vendor/symfony/debug/Exception/FatalErrorException.php on line 1
[11-May-2020 10:42:56 UTC] PHP Fatal error:  Allowed memory size of 268435456 bytes exhausted (tried to allocate 20480 bytes) in /home4/sast/public_html/vendor/intervention/image/src/Intervention/Image/Gd/Decoder.php on line 136
[11-May-2020 10:42:56 UTC] PHP Fatal error:  Allowed memory size of 268435456 bytes exhausted (tried to allocate 32768 bytes) in /home4/sast/public_html/vendor/symfony/debug/Exception/FatalErrorException.php on line 1
[11-May-2020 10:43:41 UTC] PHP Fatal error:  Allowed memory size of 268435456 bytes exhausted (tried to allocate 20480 bytes) in /home4/sast/public_html/vendor/intervention/image/src/Intervention/Image/Gd/Decoder.php on line 136
[11-May-2020 10:43:41 UTC] PHP Fatal error:  Allowed memory size of 268435456 bytes exhausted (tried to allocate 32768 bytes) in /home4/sast/public_html/vendor/symfony/debug/Exception/FatalErrorException.php on line 1
[11-May-2020 11:18:38 UTC] PHP Fatal error:  Allowed memory size of 268435456 bytes exhausted (tried to allocate 20480 bytes) in /home4/sast/public_html/vendor/intervention/image/src/Intervention/Image/Gd/Decoder.php on line 136
[11-May-2020 11:18:38 UTC] PHP Fatal error:  Allowed memory size of 268435456 bytes exhausted (tried to allocate 32768 bytes) in /home4/sast/public_html/vendor/symfony/debug/Exception/FatalErrorException.php on line 1
[11-May-2020 11:27:26 UTC] PHP Fatal error:  Allowed memory size of 268435456 bytes exhausted (tried to allocate 20480 bytes) in /home4/sast/public_html/vendor/intervention/image/src/Intervention/Image/Gd/Decoder.php on line 136
[11-May-2020 11:27:26 UTC] PHP Fatal error:  Allowed memory size of 268435456 bytes exhausted (tried to allocate 32768 bytes) in /home4/sast/public_html/vendor/symfony/debug/Exception/FatalErrorException.php on line 1
[11-May-2020 11:44:16 UTC] PHP Fatal error:  Allowed memory size of 268435456 bytes exhausted (tried to allocate 12288 bytes) in /home4/sast/public_html/vendor/intervention/image/src/Intervention/Image/Gd/Decoder.php on line 136
[11-May-2020 11:44:16 UTC] PHP Fatal error:  Allowed memory size of 268435456 bytes exhausted (tried to allocate 32768 bytes) in /home4/sast/public_html/vendor/symfony/debug/Exception/FatalErrorException.php on line 1
[11-May-2020 11:52:38 UTC] PHP Fatal error:  Allowed memory size of 268435456 bytes exhausted (tried to allocate 12288 bytes) in /home4/sast/public_html/vendor/intervention/image/src/Intervention/Image/Gd/Decoder.php on line 136
[11-May-2020 11:52:38 UTC] PHP Fatal error:  Allowed memory size of 268435456 bytes exhausted (tried to allocate 32768 bytes) in /home4/sast/public_html/vendor/symfony/debug/Exception/FatalErrorException.php on line 1
[11-May-2020 12:09:29 UTC] PHP Fatal error:  Allowed memory size of 268435456 bytes exhausted (tried to allocate 12288 bytes) in /home4/sast/public_html/vendor/intervention/image/src/Intervention/Image/Gd/Decoder.php on line 136
[11-May-2020 12:09:29 UTC] PHP Fatal error:  Allowed memory size of 268435456 bytes exhausted (tried to allocate 32768 bytes) in /home4/sast/public_html/vendor/symfony/debug/Exception/FatalErrorException.php on line 1
[11-May-2020 12:10:39 UTC] PHP Fatal error:  Allowed memory size of 268435456 bytes exhausted (tried to allocate 12288 bytes) in /home4/sast/public_html/vendor/intervention/image/src/Intervention/Image/Gd/Decoder.php on line 136
[11-May-2020 12:10:39 UTC] PHP Fatal error:  Allowed memory size of 268435456 bytes exhausted (tried to allocate 32768 bytes) in /home4/sast/public_html/vendor/symfony/debug/Exception/FatalErrorException.php on line 1
[11-May-2020 12:11:07 UTC] PHP Fatal error:  Allowed memory size of 268435456 bytes exhausted (tried to allocate 12288 bytes) in /home4/sast/public_html/vendor/intervention/image/src/Intervention/Image/Gd/Decoder.php on line 136
[11-May-2020 12:11:07 UTC] PHP Fatal error:  Allowed memory size of 268435456 bytes exhausted (tried to allocate 32768 bytes) in /home4/sast/public_html/vendor/symfony/debug/Exception/FatalErrorException.php on line 1
[11-May-2020 12:23:48 UTC] PHP Fatal error:  Allowed memory size of 268435456 bytes exhausted (tried to allocate 12288 bytes) in /home4/sast/public_html/vendor/intervention/image/src/Intervention/Image/Gd/Decoder.php on line 136
[11-May-2020 12:23:48 UTC] PHP Fatal error:  Allowed memory size of 268435456 bytes exhausted (tried to allocate 32768 bytes) in /home4/sast/public_html/vendor/symfony/debug/Exception/FatalErrorException.php on line 1
[11-May-2020 13:44:45 UTC] PHP Fatal error:  Allowed memory size of 268435456 bytes exhausted (tried to allocate 20480 bytes) in /home4/sast/public_html/vendor/intervention/image/src/Intervention/Image/Gd/Decoder.php on line 136
[11-May-2020 13:44:45 UTC] PHP Fatal error:  Allowed memory size of 268435456 bytes exhausted (tried to allocate 32768 bytes) in /home4/sast/public_html/vendor/symfony/debug/Exception/FatalErrorException.php on line 1
[11-May-2020 15:00:13 UTC] PHP Fatal error:  Allowed memory size of 268435456 bytes exhausted (tried to allocate 12288 bytes) in /home4/sast/public_html/vendor/intervention/image/src/Intervention/Image/Gd/Decoder.php on line 136
[11-May-2020 15:00:13 UTC] PHP Fatal error:  Allowed memory size of 268435456 bytes exhausted (tried to allocate 32768 bytes) in /home4/sast/public_html/vendor/symfony/debug/Exception/FatalErrorException.php on line 1
[11-May-2020 15:22:33 UTC] PHP Fatal error:  Allowed memory size of 268435456 bytes exhausted (tried to allocate 12288 bytes) in /home4/sast/public_html/vendor/intervention/image/src/Intervention/Image/Gd/Decoder.php on line 136
[11-May-2020 15:22:33 UTC] PHP Fatal error:  Allowed memory size of 268435456 bytes exhausted (tried to allocate 32768 bytes) in /home4/sast/public_html/vendor/symfony/debug/Exception/FatalErrorException.php on line 1
[11-May-2020 15:22:48 UTC] PHP Fatal error:  Allowed memory size of 268435456 bytes exhausted (tried to allocate 12288 bytes) in /home4/sast/public_html/vendor/intervention/image/src/Intervention/Image/Gd/Decoder.php on line 136
[11-May-2020 15:22:48 UTC] PHP Fatal error:  Allowed memory size of 268435456 bytes exhausted (tried to allocate 32768 bytes) in /home4/sast/public_html/vendor/symfony/debug/Exception/FatalErrorException.php on line 1
[11-May-2020 15:24:26 UTC] PHP Fatal error:  Allowed memory size of 268435456 bytes exhausted (tried to allocate 12288 bytes) in /home4/sast/public_html/vendor/intervention/image/src/Intervention/Image/Gd/Decoder.php on line 136
[11-May-2020 15:24:26 UTC] PHP Fatal error:  Allowed memory size of 268435456 bytes exhausted (tried to allocate 32768 bytes) in /home4/sast/public_html/vendor/symfony/debug/Exception/FatalErrorException.php on line 1
[11-May-2020 15:24:26 UTC] PHP Fatal error:  Allowed memory size of 268435456 bytes exhausted (tried to allocate 12288 bytes) in /home4/sast/public_html/vendor/intervention/image/src/Intervention/Image/Gd/Decoder.php on line 136
[11-May-2020 15:24:26 UTC] PHP Fatal error:  Allowed memory size of 268435456 bytes exhausted (tried to allocate 32768 bytes) in /home4/sast/public_html/vendor/symfony/debug/Exception/FatalErrorException.php on line 1
[11-May-2020 15:24:33 UTC] PHP Fatal error:  Allowed memory size of 268435456 bytes exhausted (tried to allocate 12288 bytes) in /home4/sast/public_html/vendor/intervention/image/src/Intervention/Image/Gd/Decoder.php on line 136
[11-May-2020 15:24:33 UTC] PHP Fatal error:  Allowed memory size of 268435456 bytes exhausted (tried to allocate 32768 bytes) in /home4/sast/public_html/vendor/symfony/debug/Exception/FatalErrorException.php on line 1
[11-May-2020 15:28:06 UTC] PHP Fatal error:  Allowed memory size of 268435456 bytes exhausted (tried to allocate 12288 bytes) in /home4/sast/public_html/vendor/intervention/image/src/Intervention/Image/Gd/Decoder.php on line 136
[11-May-2020 15:28:06 UTC] PHP Fatal error:  Allowed memory size of 268435456 bytes exhausted (tried to allocate 32768 bytes) in /home4/sast/public_html/vendor/symfony/debug/Exception/FatalErrorException.php on line 1
[11-May-2020 16:10:47 UTC] PHP Fatal error:  Allowed memory size of 268435456 bytes exhausted (tried to allocate 12288 bytes) in /home4/sast/public_html/vendor/intervention/image/src/Intervention/Image/Gd/Decoder.php on line 136
[11-May-2020 16:10:47 UTC] PHP Fatal error:  Allowed memory size of 268435456 bytes exhausted (tried to allocate 32768 bytes) in /home4/sast/public_html/vendor/symfony/debug/Exception/FatalErrorException.php on line 1
[11-May-2020 16:40:57 UTC] PHP Fatal error:  Allowed memory size of 268435456 bytes exhausted (tried to allocate 20480 bytes) in /home4/sast/public_html/vendor/intervention/image/src/Intervention/Image/Gd/Decoder.php on line 136
[11-May-2020 16:40:57 UTC] PHP Fatal error:  Allowed memory size of 268435456 bytes exhausted (tried to allocate 32768 bytes) in /home4/sast/public_html/vendor/symfony/debug/Exception/FatalErrorException.php on line 1
[11-May-2020 16:41:42 UTC] PHP Fatal error:  Allowed memory size of 268435456 bytes exhausted (tried to allocate 20480 bytes) in /home4/sast/public_html/vendor/intervention/image/src/Intervention/Image/Gd/Decoder.php on line 136
[11-May-2020 16:41:42 UTC] PHP Fatal error:  Allowed memory size of 268435456 bytes exhausted (tried to allocate 32768 bytes) in /home4/sast/public_html/vendor/symfony/debug/Exception/FatalErrorException.php on line 1
[11-May-2020 16:48:23 UTC] PHP Fatal error:  Allowed memory size of 268435456 bytes exhausted (tried to allocate 20480 bytes) in /home4/sast/public_html/vendor/intervention/image/src/Intervention/Image/Gd/Decoder.php on line 136
[11-May-2020 16:48:23 UTC] PHP Fatal error:  Allowed memory size of 268435456 bytes exhausted (tried to allocate 32768 bytes) in /home4/sast/public_html/vendor/symfony/debug/Exception/FatalErrorException.php on line 1
[11-May-2020 16:53:18 UTC] PHP Fatal error:  Allowed memory size of 268435456 bytes exhausted (tried to allocate 20480 bytes) in /home4/sast/public_html/vendor/intervention/image/src/Intervention/Image/Gd/Decoder.php on line 136
[11-May-2020 16:53:18 UTC] PHP Fatal error:  Allowed memory size of 268435456 bytes exhausted (tried to allocate 32768 bytes) in /home4/sast/public_html/vendor/symfony/debug/Exception/FatalErrorException.php on line 1
[11-May-2020 17:28:04 UTC] PHP Fatal error:  Allowed memory size of 268435456 bytes exhausted (tried to allocate 20480 bytes) in /home4/sast/public_html/vendor/intervention/image/src/Intervention/Image/Gd/Decoder.php on line 136
[11-May-2020 17:28:04 UTC] PHP Fatal error:  Allowed memory size of 268435456 bytes exhausted (tried to allocate 32768 bytes) in /home4/sast/public_html/vendor/symfony/debug/Exception/FatalErrorException.php on line 1
[11-May-2020 17:31:10 UTC] PHP Fatal error:  Allowed memory size of 268435456 bytes exhausted (tried to allocate 20480 bytes) in /home4/sast/public_html/vendor/intervention/image/src/Intervention/Image/Gd/Decoder.php on line 136
[11-May-2020 17:31:10 UTC] PHP Fatal error:  Allowed memory size of 268435456 bytes exhausted (tried to allocate 32768 bytes) in /home4/sast/public_html/vendor/symfony/debug/Exception/FatalErrorException.php on line 1
[11-May-2020 17:31:30 UTC] PHP Fatal error:  Allowed memory size of 268435456 bytes exhausted (tried to allocate 20480 bytes) in /home4/sast/public_html/vendor/intervention/image/src/Intervention/Image/Gd/Decoder.php on line 136
[11-May-2020 17:31:30 UTC] PHP Fatal error:  Allowed memory size of 268435456 bytes exhausted (tried to allocate 32768 bytes) in /home4/sast/public_html/vendor/symfony/debug/Exception/FatalErrorException.php on line 1
[12-May-2020 08:31:27 UTC] PHP Fatal error:  Allowed memory size of 268435456 bytes exhausted (tried to allocate 12288 bytes) in /home4/sast/public_html/vendor/intervention/image/src/Intervention/Image/Gd/Decoder.php on line 136
[12-May-2020 08:31:27 UTC] PHP Fatal error:  Allowed memory size of 268435456 bytes exhausted (tried to allocate 32768 bytes) in /home4/sast/public_html/vendor/symfony/debug/Exception/FatalErrorException.php on line 1
[12-May-2020 08:33:45 UTC] PHP Fatal error:  Allowed memory size of 268435456 bytes exhausted (tried to allocate 12288 bytes) in /home4/sast/public_html/vendor/intervention/image/src/Intervention/Image/Gd/Decoder.php on line 136
[12-May-2020 08:33:45 UTC] PHP Fatal error:  Allowed memory size of 268435456 bytes exhausted (tried to allocate 32768 bytes) in /home4/sast/public_html/vendor/symfony/debug/Exception/FatalErrorException.php on line 1
[12-May-2020 08:54:29 UTC] PHP Fatal error:  Allowed memory size of 268435456 bytes exhausted (tried to allocate 12288 bytes) in /home4/sast/public_html/vendor/intervention/image/src/Intervention/Image/Gd/Decoder.php on line 136
[12-May-2020 08:54:29 UTC] PHP Fatal error:  Allowed memory size of 268435456 bytes exhausted (tried to allocate 32768 bytes) in /home4/sast/public_html/vendor/symfony/debug/Exception/FatalErrorException.php on line 1
[19-May-2020 15:52:54 UTC] PHP Fatal error:  Allowed memory size of 268435456 bytes exhausted (tried to allocate 20480 bytes) in /home4/sast/public_html/vendor/laravel/framework/src/Illuminate/Database/Connectors/Connector.php on line 67
[19-May-2020 15:52:54 UTC] PHP Fatal error:  Allowed memory size of 268435456 bytes exhausted (tried to allocate 32768 bytes) in /home4/sast/public_html/vendor/symfony/debug/Exception/FatalErrorException.php on line 1
[19-May-2020 15:53:21 UTC] PHP Fatal error:  Allowed memory size of 268435456 bytes exhausted (tried to allocate 20480 bytes) in /home4/sast/public_html/vendor/laravel/framework/src/Illuminate/Database/Connectors/Connector.php on line 67
[19-May-2020 15:53:21 UTC] PHP Fatal error:  Allowed memory size of 268435456 bytes exhausted (tried to allocate 20480 bytes) in /home4/sast/public_html/vendor/laravel/framework/src/Illuminate/Foundation/Bootstrap/HandleExceptions.php on line 122
[29-May-2020 06:46:16 UTC] PHP Fatal error:  Allowed memory size of 268435456 bytes exhausted (tried to allocate 20480 bytes) in /home4/sast/public_html/vendor/laravel/framework/src/Illuminate/Database/Connectors/Connector.php on line 67
[29-May-2020 06:46:16 UTC] PHP Fatal error:  Allowed memory size of 268435456 bytes exhausted (tried to allocate 20480 bytes) in /home4/sast/public_html/vendor/laravel/framework/src/Illuminate/Foundation/Bootstrap/HandleExceptions.php on line 122
[03-Jun-2020 04:20:37 America/Chicago] PHP Warning:  readfile(uploads/kcfinder/upload/file/Sport-Nutrition.pdf): failed to open stream: No such file or directory in /home4/sast/public_html/telecharge.php on line 5
[03-Jun-2020 04:24:38 America/Chicago] PHP Warning:  readfile(uploads/kcfinder/upload/file/Sport-Nutrition.pdf): failed to open stream: No such file or directory in /home4/sast/public_html/telecharge.php on line 5
[03-Jun-2020 04:45:06 America/Chicago] PHP Warning:  readfile(uploads/kcfinder/upload/file/Sport-Nutrition.pdf): failed to open stream: No such file or directory in /home4/sast/public_html/telecharge.php on line 5
[03-Jun-2020 04:45:32 America/Chicago] PHP Warning:  readfile(uploads/kcfinder/upload/file/Sport-Nutrition.pdf): failed to open stream: No such file or directory in /home4/sast/public_html/telecharge.php on line 5
[03-Jun-2020 04:48:23 America/Chicago] PHP Warning:  readfile(uploads/kcfinder/upload/file/Sport-Nutrition.pdf): failed to open stream: No such file or directory in /home4/sast/public_html/telecharge.php on line 5
[03-Jun-2020 04:52:54 America/Chicago] PHP Warning:  readfile(uploads/kcfinder/upload/file/Sport-Nutrition.pdf): failed to open stream: No such file or directory in /home4/sast/public_html/telecharge.php on line 5
[03-Jun-2020 05:28:18 America/Chicago] PHP Warning:  readfile(uploads/kcfinder/upload/file/Sport-Nutrition.pdf): failed to open stream: No such file or directory in /home4/sast/public_html/telecharge.php on line 5
[03-Jun-2020 15:03:43 UTC] PHP Fatal error:  Allowed memory size of 268435456 bytes exhausted (tried to allocate 20480 bytes) in /home4/sast/public_html/vendor/laravel/framework/src/Illuminate/Database/Eloquent/Model.php on line 290
[03-Jun-2020 15:03:43 UTC] PHP Fatal error:  Allowed memory size of 268435456 bytes exhausted (tried to allocate 32768 bytes) in /home4/sast/public_html/vendor/symfony/debug/Exception/FatalErrorException.php on line 1
[03-Jun-2020 15:03:54 UTC] PHP Fatal error:  Allowed memory size of 268435456 bytes exhausted (tried to allocate 20480 bytes) in /home4/sast/public_html/vendor/laravel/framework/src/Illuminate/Database/Eloquent/Model.php on line 290
[03-Jun-2020 15:03:54 UTC] PHP Fatal error:  Allowed memory size of 268435456 bytes exhausted (tried to allocate 32768 bytes) in /home4/sast/public_html/vendor/symfony/debug/Exception/FatalErrorException.php on line 1
[03-Jun-2020 22:54:11 UTC] PHP Fatal error:  Allowed memory size of 268435456 bytes exhausted (tried to allocate 20480 bytes) in /home4/sast/public_html/vendor/laravel/framework/src/Illuminate/Database/Connectors/Connector.php on line 67
[03-Jun-2020 22:54:11 UTC] PHP Fatal error:  Allowed memory size of 268435456 bytes exhausted (tried to allocate 32768 bytes) in /home4/sast/public_html/vendor/symfony/debug/Exception/FatalErrorException.php on line 1
[03-Jun-2020 22:54:48 UTC] PHP Fatal error:  Allowed memory size of 268435456 bytes exhausted (tried to allocate 36864 bytes) in /home4/sast/public_html/vendor/laravel/framework/src/Illuminate/Database/Connectors/Connector.php on line 67
[03-Jun-2020 22:54:48 UTC] PHP Fatal error:  Allowed memory size of 268435456 bytes exhausted (tried to allocate 32768 bytes) in /home4/sast/public_html/vendor/symfony/debug/Exception/FatalErrorException.php on line 1
[03-Jun-2020 22:57:23 UTC] PHP Fatal error:  Allowed memory size of 268435456 bytes exhausted (tried to allocate 20480 bytes) in /home4/sast/public_html/vendor/laravel/framework/src/Illuminate/Database/Connectors/Connector.php on line 67
[03-Jun-2020 22:57:23 UTC] PHP Fatal error:  Allowed memory size of 268435456 bytes exhausted (tried to allocate 32768 bytes) in /home4/sast/public_html/vendor/symfony/debug/Exception/FatalErrorException.php on line 1
[03-Jun-2020 22:57:24 UTC] PHP Fatal error:  Allowed memory size of 268435456 bytes exhausted (tried to allocate 20480 bytes) in /home4/sast/public_html/vendor/laravel/framework/src/Illuminate/Database/Connectors/Connector.php on line 67
[03-Jun-2020 22:57:24 UTC] PHP Fatal error:  Allowed memory size of 268435456 bytes exhausted (tried to allocate 32768 bytes) in /home4/sast/public_html/vendor/symfony/debug/Exception/FatalErrorException.php on line 1
[03-Jun-2020 22:59:18 UTC] PHP Fatal error:  Allowed memory size of 268435456 bytes exhausted (tried to allocate 20480 bytes) in /home4/sast/public_html/vendor/laravel/framework/src/Illuminate/Database/Connectors/Connector.php on line 67
[03-Jun-2020 22:59:18 UTC] PHP Fatal error:  Allowed memory size of 268435456 bytes exhausted (tried to allocate 20480 bytes) in /home4/sast/public_html/vendor/laravel/framework/src/Illuminate/Foundation/Bootstrap/HandleExceptions.php on line 122
[04-Jun-2020 01:41:23 America/Chicago] PHP Warning:  readfile(uploads/kcfinder/upload/file/Sport-Nutrition.pdf): failed to open stream: No such file or directory in /home4/sast/public_html/telecharge.php on line 5
[04-Jun-2020 01:44:52 America/Chicago] PHP Warning:  readfile(uploads/kcfinder/upload/file/Sport-Nutrition.pdf): failed to open stream: No such file or directory in /home4/sast/public_html/telecharge.php on line 5
[04-Jun-2020 20:51:52 America/Chicago] PHP Warning:  readfile(uploads/kcfinder/upload/file/Sport-Nutrition.pdf): failed to open stream: No such file or directory in /home4/sast/public_html/telecharge.php on line 5
[04-Jun-2020 20:51:54 America/Chicago] PHP Warning:  readfile(uploads/kcfinder/upload/file/Sport-Nutrition.pdf): failed to open stream: No such file or directory in /home4/sast/public_html/telecharge.php on line 5
[04-Jun-2020 20:54:03 America/Chicago] PHP Warning:  readfile(uploads/kcfinder/upload/file/Sport-Nutrition.pdf): failed to open stream: No such file or directory in /home4/sast/public_html/telecharge.php on line 5
[05-Jun-2020 02:12:50 America/Chicago] PHP Warning:  readfile(uploads/kcfinder/upload/file/Sport-Nutrition.pdf): failed to open stream: No such file or directory in /home4/sast/public_html/telecharge.php on line 5
[05-Jun-2020 02:13:27 America/Chicago] PHP Warning:  readfile(uploads/kcfinder/upload/file/Sport-Nutrition.pdf): failed to open stream: No such file or directory in /home4/sast/public_html/telecharge.php on line 5
[05-Jun-2020 02:22:05 America/Chicago] PHP Warning:  readfile(uploads/kcfinder/upload/file/Sport-Nutrition.pdf): failed to open stream: No such file or directory in /home4/sast/public_html/telecharge.php on line 5
[05-Jun-2020 02:22:08 America/Chicago] PHP Warning:  readfile(uploads/kcfinder/upload/file/Sport-Nutrition.pdf): failed to open stream: No such file or directory in /home4/sast/public_html/telecharge.php on line 5
[05-Jun-2020 15:55:28 UTC] PHP Fatal error:  Allowed memory size of 268435456 bytes exhausted (tried to allocate 36864 bytes) in /home4/sast/public_html/vendor/laravel/framework/src/Illuminate/Database/Connectors/Connector.php on line 67
[05-Jun-2020 15:55:28 UTC] PHP Fatal error:  Allowed memory size of 268435456 bytes exhausted (tried to allocate 32768 bytes) in /home4/sast/public_html/vendor/symfony/debug/Exception/FatalErrorException.php on line 1
[05-Jun-2020 15:55:44 UTC] PHP Fatal error:  Allowed memory size of 268435456 bytes exhausted (tried to allocate 20480 bytes) in /home4/sast/public_html/vendor/laravel/framework/src/Illuminate/Database/Connectors/Connector.php on line 67
[05-Jun-2020 15:55:44 UTC] PHP Fatal error:  Allowed memory size of 268435456 bytes exhausted (tried to allocate 20480 bytes) in /home4/sast/public_html/vendor/laravel/framework/src/Illuminate/Foundation/Bootstrap/HandleExceptions.php on line 122
[05-Jun-2020 16:02:02 UTC] PHP Fatal error:  Allowed memory size of 268435456 bytes exhausted (tried to allocate 20480 bytes) in /home4/sast/public_html/vendor/laravel/framework/src/Illuminate/Database/Connectors/Connector.php on line 67
[05-Jun-2020 16:02:02 UTC] PHP Fatal error:  Allowed memory size of 268435456 bytes exhausted (tried to allocate 20480 bytes) in /home4/sast/public_html/vendor/laravel/framework/src/Illuminate/Foundation/Bootstrap/HandleExceptions.php on line 122
[08-Jun-2020 10:36:02 UTC] PHP Fatal error:  Allowed memory size of 268435456 bytes exhausted (tried to allocate 20480 bytes) in /home4/sast/public_html/vendor/laravel/framework/src/Illuminate/Database/Eloquent/Model.php on line 290
[08-Jun-2020 10:36:02 UTC] PHP Fatal error:  Allowed memory size of 268435456 bytes exhausted (tried to allocate 32768 bytes) in /home4/sast/public_html/vendor/symfony/debug/Exception/FatalErrorException.php on line 1
[11-Jun-2020 10:32:14 UTC] PHP Fatal error:  Allowed memory size of 268435456 bytes exhausted (tried to allocate 20480 bytes) in /home4/sast/public_html/vendor/laravel/framework/src/Illuminate/Database/Eloquent/Model.php on line 290
[11-Jun-2020 10:32:14 UTC] PHP Fatal error:  Allowed memory size of 268435456 bytes exhausted (tried to allocate 32768 bytes) in /home4/sast/public_html/vendor/symfony/debug/Exception/FatalErrorException.php on line 1
[11-Jun-2020 10:32:22 UTC] PHP Fatal error:  Allowed memory size of 268435456 bytes exhausted (tried to allocate 20480 bytes) in /home4/sast/public_html/vendor/laravel/framework/src/Illuminate/Database/Eloquent/Model.php on line 290
[11-Jun-2020 10:32:22 UTC] PHP Fatal error:  Allowed memory size of 268435456 bytes exhausted (tried to allocate 32768 bytes) in /home4/sast/public_html/vendor/symfony/debug/Exception/FatalErrorException.php on line 1
[11-Jun-2020 10:32:31 UTC] PHP Fatal error:  Allowed memory size of 268435456 bytes exhausted (tried to allocate 20480 bytes) in /home4/sast/public_html/vendor/laravel/framework/src/Illuminate/Database/Eloquent/Model.php on line 290
[11-Jun-2020 10:32:31 UTC] PHP Fatal error:  Allowed memory size of 268435456 bytes exhausted (tried to allocate 32768 bytes) in /home4/sast/public_html/vendor/symfony/debug/Exception/FatalErrorException.php on line 1
[11-Jun-2020 10:33:50 UTC] PHP Fatal error:  Allowed memory size of 268435456 bytes exhausted (tried to allocate 20480 bytes) in /home4/sast/public_html/vendor/laravel/framework/src/Illuminate/Database/Eloquent/Model.php on line 290
[11-Jun-2020 10:33:50 UTC] PHP Fatal error:  Allowed memory size of 268435456 bytes exhausted (tried to allocate 32768 bytes) in /home4/sast/public_html/vendor/symfony/debug/Exception/FatalErrorException.php on line 1
[14-Jun-2020 17:13:17 America/Chicago] PHP Warning:  POST Content-Length of 666407691 bytes exceeds the limit of 272629760 bytes in Unknown on line 0
[14-Jun-2020 17:13:22 America/Chicago] PHP Warning:  POST Content-Length of 666407691 bytes exceeds the limit of 272629760 bytes in Unknown on line 0
[14-Jun-2020 17:13:23 America/Chicago] PHP Warning:  POST Content-Length of 666407691 bytes exceeds the limit of 272629760 bytes in Unknown on line 0
[14-Jun-2020 17:13:23 America/Chicago] PHP Warning:  POST Content-Length of 666407691 bytes exceeds the limit of 272629760 bytes in Unknown on line 0
[14-Jun-2020 17:16:25 America/Chicago] PHP Warning:  POST Content-Length of 666407691 bytes exceeds the limit of 272629760 bytes in Unknown on line 0
[14-Jun-2020 17:16:27 America/Chicago] PHP Warning:  POST Content-Length of 666407691 bytes exceeds the limit of 272629760 bytes in Unknown on line 0
[16-Jun-2020 13:17:45 UTC] PHP Fatal error:  Maximum execution time of 30 seconds exceeded in /home4/sast/public_html/vendor/laravel/framework/src/Illuminate/Database/Connection.php on line 657
[16-Jun-2020 13:53:27 UTC] PHP Fatal error:  Maximum execution time of 30 seconds exceeded in /home4/sast/public_html/vendor/laravel/framework/src/Illuminate/Database/Eloquent/Concerns/HasAttributes.php on line 334
[16-Jun-2020 16:36:58 America/Chicago] PHP Warning:  POST Content-Length of 446103915 bytes exceeds the limit of 272629760 bytes in Unknown on line 0
[16-Jun-2020 16:37:02 America/Chicago] PHP Warning:  POST Content-Length of 446103915 bytes exceeds the limit of 272629760 bytes in Unknown on line 0
[19-Jun-2020 14:17:23 UTC] PHP Fatal error:  Cannot use isset() on the result of an expression (you can use "null !== expression" instead) in /home4/sast/public_html/app/Http/Controllers/Front/CheckoutController.php on line 733
[19-Jun-2020 14:17:37 UTC] PHP Fatal error:  Cannot use isset() on the result of an expression (you can use "null !== expression" instead) in /home4/sast/public_html/app/Http/Controllers/Front/CheckoutController.php on line 733
[19-Jun-2020 14:17:45 UTC] PHP Fatal error:  Cannot use isset() on the result of an expression (you can use "null !== expression" instead) in /home4/sast/public_html/app/Http/Controllers/Front/CheckoutController.php on line 733
[20-Jun-2020 15:09:00 America/Chicago] PHP Warning:  readfile(uploads/kcfinder/upload/file/ ): failed to open stream: No such file or directory in /home4/sast/public_html/telecharge.php on line 6
[21-Jun-2020 06:44:45 UTC] PHP Fatal error:  Allowed memory size of 268435456 bytes exhausted (tried to allocate 20480 bytes) in /home4/sast/public_html/vendor/laravel/framework/src/Illuminate/Database/Connectors/Connector.php on line 67
[21-Jun-2020 06:44:45 UTC] PHP Fatal error:  Allowed memory size of 268435456 bytes exhausted (tried to allocate 32768 bytes) in /home4/sast/public_html/vendor/symfony/debug/Exception/FatalErrorException.php on line 1
[22-Jun-2020 23:43:06 UTC] PHP Fatal error:  Cannot use App\OrderProduct as OrderProduct because the name is already in use in /home4/sast/public_html/app/Http/Controllers/Admin/coursesController.php on line 38
[22-Jun-2020 23:43:08 UTC] PHP Fatal error:  Cannot use App\OrderProduct as OrderProduct because the name is already in use in /home4/sast/public_html/app/Http/Controllers/Admin/coursesController.php on line 38
[22-Jun-2020 23:43:38 UTC] PHP Fatal error:  Cannot use App\OrderProduct as OrderProduct because the name is already in use in /home4/sast/public_html/app/Http/Controllers/Admin/coursesController.php on line 38
[22-Jun-2020 23:43:39 UTC] PHP Fatal error:  Cannot use App\OrderProduct as OrderProduct because the name is already in use in /home4/sast/public_html/app/Http/Controllers/Admin/coursesController.php on line 38
[22-Jun-2020 23:45:38 UTC] PHP Fatal error:  Cannot use App\OrderProduct as OrderProduct because the name is already in use in /home4/sast/public_html/app/Http/Controllers/Admin/coursesController.php on line 38
[22-Jun-2020 23:45:39 UTC] PHP Fatal error:  Cannot use App\OrderProduct as OrderProduct because the name is already in use in /home4/sast/public_html/app/Http/Controllers/Admin/coursesController.php on line 38
[23-Jun-2020 00:29:14 UTC] PHP Fatal error:  Cannot use App\StudentCertificate as StudentCertificate because the name is already in use in /home4/sast/public_html/app/Http/Controllers/Admin/coursesController.php on line 39
[23-Jun-2020 00:29:15 UTC] PHP Fatal error:  Cannot use App\StudentCertificate as StudentCertificate because the name is already in use in /home4/sast/public_html/app/Http/Controllers/Admin/coursesController.php on line 39
[22-Jun-2020 20:21:35 America/Chicago] PHP Warning:  POST Content-Length of 484217211 bytes exceeds the limit of 272629760 bytes in Unknown on line 0
